{"/Users/ramon.jiang/Desktop/Flock/FlockRN/expo-env.d.ts": {"path":"/Users/ramon.jiang/Desktop/Flock/FlockRN/expo-env.d.ts","statementMap":{},"fnMap":{},"branchMap":{},"s":{},"f":{},"b":{}}
,"/Users/ramon.jiang/Desktop/Flock/FlockRN/.expo/types/router.d.ts": {"path":"/Users/ramon.jiang/Desktop/Flock/FlockRN/.expo/types/router.d.ts","statementMap":{},"fnMap":{},"branchMap":{},"s":{},"f":{},"b":{}}
,"/Users/ramon.jiang/Desktop/Flock/FlockRN/app/+not-found.tsx": {"path":"/Users/ramon.jiang/Desktop/Flock/FlockRN/app/+not-found.tsx","statementMap":{"0":{"start":{"line":7,"column":2},"end":{"line":17,"column":4}},"1":{"start":{"line":20,"column":15},"end":{"line":31,"column":2}}},"fnMap":{"0":{"name":"NotFoundScreen","decl":{"start":{"line":6,"column":24},"end":{"line":6,"column":38}},"loc":{"start":{"line":6,"column":41},"end":{"line":18,"column":1}},"line":6}},"branchMap":{},"s":{"0":0,"1":0},"f":{"0":0},"b":{}}
,"/Users/ramon.jiang/Desktop/Flock/FlockRN/app/_layout.tsx": {"path":"/Users/ramon.jiang/Desktop/Flock/FlockRN/app/_layout.tsx","statementMap":{"0":{"start":{"line":16,"column":0},"end":{"line":16,"column":36}},"1":{"start":{"line":19,"column":49},"end":{"line":19,"column":65}},"2":{"start":{"line":20,"column":33},"end":{"line":20,"column":49}},"3":{"start":{"line":21,"column":17},"end":{"line":21,"column":28}},"4":{"start":{"line":22,"column":26},"end":{"line":22,"column":57}},"5":{"start":{"line":23,"column":19},"end":{"line":25,"column":4}},"6":{"start":{"line":27,"column":34},"end":{"line":38,"column":75}},"7":{"start":{"line":28,"column":4},"end":{"line":37,"column":5}},"8":{"start":{"line":30,"column":6},"end":{"line":30,"column":42}},"9":{"start":{"line":31,"column":11},"end":{"line":37,"column":5}},"10":{"start":{"line":33,"column":6},"end":{"line":33,"column":40}},"11":{"start":{"line":36,"column":6},"end":{"line":36,"column":36}},"12":{"start":{"line":40,"column":2},"end":{"line":51,"column":5}},"13":{"start":{"line":41,"column":4},"end":{"line":44,"column":5}},"14":{"start":{"line":42,"column":6},"end":{"line":42,"column":31}},"15":{"start":{"line":43,"column":6},"end":{"line":43,"column":32}},"16":{"start":{"line":53,"column":2},"end":{"line":55,"column":3}},"17":{"start":{"line":54,"column":4},"end":{"line":54,"column":16}},"18":{"start":{"line":57,"column":2},"end":{"line":69,"column":4}},"19":{"start":{"line":72,"column":15},"end":{"line":76,"column":2}},"20":{"start":{"line":79,"column":2},"end":{"line":85,"column":4}}},"fnMap":{"0":{"name":"AppContent","decl":{"start":{"line":18,"column":16},"end":{"line":18,"column":26}},"loc":{"start":{"line":18,"column":29},"end":{"line":70,"column":1}},"line":18},"1":{"name":"(anonymous_1)","decl":{"start":{"line":27,"column":46},"end":{"line":27,"column":47}},"loc":{"start":{"line":27,"column":52},"end":{"line":38,"column":3}},"line":27},"2":{"name":"(anonymous_2)","decl":{"start":{"line":40,"column":12},"end":{"line":40,"column":13}},"loc":{"start":{"line":40,"column":18},"end":{"line":45,"column":3}},"line":40},"3":{"name":"RootLayout","decl":{"start":{"line":78,"column":24},"end":{"line":78,"column":34}},"loc":{"start":{"line":78,"column":37},"end":{"line":86,"column":1}},"line":78}},"branchMap":{"0":{"loc":{"start":{"line":28,"column":4},"end":{"line":37,"column":5}},"type":"if","locations":[{"start":{"line":28,"column":4},"end":{"line":37,"column":5}},{"start":{"line":31,"column":11},"end":{"line":37,"column":5}}],"line":28},"1":{"loc":{"start":{"line":31,"column":11},"end":{"line":37,"column":5}},"type":"if","locations":[{"start":{"line":31,"column":11},"end":{"line":37,"column":5}},{"start":{"line":34,"column":11},"end":{"line":37,"column":5}}],"line":31},"2":{"loc":{"start":{"line":41,"column":4},"end":{"line":44,"column":5}},"type":"if","locations":[{"start":{"line":41,"column":4},"end":{"line":44,"column":5}},{"start":{},"end":{}}],"line":41},"3":{"loc":{"start":{"line":41,"column":8},"end":{"line":41,"column":32}},"type":"binary-expr","locations":[{"start":{"line":41,"column":8},"end":{"line":41,"column":14}},{"start":{"line":41,"column":18},"end":{"line":41,"column":32}}],"line":41},"4":{"loc":{"start":{"line":53,"column":2},"end":{"line":55,"column":3}},"type":"if","locations":[{"start":{"line":53,"column":2},"end":{"line":55,"column":3}},{"start":{},"end":{}}],"line":53},"5":{"loc":{"start":{"line":53,"column":6},"end":{"line":53,"column":30}},"type":"binary-expr","locations":[{"start":{"line":53,"column":6},"end":{"line":53,"column":13}},{"start":{"line":53,"column":17},"end":{"line":53,"column":30}}],"line":53}},"s":{"0":0,"1":0,"2":0,"3":0,"4":0,"5":0,"6":0,"7":0,"8":0,"9":0,"10":0,"11":0,"12":0,"13":0,"14":0,"15":0,"16":0,"17":0,"18":0,"19":0,"20":0},"f":{"0":0,"1":0,"2":0,"3":0},"b":{"0":[0,0],"1":[0,0],"2":[0,0],"3":[0,0],"4":[0,0],"5":[0,0]}}
,"/Users/ramon.jiang/Desktop/Flock/FlockRN/app/about.tsx": {"path":"/Users/ramon.jiang/Desktop/Flock/FlockRN/app/about.tsx","statementMap":{"0":{"start":{"line":5,"column":2},"end":{"line":9,"column":4}},"1":{"start":{"line":12,"column":15},"end":{"line":22,"column":2}}},"fnMap":{"0":{"name":"AboutScreen","decl":{"start":{"line":4,"column":24},"end":{"line":4,"column":35}},"loc":{"start":{"line":4,"column":38},"end":{"line":10,"column":1}},"line":4}},"branchMap":{},"s":{"0":0,"1":0},"f":{"0":0},"b":{}}
,"/Users/ramon.jiang/Desktop/Flock/FlockRN/app/(tabs)/_layout.tsx": {"path":"/Users/ramon.jiang/Desktop/Flock/FlockRN/app/(tabs)/_layout.tsx","statementMap":{"0":{"start":{"line":10,"column":22},"end":{"line":10,"column":49}},"1":{"start":{"line":11,"column":26},"end":{"line":11,"column":57}},"2":{"start":{"line":13,"column":2},"end":{"line":72,"column":4}},"3":{"start":{"line":40,"column":12},"end":{"line":40,"column":66}},"4":{"start":{"line":67,"column":12},"end":{"line":67,"column":76}}},"fnMap":{"0":{"name":"TabLayout","decl":{"start":{"line":9,"column":24},"end":{"line":9,"column":33}},"loc":{"start":{"line":9,"column":36},"end":{"line":73,"column":1}},"line":9},"1":{"name":"(anonymous_1)","decl":{"start":{"line":39,"column":22},"end":{"line":39,"column":23}},"loc":{"start":{"line":40,"column":12},"end":{"line":40,"column":66}},"line":40},"2":{"name":"(anonymous_2)","decl":{"start":{"line":66,"column":22},"end":{"line":66,"column":23}},"loc":{"start":{"line":67,"column":12},"end":{"line":67,"column":76}},"line":67}},"branchMap":{"0":{"loc":{"start":{"line":10,"column":22},"end":{"line":10,"column":49}},"type":"binary-expr","locations":[{"start":{"line":10,"column":22},"end":{"line":10,"column":38}},{"start":{"line":10,"column":42},"end":{"line":10,"column":49}}],"line":10}},"s":{"0":0,"1":0,"2":0,"3":0,"4":0},"f":{"0":0,"1":0,"2":0},"b":{"0":[0,0]}}
,"/Users/ramon.jiang/Desktop/Flock/FlockRN/app/(tabs)/account.tsx": {"path":"/Users/ramon.jiang/Desktop/Flock/FlockRN/app/(tabs)/account.tsx","statementMap":{"0":{"start":{"line":14,"column":28},"end":{"line":14,"column":37}},"1":{"start":{"line":15,"column":55},"end":{"line":15,"column":71}},"2":{"start":{"line":17,"column":36},"end":{"line":21,"column":3}},"3":{"start":{"line":18,"column":25},"end":{"line":18,"column":46}},"4":{"start":{"line":19,"column":4},"end":{"line":19,"column":45}},"5":{"start":{"line":20,"column":4},"end":{"line":20,"column":41}},"6":{"start":{"line":23,"column":26},"end":{"line":30,"column":3}},"7":{"start":{"line":24,"column":4},"end":{"line":29,"column":5}},"8":{"start":{"line":25,"column":6},"end":{"line":25,"column":33}},"9":{"start":{"line":26,"column":6},"end":{"line":26,"column":72}},"10":{"start":{"line":28,"column":6},"end":{"line":28,"column":65}},"11":{"start":{"line":32,"column":2},"end":{"line":61,"column":4}},"12":{"start":{"line":40,"column":10},"end":{"line":49,"column":21}},"13":{"start":{"line":46,"column":35},"end":{"line":46,"column":71}},"14":{"start":{"line":55,"column":12},"end":{"line":55,"column":32}},"15":{"start":{"line":56,"column":12},"end":{"line":56,"column":42}},"16":{"start":{"line":64,"column":15},"end":{"line":78,"column":2}}},"fnMap":{"0":{"name":"TabTwoScreen","decl":{"start":{"line":13,"column":24},"end":{"line":13,"column":36}},"loc":{"start":{"line":13,"column":39},"end":{"line":62,"column":1}},"line":13},"1":{"name":"(anonymous_1)","decl":{"start":{"line":17,"column":36},"end":{"line":17,"column":37}},"loc":{"start":{"line":17,"column":68},"end":{"line":21,"column":3}},"line":17},"2":{"name":"(anonymous_2)","decl":{"start":{"line":23,"column":26},"end":{"line":23,"column":27}},"loc":{"start":{"line":23,"column":38},"end":{"line":30,"column":3}},"line":23},"3":{"name":"(anonymous_3)","decl":{"start":{"line":39,"column":63},"end":{"line":39,"column":64}},"loc":{"start":{"line":40,"column":10},"end":{"line":49,"column":21}},"line":40},"4":{"name":"(anonymous_4)","decl":{"start":{"line":46,"column":29},"end":{"line":46,"column":30}},"loc":{"start":{"line":46,"column":35},"end":{"line":46,"column":71}},"line":46},"5":{"name":"(anonymous_5)","decl":{"start":{"line":54,"column":19},"end":{"line":54,"column":20}},"loc":{"start":{"line":54,"column":31},"end":{"line":57,"column":11}},"line":54}},"branchMap":{"0":{"loc":{"start":{"line":44,"column":26},"end":{"line":44,"column":75}},"type":"cond-expr","locations":[{"start":{"line":44,"column":54},"end":{"line":44,"column":63}},{"start":{"line":44,"column":66},"end":{"line":44,"column":75}}],"line":44},"1":{"loc":{"start":{"line":47,"column":21},"end":{"line":47,"column":55}},"type":"binary-expr","locations":[{"start":{"line":47,"column":21},"end":{"line":47,"column":46}},{"start":{"line":47,"column":50},"end":{"line":47,"column":55}}],"line":47}},"s":{"0":0,"1":0,"2":0,"3":0,"4":0,"5":0,"6":0,"7":0,"8":0,"9":0,"10":0,"11":0,"12":0,"13":0,"14":0,"15":0,"16":0},"f":{"0":0,"1":0,"2":0,"3":0,"4":0,"5":0},"b":{"0":[0,0],"1":[0,0]}}
,"/Users/ramon.jiang/Desktop/Flock/FlockRN/app/(tabs)/(prayers)/_layout.tsx": {"path":"/Users/ramon.jiang/Desktop/Flock/FlockRN/app/(tabs)/(prayers)/_layout.tsx","statementMap":{"0":{"start":{"line":6,"column":2},"end":{"line":62,"column":4}}},"fnMap":{"0":{"name":"prayers","decl":{"start":{"line":5,"column":24},"end":{"line":5,"column":31}},"loc":{"start":{"line":5,"column":34},"end":{"line":63,"column":1}},"line":5}},"branchMap":{},"s":{"0":0},"f":{"0":0},"b":{}}
,"/Users/ramon.jiang/Desktop/Flock/FlockRN/app/(tabs)/(prayers)/index.tsx": {"path":"/Users/ramon.jiang/Desktop/Flock/FlockRN/app/(tabs)/(prayers)/index.tsx","statementMap":{"0":{"start":{"line":24,"column":6},"end":{"line":24,"column":27}},"1":{"start":{"line":26,"column":40},"end":{"line":26,"column":73}},"2":{"start":{"line":28,"column":2},"end":{"line":28,"column":26}},"3":{"start":{"line":30,"column":2},"end":{"line":88,"column":4}},"4":{"start":{"line":48,"column":14},"end":{"line":48,"column":74}},"5":{"start":{"line":54,"column":16},"end":{"line":58,"column":18}},"6":{"start":{"line":65,"column":16},"end":{"line":69,"column":18}},"7":{"start":{"line":91,"column":15},"end":{"line":102,"column":2}}},"fnMap":{"0":{"name":"TabTwoScreen","decl":{"start":{"line":16,"column":24},"end":{"line":16,"column":36}},"loc":{"start":{"line":16,"column":39},"end":{"line":89,"column":1}},"line":16},"1":{"name":"(anonymous_1)","decl":{"start":{"line":47,"column":22},"end":{"line":47,"column":23}},"loc":{"start":{"line":48,"column":14},"end":{"line":48,"column":74}},"line":48},"2":{"name":"(anonymous_2)","decl":{"start":{"line":53,"column":44},"end":{"line":53,"column":45}},"loc":{"start":{"line":54,"column":16},"end":{"line":58,"column":18}},"line":54},"3":{"name":"(anonymous_3)","decl":{"start":{"line":64,"column":39},"end":{"line":64,"column":40}},"loc":{"start":{"line":65,"column":16},"end":{"line":69,"column":18}},"line":65}},"branchMap":{"0":{"loc":{"start":{"line":38,"column":35},"end":{"line":38,"column":95}},"type":"cond-expr","locations":[{"start":{"line":38,"column":68},"end":{"line":38,"column":83}},{"start":{"line":38,"column":86},"end":{"line":38,"column":95}}],"line":38},"1":{"loc":{"start":{"line":46,"column":27},"end":{"line":46,"column":65}},"type":"cond-expr","locations":[{"start":{"line":46,"column":60},"end":{"line":46,"column":61}},{"start":{"line":46,"column":64},"end":{"line":46,"column":65}}],"line":46},"2":{"loc":{"start":{"line":48,"column":29},"end":{"line":48,"column":73}},"type":"cond-expr","locations":[{"start":{"line":48,"column":43},"end":{"line":48,"column":57}},{"start":{"line":48,"column":60},"end":{"line":48,"column":73}}],"line":48},"3":{"loc":{"start":{"line":51,"column":11},"end":{"line":61,"column":11}},"type":"binary-expr","locations":[{"start":{"line":51,"column":11},"end":{"line":51,"column":41}},{"start":{"line":52,"column":12},"end":{"line":60,"column":31}}],"line":51},"4":{"loc":{"start":{"line":62,"column":11},"end":{"line":72,"column":11}},"type":"binary-expr","locations":[{"start":{"line":62,"column":11},"end":{"line":62,"column":40}},{"start":{"line":63,"column":12},"end":{"line":71,"column":31}}],"line":62}},"s":{"0":0,"1":0,"2":0,"3":0,"4":0,"5":0,"6":0,"7":0},"f":{"0":0,"1":0,"2":0,"3":0},"b":{"0":[0,0],"1":[0,0],"2":[0,0],"3":[0,0],"4":[0,0]}}
,"/Users/ramon.jiang/Desktop/Flock/FlockRN/app/(tabs)/(prayers)/prayerPointView.tsx": {"path":"/Users/ramon.jiang/Desktop/Flock/FlockRN/app/(tabs)/(prayers)/prayerPointView.tsx","statementMap":{"0":{"start":{"line":27,"column":24},"end":{"line":222,"column":1}},"1":{"start":{"line":28,"column":32},"end":{"line":30,"column":3}},"2":{"start":{"line":33,"column":4},"end":{"line":33,"column":25}},"3":{"start":{"line":37,"column":4},"end":{"line":37,"column":64}},"4":{"start":{"line":37,"column":33},"end":{"line":37,"column":55}},"5":{"start":{"line":39,"column":15},"end":{"line":39,"column":36}},"6":{"start":{"line":40,"column":28},"end":{"line":40,"column":57}},"7":{"start":{"line":41,"column":38},"end":{"line":41,"column":62}},"8":{"start":{"line":42,"column":38},"end":{"line":42,"column":62}},"9":{"start":{"line":43,"column":26},"end":{"line":43,"column":66}},"10":{"start":{"line":44,"column":20},"end":{"line":44,"column":52}},"11":{"start":{"line":45,"column":18},"end":{"line":45,"column":74}},"12":{"start":{"line":46,"column":24},"end":{"line":46,"column":48}},"13":{"start":{"line":48,"column":27},"end":{"line":61,"column":39}},"14":{"start":{"line":49,"column":4},"end":{"line":60,"column":5}},"15":{"start":{"line":51,"column":8},"end":{"line":51,"column":62}},"16":{"start":{"line":52,"column":6},"end":{"line":54,"column":7}},"17":{"start":{"line":53,"column":8},"end":{"line":53,"column":55}},"18":{"start":{"line":56,"column":6},"end":{"line":56,"column":25}},"19":{"start":{"line":57,"column":6},"end":{"line":57,"column":65}},"20":{"start":{"line":59,"column":6},"end":{"line":59,"column":27}},"21":{"start":{"line":63,"column":20},"end":{"line":66,"column":3}},"22":{"start":{"line":64,"column":4},"end":{"line":64,"column":24}},"23":{"start":{"line":65,"column":4},"end":{"line":65,"column":23}},"24":{"start":{"line":68,"column":2},"end":{"line":70,"column":9}},"25":{"start":{"line":69,"column":4},"end":{"line":69,"column":59}},"26":{"start":{"line":72,"column":21},"end":{"line":90,"column":3}},"27":{"start":{"line":73,"column":4},"end":{"line":73,"column":29}},"28":{"start":{"line":73,"column":22},"end":{"line":73,"column":29}},"29":{"start":{"line":75,"column":4},"end":{"line":75,"column":67}},"30":{"start":{"line":77,"column":4},"end":{"line":89,"column":5}},"31":{"start":{"line":79,"column":6},"end":{"line":85,"column":9}},"32":{"start":{"line":87,"column":6},"end":{"line":87,"column":63}},"33":{"start":{"line":88,"column":6},"end":{"line":88,"column":64}},"34":{"start":{"line":92,"column":23},"end":{"line":135,"column":3}},"35":{"start":{"line":93,"column":4},"end":{"line":93,"column":55}},"36":{"start":{"line":93,"column":48},"end":{"line":93,"column":55}},"37":{"start":{"line":96,"column":4},"end":{"line":134,"column":6}},"38":{"start":{"line":108,"column":12},"end":{"line":108,"column":32}},"39":{"start":{"line":109,"column":12},"end":{"line":130,"column":13}},"40":{"start":{"line":110,"column":14},"end":{"line":113,"column":16}},"41":{"start":{"line":116,"column":14},"end":{"line":118,"column":15}},"42":{"start":{"line":117,"column":16},"end":{"line":117,"column":67}},"43":{"start":{"line":120,"column":14},"end":{"line":120,"column":74}},"44":{"start":{"line":121,"column":14},"end":{"line":121,"column":28}},"45":{"start":{"line":123,"column":14},"end":{"line":123,"column":67}},"46":{"start":{"line":124,"column":14},"end":{"line":127,"column":16}},"47":{"start":{"line":129,"column":14},"end":{"line":129,"column":35}},"48":{"start":{"line":137,"column":24},"end":{"line":153,"column":6}},"49":{"start":{"line":138,"column":4},"end":{"line":138,"column":55}},"50":{"start":{"line":138,"column":33},"end":{"line":138,"column":55}},"51":{"start":{"line":141,"column":6},"end":{"line":146,"column":43}},"52":{"start":{"line":148,"column":4},"end":{"line":152,"column":7}},"53":{"start":{"line":155,"column":2},"end":{"line":221,"column":4}},"54":{"start":{"line":185,"column":18},"end":{"line":185,"column":79}},"55":{"start":{"line":224,"column":15},"end":{"line":268,"column":2}}},"fnMap":{"0":{"name":"(anonymous_0)","decl":{"start":{"line":27,"column":24},"end":{"line":27,"column":25}},"loc":{"start":{"line":27,"column":30},"end":{"line":222,"column":1}},"line":27},"1":{"name":"(anonymous_1)","decl":{"start":{"line":37,"column":26},"end":{"line":37,"column":27}},"loc":{"start":{"line":37,"column":33},"end":{"line":37,"column":55}},"line":37},"2":{"name":"(anonymous_2)","decl":{"start":{"line":48,"column":39},"end":{"line":48,"column":40}},"loc":{"start":{"line":48,"column":51},"end":{"line":61,"column":3}},"line":48},"3":{"name":"(anonymous_3)","decl":{"start":{"line":63,"column":20},"end":{"line":63,"column":21}},"loc":{"start":{"line":63,"column":26},"end":{"line":66,"column":3}},"line":63},"4":{"name":"(anonymous_4)","decl":{"start":{"line":68,"column":12},"end":{"line":68,"column":13}},"loc":{"start":{"line":68,"column":18},"end":{"line":70,"column":3}},"line":68},"5":{"name":"(anonymous_5)","decl":{"start":{"line":72,"column":21},"end":{"line":72,"column":22}},"loc":{"start":{"line":72,"column":27},"end":{"line":90,"column":3}},"line":72},"6":{"name":"(anonymous_6)","decl":{"start":{"line":92,"column":23},"end":{"line":92,"column":24}},"loc":{"start":{"line":92,"column":29},"end":{"line":135,"column":3}},"line":92},"7":{"name":"(anonymous_7)","decl":{"start":{"line":107,"column":19},"end":{"line":107,"column":20}},"loc":{"start":{"line":107,"column":31},"end":{"line":131,"column":11}},"line":107},"8":{"name":"(anonymous_8)","decl":{"start":{"line":137,"column":25},"end":{"line":137,"column":26}},"loc":{"start":{"line":137,"column":31},"end":{"line":153,"column":3}},"line":137},"9":{"name":"(anonymous_9)","decl":{"start":{"line":184,"column":29},"end":{"line":184,"column":30}},"loc":{"start":{"line":185,"column":18},"end":{"line":185,"column":79}},"line":185}},"branchMap":{"0":{"loc":{"start":{"line":37,"column":4},"end":{"line":37,"column":64}},"type":"binary-expr","locations":[{"start":{"line":37,"column":4},"end":{"line":37,"column":56}},{"start":{"line":37,"column":60},"end":{"line":37,"column":64}}],"line":37},"1":{"loc":{"start":{"line":45,"column":18},"end":{"line":45,"column":74}},"type":"binary-expr","locations":[{"start":{"line":45,"column":18},"end":{"line":45,"column":29}},{"start":{"line":45,"column":33},"end":{"line":45,"column":37}},{"start":{"line":45,"column":41},"end":{"line":45,"column":74}}],"line":45},"2":{"loc":{"start":{"line":52,"column":6},"end":{"line":54,"column":7}},"type":"if","locations":[{"start":{"line":52,"column":6},"end":{"line":54,"column":7}},{"start":{},"end":{}}],"line":52},"3":{"loc":{"start":{"line":73,"column":4},"end":{"line":73,"column":29}},"type":"if","locations":[{"start":{"line":73,"column":4},"end":{"line":73,"column":29}},{"start":{},"end":{}}],"line":73},"4":{"loc":{"start":{"line":93,"column":4},"end":{"line":93,"column":55}},"type":"if","locations":[{"start":{"line":93,"column":4},"end":{"line":93,"column":55}},{"start":{},"end":{}}],"line":93},"5":{"loc":{"start":{"line":93,"column":8},"end":{"line":93,"column":46}},"type":"binary-expr","locations":[{"start":{"line":93,"column":8},"end":{"line":93,"column":20}},{"start":{"line":93,"column":24},"end":{"line":93,"column":46}}],"line":93},"6":{"loc":{"start":{"line":116,"column":14},"end":{"line":118,"column":15}},"type":"if","locations":[{"start":{"line":116,"column":14},"end":{"line":118,"column":15}},{"start":{},"end":{}}],"line":116},"7":{"loc":{"start":{"line":138,"column":4},"end":{"line":138,"column":55}},"type":"if","locations":[{"start":{"line":138,"column":4},"end":{"line":138,"column":55}},{"start":{},"end":{}}],"line":138},"8":{"loc":{"start":{"line":141,"column":6},"end":{"line":146,"column":43}},"type":"cond-expr","locations":[{"start":{"line":142,"column":10},"end":{"line":142,"column":31}},{"start":{"line":143,"column":10},"end":{"line":146,"column":43}}],"line":141},"9":{"loc":{"start":{"line":143,"column":10},"end":{"line":146,"column":43}},"type":"cond-expr","locations":[{"start":{"line":145,"column":12},"end":{"line":145,"column":58}},{"start":{"line":146,"column":12},"end":{"line":146,"column":43}}],"line":143},"10":{"loc":{"start":{"line":143,"column":10},"end":{"line":144,"column":44}},"type":"binary-expr","locations":[{"start":{"line":143,"column":10},"end":{"line":143,"column":51}},{"start":{"line":144,"column":10},"end":{"line":144,"column":44}}],"line":143},"11":{"loc":{"start":{"line":167,"column":9},"end":{"line":209,"column":9}},"type":"cond-expr","locations":[{"start":{"line":168,"column":10},"end":{"line":171,"column":12}},{"start":{"line":172,"column":12},"end":{"line":209,"column":9}}],"line":167},"12":{"loc":{"start":{"line":172,"column":12},"end":{"line":209,"column":9}},"type":"cond-expr","locations":[{"start":{"line":173,"column":10},"end":{"line":179,"column":13}},{"start":{"line":180,"column":12},"end":{"line":209,"column":9}}],"line":172},"13":{"loc":{"start":{"line":180,"column":12},"end":{"line":209,"column":9}},"type":"cond-expr","locations":[{"start":{"line":181,"column":10},"end":{"line":201,"column":13}},{"start":{"line":203,"column":10},"end":{"line":208,"column":17}}],"line":180},"14":{"loc":{"start":{"line":185,"column":18},"end":{"line":185,"column":79}},"type":"binary-expr","locations":[{"start":{"line":185,"column":18},"end":{"line":185,"column":25}},{"start":{"line":185,"column":29},"end":{"line":185,"column":79}}],"line":185},"15":{"loc":{"start":{"line":213,"column":7},"end":{"line":219,"column":7}},"type":"binary-expr","locations":[{"start":{"line":213,"column":7},"end":{"line":213,"column":13}},{"start":{"line":213,"column":17},"end":{"line":213,"column":28}},{"start":{"line":213,"column":32},"end":{"line":213,"column":39}},{"start":{"line":214,"column":8},"end":{"line":218,"column":27}}],"line":213}},"s":{"0":0,"1":0,"2":0,"3":0,"4":0,"5":0,"6":0,"7":0,"8":0,"9":0,"10":0,"11":0,"12":0,"13":0,"14":0,"15":0,"16":0,"17":0,"18":0,"19":0,"20":0,"21":0,"22":0,"23":0,"24":0,"25":0,"26":0,"27":0,"28":0,"29":0,"30":0,"31":0,"32":0,"33":0,"34":0,"35":0,"36":0,"37":0,"38":0,"39":0,"40":0,"41":0,"42":0,"43":0,"44":0,"45":0,"46":0,"47":0,"48":0,"49":0,"50":0,"51":0,"52":0,"53":0,"54":0,"55":0},"f":{"0":0,"1":0,"2":0,"3":0,"4":0,"5":0,"6":0,"7":0,"8":0,"9":0},"b":{"0":[0,0],"1":[0,0,0],"2":[0,0],"3":[0,0],"4":[0,0],"5":[0,0],"6":[0,0],"7":[0,0],"8":[0,0],"9":[0,0],"10":[0,0],"11":[0,0],"12":[0,0],"13":[0,0],"14":[0,0],"15":[0,0,0,0]}}
,"/Users/ramon.jiang/Desktop/Flock/FlockRN/app/(tabs)/(prayers)/prayerView.tsx": {"path":"/Users/ramon.jiang/Desktop/Flock/FlockRN/app/(tabs)/(prayers)/prayerView.tsx","statementMap":{"0":{"start":{"line":20,"column":19},"end":{"line":141,"column":1}},"1":{"start":{"line":21,"column":17},"end":{"line":23,"column":6}},"2":{"start":{"line":25,"column":44},"end":{"line":25,"column":65}},"3":{"start":{"line":27,"column":42},"end":{"line":27,"column":69}},"4":{"start":{"line":30,"column":17},"end":{"line":30,"column":63}},"5":{"start":{"line":30,"column":46},"end":{"line":30,"column":62}},"6":{"start":{"line":32,"column":15},"end":{"line":32,"column":36}},"7":{"start":{"line":33,"column":28},"end":{"line":33,"column":57}},"8":{"start":{"line":34,"column":38},"end":{"line":34,"column":62}},"9":{"start":{"line":35,"column":22},"end":{"line":35,"column":62}},"10":{"start":{"line":36,"column":18},"end":{"line":36,"column":64}},"11":{"start":{"line":37,"column":24},"end":{"line":37,"column":48}},"12":{"start":{"line":39,"column":22},"end":{"line":51,"column":28}},"13":{"start":{"line":40,"column":4},"end":{"line":50,"column":5}},"14":{"start":{"line":41,"column":28},"end":{"line":41,"column":61}},"15":{"start":{"line":42,"column":6},"end":{"line":44,"column":7}},"16":{"start":{"line":43,"column":8},"end":{"line":43,"column":50}},"17":{"start":{"line":46,"column":6},"end":{"line":46,"column":25}},"18":{"start":{"line":47,"column":6},"end":{"line":47,"column":65}},"19":{"start":{"line":49,"column":6},"end":{"line":49,"column":27}},"20":{"start":{"line":53,"column":28},"end":{"line":71,"column":73}},"21":{"start":{"line":54,"column":4},"end":{"line":70,"column":5}},"22":{"start":{"line":55,"column":6},"end":{"line":64,"column":7}},"23":{"start":{"line":56,"column":36},"end":{"line":59,"column":9}},"24":{"start":{"line":60,"column":8},"end":{"line":60,"column":51}},"25":{"start":{"line":61,"column":8},"end":{"line":63,"column":10}},"26":{"start":{"line":62,"column":10},"end":{"line":62,"column":54}},"27":{"start":{"line":66,"column":6},"end":{"line":66,"column":25}},"28":{"start":{"line":67,"column":6},"end":{"line":67,"column":72}},"29":{"start":{"line":69,"column":6},"end":{"line":69,"column":27}},"30":{"start":{"line":73,"column":2},"end":{"line":75,"column":30}},"31":{"start":{"line":74,"column":4},"end":{"line":74,"column":24}},"32":{"start":{"line":77,"column":20},"end":{"line":81,"column":3}},"33":{"start":{"line":78,"column":4},"end":{"line":78,"column":24}},"34":{"start":{"line":79,"column":4},"end":{"line":79,"column":18}},"35":{"start":{"line":80,"column":4},"end":{"line":80,"column":24}},"36":{"start":{"line":83,"column":2},"end":{"line":85,"column":9}},"37":{"start":{"line":84,"column":4},"end":{"line":84,"column":59}},"38":{"start":{"line":87,"column":21},"end":{"line":98,"column":3}},"39":{"start":{"line":88,"column":4},"end":{"line":88,"column":24}},"40":{"start":{"line":88,"column":17},"end":{"line":88,"column":24}},"41":{"start":{"line":91,"column":4},"end":{"line":97,"column":7}},"42":{"start":{"line":100,"column":2},"end":{"line":140,"column":4}},"43":{"start":{"line":117,"column":18},"end":{"line":117,"column":79}},"44":{"start":{"line":143,"column":15},"end":{"line":149,"column":2}}},"fnMap":{"0":{"name":"(anonymous_0)","decl":{"start":{"line":20,"column":19},"end":{"line":20,"column":20}},"loc":{"start":{"line":20,"column":25},"end":{"line":141,"column":1}},"line":20},"1":{"name":"(anonymous_1)","decl":{"start":{"line":30,"column":34},"end":{"line":30,"column":35}},"loc":{"start":{"line":30,"column":46},"end":{"line":30,"column":62}},"line":30},"2":{"name":"(anonymous_2)","decl":{"start":{"line":39,"column":34},"end":{"line":39,"column":35}},"loc":{"start":{"line":39,"column":46},"end":{"line":51,"column":3}},"line":39},"3":{"name":"(anonymous_3)","decl":{"start":{"line":53,"column":40},"end":{"line":53,"column":41}},"loc":{"start":{"line":53,"column":52},"end":{"line":71,"column":3}},"line":53},"4":{"name":"(anonymous_4)","decl":{"start":{"line":61,"column":37},"end":{"line":61,"column":38}},"loc":{"start":{"line":62,"column":10},"end":{"line":62,"column":54}},"line":62},"5":{"name":"(anonymous_5)","decl":{"start":{"line":73,"column":12},"end":{"line":73,"column":13}},"loc":{"start":{"line":73,"column":18},"end":{"line":75,"column":3}},"line":73},"6":{"name":"(anonymous_6)","decl":{"start":{"line":77,"column":20},"end":{"line":77,"column":21}},"loc":{"start":{"line":77,"column":26},"end":{"line":81,"column":3}},"line":77},"7":{"name":"(anonymous_7)","decl":{"start":{"line":83,"column":12},"end":{"line":83,"column":13}},"loc":{"start":{"line":83,"column":18},"end":{"line":85,"column":3}},"line":83},"8":{"name":"(anonymous_8)","decl":{"start":{"line":87,"column":21},"end":{"line":87,"column":22}},"loc":{"start":{"line":87,"column":27},"end":{"line":98,"column":3}},"line":87},"9":{"name":"(anonymous_9)","decl":{"start":{"line":116,"column":29},"end":{"line":116,"column":30}},"loc":{"start":{"line":117,"column":18},"end":{"line":117,"column":79}},"line":117}},"branchMap":{"0":{"loc":{"start":{"line":36,"column":18},"end":{"line":36,"column":64}},"type":"binary-expr","locations":[{"start":{"line":36,"column":18},"end":{"line":36,"column":24}},{"start":{"line":36,"column":28},"end":{"line":36,"column":32}},{"start":{"line":36,"column":36},"end":{"line":36,"column":64}}],"line":36},"1":{"loc":{"start":{"line":42,"column":6},"end":{"line":44,"column":7}},"type":"if","locations":[{"start":{"line":42,"column":6},"end":{"line":44,"column":7}},{"start":{},"end":{}}],"line":42},"2":{"loc":{"start":{"line":55,"column":6},"end":{"line":64,"column":7}},"type":"if","locations":[{"start":{"line":55,"column":6},"end":{"line":64,"column":7}},{"start":{},"end":{}}],"line":55},"3":{"loc":{"start":{"line":55,"column":10},"end":{"line":55,"column":57}},"type":"binary-expr","locations":[{"start":{"line":55,"column":10},"end":{"line":55,"column":14}},{"start":{"line":55,"column":18},"end":{"line":55,"column":57}}],"line":55},"4":{"loc":{"start":{"line":55,"column":19},"end":{"line":55,"column":45}},"type":"binary-expr","locations":[{"start":{"line":55,"column":19},"end":{"line":55,"column":39}},{"start":{"line":55,"column":43},"end":{"line":55,"column":45}}],"line":55},"5":{"loc":{"start":{"line":60,"column":24},"end":{"line":60,"column":49}},"type":"binary-expr","locations":[{"start":{"line":60,"column":24},"end":{"line":60,"column":43}},{"start":{"line":60,"column":47},"end":{"line":60,"column":49}}],"line":60},"6":{"loc":{"start":{"line":88,"column":4},"end":{"line":88,"column":24}},"type":"if","locations":[{"start":{"line":88,"column":4},"end":{"line":88,"column":24}},{"start":{},"end":{}}],"line":88},"7":{"loc":{"start":{"line":106,"column":7},"end":{"line":138,"column":7}},"type":"cond-expr","locations":[{"start":{"line":107,"column":8},"end":{"line":110,"column":10}},{"start":{"line":112,"column":8},"end":{"line":137,"column":9}}],"line":106},"8":{"loc":{"start":{"line":112,"column":8},"end":{"line":137,"column":9}},"type":"binary-expr","locations":[{"start":{"line":112,"column":8},"end":{"line":112,"column":14}},{"start":{"line":113,"column":10},"end":{"line":136,"column":13}}],"line":112},"9":{"loc":{"start":{"line":117,"column":18},"end":{"line":117,"column":79}},"type":"binary-expr","locations":[{"start":{"line":117,"column":18},"end":{"line":117,"column":25}},{"start":{"line":117,"column":29},"end":{"line":117,"column":79}}],"line":117},"10":{"loc":{"start":{"line":130,"column":13},"end":{"line":135,"column":13}},"type":"binary-expr","locations":[{"start":{"line":130,"column":13},"end":{"line":130,"column":25}},{"start":{"line":131,"column":14},"end":{"line":134,"column":16}}],"line":130}},"s":{"0":0,"1":0,"2":0,"3":0,"4":0,"5":0,"6":0,"7":0,"8":0,"9":0,"10":0,"11":0,"12":0,"13":0,"14":0,"15":0,"16":0,"17":0,"18":0,"19":0,"20":0,"21":0,"22":0,"23":0,"24":0,"25":0,"26":0,"27":0,"28":0,"29":0,"30":0,"31":0,"32":0,"33":0,"34":0,"35":0,"36":0,"37":0,"38":0,"39":0,"40":0,"41":0,"42":0,"43":0,"44":0},"f":{"0":0,"1":0,"2":0,"3":0,"4":0,"5":0,"6":0,"7":0,"8":0,"9":0},"b":{"0":[0,0,0],"1":[0,0],"2":[0,0],"3":[0,0],"4":[0,0],"5":[0,0],"6":[0,0],"7":[0,0],"8":[0,0],"9":[0,0],"10":[0,0]}}
,"/Users/ramon.jiang/Desktop/Flock/FlockRN/app/(tabs)/(prayers)/(createPrayer)/_layout.tsx": {"path":"/Users/ramon.jiang/Desktop/Flock/FlockRN/app/(tabs)/(prayers)/(createPrayer)/_layout.tsx","statementMap":{"0":{"start":{"line":5,"column":2},"end":{"line":38,"column":4}}},"fnMap":{"0":{"name":"CreatePrayerFlowLayout","decl":{"start":{"line":4,"column":24},"end":{"line":4,"column":46}},"loc":{"start":{"line":4,"column":49},"end":{"line":39,"column":1}},"line":4}},"branchMap":{},"s":{"0":0},"f":{"0":0},"b":{}}
,"/Users/ramon.jiang/Desktop/Flock/FlockRN/app/(tabs)/(prayers)/(createPrayer)/createPrayer.tsx": {"path":"/Users/ramon.jiang/Desktop/Flock/FlockRN/app/(tabs)/(prayers)/(createPrayer)/createPrayer.tsx","statementMap":{"0":{"start":{"line":20,"column":32},"end":{"line":20,"column":44}},"1":{"start":{"line":22,"column":21},"end":{"line":33,"column":3}},"2":{"start":{"line":23,"column":4},"end":{"line":26,"column":5}},"3":{"start":{"line":24,"column":6},"end":{"line":24,"column":73}},"4":{"start":{"line":25,"column":6},"end":{"line":25,"column":13}},"5":{"start":{"line":29,"column":4},"end":{"line":32,"column":7}},"6":{"start":{"line":35,"column":23},"end":{"line":38,"column":3}},"7":{"start":{"line":37,"column":4},"end":{"line":37,"column":67}},"8":{"start":{"line":40,"column":29},"end":{"line":40,"column":43}},"9":{"start":{"line":42,"column":2},"end":{"line":47,"column":4}},"10":{"start":{"line":44,"column":6},"end":{"line":44,"column":23}},"11":{"start":{"line":45,"column":6},"end":{"line":45,"column":21}},"12":{"start":{"line":49,"column":2},"end":{"line":83,"column":4}},"13":{"start":{"line":57,"column":29},"end":{"line":57,"column":79}},"14":{"start":{"line":59,"column":12},"end":{"line":59,"column":65}},"15":{"start":{"line":86,"column":15},"end":{"line":123,"column":2}}},"fnMap":{"0":{"name":"PrayerWriteScreen","decl":{"start":{"line":19,"column":24},"end":{"line":19,"column":41}},"loc":{"start":{"line":19,"column":44},"end":{"line":84,"column":1}},"line":19},"1":{"name":"(anonymous_1)","decl":{"start":{"line":22,"column":21},"end":{"line":22,"column":22}},"loc":{"start":{"line":22,"column":27},"end":{"line":33,"column":3}},"line":22},"2":{"name":"(anonymous_2)","decl":{"start":{"line":35,"column":23},"end":{"line":35,"column":24}},"loc":{"start":{"line":35,"column":29},"end":{"line":38,"column":3}},"line":35},"3":{"name":"(anonymous_3)","decl":{"start":{"line":43,"column":16},"end":{"line":43,"column":17}},"loc":{"start":{"line":43,"column":22},"end":{"line":46,"column":5}},"line":43},"4":{"name":"(anonymous_4)","decl":{"start":{"line":57,"column":23},"end":{"line":57,"column":24}},"loc":{"start":{"line":57,"column":29},"end":{"line":57,"column":79}},"line":57},"5":{"name":"(anonymous_5)","decl":{"start":{"line":58,"column":22},"end":{"line":58,"column":23}},"loc":{"start":{"line":59,"column":12},"end":{"line":59,"column":65}},"line":59}},"branchMap":{"0":{"loc":{"start":{"line":23,"column":4},"end":{"line":26,"column":5}},"type":"if","locations":[{"start":{"line":23,"column":4},"end":{"line":26,"column":5}},{"start":{},"end":{}}],"line":23},"1":{"loc":{"start":{"line":52,"column":16},"end":{"line":52,"column":60}},"type":"cond-expr","locations":[{"start":{"line":52,"column":40},"end":{"line":52,"column":49}},{"start":{"line":52,"column":52},"end":{"line":52,"column":60}}],"line":52},"2":{"loc":{"start":{"line":53,"column":30},"end":{"line":53,"column":60}},"type":"cond-expr","locations":[{"start":{"line":53,"column":54},"end":{"line":53,"column":56}},{"start":{"line":53,"column":59},"end":{"line":53,"column":60}}],"line":53}},"s":{"0":0,"1":0,"2":0,"3":0,"4":0,"5":0,"6":0,"7":0,"8":0,"9":0,"10":0,"11":0,"12":0,"13":0,"14":0,"15":0},"f":{"0":0,"1":0,"2":0,"3":0,"4":0,"5":0},"b":{"0":[0,0],"1":[0,0],"2":[0,0]}}
,"/Users/ramon.jiang/Desktop/Flock/FlockRN/app/(tabs)/(prayers)/(createPrayer)/prayerMetadata.tsx": {"path":"/Users/ramon.jiang/Desktop/Flock/FlockRN/app/(tabs)/(prayers)/(createPrayer)/prayerMetadata.tsx","statementMap":{"0":{"start":{"line":34,"column":29},"end":{"line":34,"column":45}},"1":{"start":{"line":35,"column":17},"end":{"line":40,"column":3}},"2":{"start":{"line":42,"column":26},"end":{"line":49,"column":75}},"3":{"start":{"line":43,"column":4},"end":{"line":48,"column":6}},"4":{"start":{"line":52,"column":44},"end":{"line":52,"column":58}},"5":{"start":{"line":53,"column":42},"end":{"line":53,"column":69}},"6":{"start":{"line":55,"column":22},"end":{"line":55,"column":62}},"7":{"start":{"line":56,"column":54},"end":{"line":56,"column":69}},"8":{"start":{"line":67,"column":6},"end":{"line":69,"column":4}},"9":{"start":{"line":77,"column":6},"end":{"line":81,"column":4}},"10":{"start":{"line":83,"column":2},"end":{"line":93,"column":59}},"11":{"start":{"line":84,"column":4},"end":{"line":84,"column":38}},"12":{"start":{"line":84,"column":31},"end":{"line":84,"column":38}},"13":{"start":{"line":86,"column":18},"end":{"line":90,"column":5}},"14":{"start":{"line":87,"column":6},"end":{"line":87,"column":29}},"15":{"start":{"line":88,"column":6},"end":{"line":88,"column":25}},"16":{"start":{"line":89,"column":6},"end":{"line":89,"column":30}},"17":{"start":{"line":92,"column":4},"end":{"line":92,"column":12}},"18":{"start":{"line":95,"column":21},"end":{"line":111,"column":46}},"19":{"start":{"line":99,"column":28},"end":{"line":99,"column":44}},"20":{"start":{"line":100,"column":41},"end":{"line":100,"column":68}},"21":{"start":{"line":102,"column":4},"end":{"line":110,"column":5}},"22":{"start":{"line":103,"column":6},"end":{"line":103,"column":61}},"23":{"start":{"line":104,"column":11},"end":{"line":110,"column":5}},"24":{"start":{"line":105,"column":6},"end":{"line":105,"column":64}},"25":{"start":{"line":106,"column":11},"end":{"line":110,"column":5}},"26":{"start":{"line":107,"column":6},"end":{"line":107,"column":46}},"27":{"start":{"line":109,"column":6},"end":{"line":109,"column":77}},"28":{"start":{"line":113,"column":55},"end":{"line":117,"column":4}},"29":{"start":{"line":119,"column":2},"end":{"line":149,"column":5}},"30":{"start":{"line":120,"column":28},"end":{"line":137,"column":5}},"31":{"start":{"line":122,"column":8},"end":{"line":122,"column":61}},"32":{"start":{"line":124,"column":6},"end":{"line":124,"column":33}},"33":{"start":{"line":124,"column":26},"end":{"line":124,"column":33}},"34":{"start":{"line":126,"column":29},"end":{"line":126,"column":36}},"35":{"start":{"line":128,"column":6},"end":{"line":132,"column":7}},"36":{"start":{"line":129,"column":43},"end":{"line":129,"column":61}},"37":{"start":{"line":130,"column":8},"end":{"line":130,"column":35}},"38":{"start":{"line":130,"column":28},"end":{"line":130,"column":35}},"39":{"start":{"line":131,"column":8},"end":{"line":131,"column":35}},"40":{"start":{"line":134,"column":27},"end":{"line":134,"column":65}},"41":{"start":{"line":135,"column":6},"end":{"line":135,"column":59}},"42":{"start":{"line":136,"column":6},"end":{"line":136,"column":53}},"43":{"start":{"line":139,"column":4},"end":{"line":139,"column":22}},"44":{"start":{"line":151,"column":29},"end":{"line":188,"column":3}},"45":{"start":{"line":155,"column":4},"end":{"line":187,"column":5}},"46":{"start":{"line":157,"column":57},"end":{"line":177,"column":7}},"47":{"start":{"line":158,"column":26},"end":{"line":176,"column":9}},"48":{"start":{"line":181,"column":8},"end":{"line":181,"column":68}},"49":{"start":{"line":183,"column":6},"end":{"line":183,"column":28}},"50":{"start":{"line":185,"column":6},"end":{"line":185,"column":57}},"51":{"start":{"line":186,"column":6},"end":{"line":186,"column":16}},"52":{"start":{"line":190,"column":23},"end":{"line":233,"column":3}},"53":{"start":{"line":191,"column":4},"end":{"line":194,"column":5}},"54":{"start":{"line":192,"column":6},"end":{"line":192,"column":71}},"55":{"start":{"line":193,"column":6},"end":{"line":193,"column":13}},"56":{"start":{"line":196,"column":4},"end":{"line":196,"column":26}},"57":{"start":{"line":197,"column":4},"end":{"line":197,"column":33}},"58":{"start":{"line":198,"column":4},"end":{"line":232,"column":5}},"59":{"start":{"line":199,"column":6},"end":{"line":220,"column":7}},"60":{"start":{"line":201,"column":8},"end":{"line":201,"column":42}},"61":{"start":{"line":202,"column":8},"end":{"line":202,"column":62}},"62":{"start":{"line":203,"column":8},"end":{"line":203,"column":41}},"63":{"start":{"line":206,"column":25},"end":{"line":206,"column":58}},"64":{"start":{"line":209,"column":31},"end":{"line":209,"column":79}},"65":{"start":{"line":211,"column":35},"end":{"line":213,"column":28}},"66":{"start":{"line":216,"column":8},"end":{"line":216,"column":71}},"67":{"start":{"line":218,"column":8},"end":{"line":218,"column":62}},"68":{"start":{"line":219,"column":8},"end":{"line":219,"column":44}},"69":{"start":{"line":222,"column":6},"end":{"line":225,"column":8}},"70":{"start":{"line":226,"column":6},"end":{"line":229,"column":8}},"71":{"start":{"line":231,"column":6},"end":{"line":231,"column":36}},"72":{"start":{"line":235,"column":23},"end":{"line":272,"column":3}},"73":{"start":{"line":237,"column":4},"end":{"line":271,"column":6}},"74":{"start":{"line":249,"column":12},"end":{"line":252,"column":13}},"75":{"start":{"line":250,"column":14},"end":{"line":250,"column":59}},"76":{"start":{"line":251,"column":14},"end":{"line":251,"column":21}},"77":{"start":{"line":254,"column":12},"end":{"line":254,"column":32}},"78":{"start":{"line":255,"column":12},"end":{"line":267,"column":13}},"79":{"start":{"line":256,"column":14},"end":{"line":256,"column":73}},"80":{"start":{"line":257,"column":14},"end":{"line":257,"column":68}},"81":{"start":{"line":258,"column":14},"end":{"line":258,"column":47}},"82":{"start":{"line":260,"column":14},"end":{"line":260,"column":61}},"83":{"start":{"line":261,"column":14},"end":{"line":264,"column":16}},"84":{"start":{"line":266,"column":14},"end":{"line":266,"column":35}},"85":{"start":{"line":274,"column":2},"end":{"line":337,"column":4}},"86":{"start":{"line":281,"column":12},"end":{"line":281,"column":65}},"87":{"start":{"line":292,"column":10},"end":{"line":292,"column":46}},"88":{"start":{"line":302,"column":10},"end":{"line":302,"column":54}},"89":{"start":{"line":340,"column":15},"end":{"line":390,"column":2}}},"fnMap":{"0":{"name":"PrayerMetadataScreen","decl":{"start":{"line":33,"column":24},"end":{"line":33,"column":44}},"loc":{"start":{"line":33,"column":47},"end":{"line":338,"column":1}},"line":33},"1":{"name":"(anonymous_1)","decl":{"start":{"line":42,"column":34},"end":{"line":42,"column":35}},"loc":{"start":{"line":42,"column":40},"end":{"line":49,"column":3}},"line":42},"2":{"name":"(anonymous_2)","decl":{"start":{"line":83,"column":12},"end":{"line":83,"column":13}},"loc":{"start":{"line":83,"column":18},"end":{"line":93,"column":3}},"line":83},"3":{"name":"(anonymous_3)","decl":{"start":{"line":86,"column":18},"end":{"line":86,"column":19}},"loc":{"start":{"line":86,"column":30},"end":{"line":90,"column":5}},"line":86},"4":{"name":"(anonymous_4)","decl":{"start":{"line":95,"column":33},"end":{"line":95,"column":34}},"loc":{"start":{"line":98,"column":8},"end":{"line":111,"column":3}},"line":98},"5":{"name":"(anonymous_5)","decl":{"start":{"line":119,"column":12},"end":{"line":119,"column":13}},"loc":{"start":{"line":119,"column":18},"end":{"line":140,"column":3}},"line":119},"6":{"name":"(anonymous_6)","decl":{"start":{"line":120,"column":28},"end":{"line":120,"column":29}},"loc":{"start":{"line":120,"column":40},"end":{"line":137,"column":5}},"line":120},"7":{"name":"(anonymous_7)","decl":{"start":{"line":151,"column":29},"end":{"line":151,"column":30}},"loc":{"start":{"line":154,"column":26},"end":{"line":188,"column":3}},"line":154},"8":{"name":"(anonymous_8)","decl":{"start":{"line":158,"column":8},"end":{"line":158,"column":9}},"loc":{"start":{"line":158,"column":26},"end":{"line":176,"column":9}},"line":158},"9":{"name":"(anonymous_9)","decl":{"start":{"line":190,"column":23},"end":{"line":190,"column":24}},"loc":{"start":{"line":190,"column":35},"end":{"line":233,"column":3}},"line":190},"10":{"name":"(anonymous_10)","decl":{"start":{"line":235,"column":23},"end":{"line":235,"column":24}},"loc":{"start":{"line":235,"column":35},"end":{"line":272,"column":3}},"line":235},"11":{"name":"(anonymous_11)","decl":{"start":{"line":248,"column":19},"end":{"line":248,"column":20}},"loc":{"start":{"line":248,"column":31},"end":{"line":268,"column":11}},"line":248},"12":{"name":"(anonymous_12)","decl":{"start":{"line":280,"column":22},"end":{"line":280,"column":23}},"loc":{"start":{"line":281,"column":12},"end":{"line":281,"column":65}},"line":281},"13":{"name":"(anonymous_13)","decl":{"start":{"line":291,"column":18},"end":{"line":291,"column":19}},"loc":{"start":{"line":292,"column":10},"end":{"line":292,"column":46}},"line":292},"14":{"name":"(anonymous_14)","decl":{"start":{"line":301,"column":18},"end":{"line":301,"column":19}},"loc":{"start":{"line":301,"column":37},"end":{"line":303,"column":9}},"line":301}},"branchMap":{"0":{"loc":{"start":{"line":44,"column":15},"end":{"line":44,"column":35}},"type":"binary-expr","locations":[{"start":{"line":44,"column":15},"end":{"line":44,"column":29}},{"start":{"line":44,"column":33},"end":{"line":44,"column":35}}],"line":44},"1":{"loc":{"start":{"line":45,"column":10},"end":{"line":45,"column":25}},"type":"binary-expr","locations":[{"start":{"line":45,"column":10},"end":{"line":45,"column":19}},{"start":{"line":45,"column":23},"end":{"line":45,"column":25}}],"line":45},"2":{"loc":{"start":{"line":46,"column":16},"end":{"line":46,"column":64}},"type":"binary-expr","locations":[{"start":{"line":46,"column":17},"end":{"line":46,"column":44}},{"start":{"line":46,"column":49},"end":{"line":46,"column":64}}],"line":46},"3":{"loc":{"start":{"line":47,"column":24},"end":{"line":47,"column":56}},"type":"binary-expr","locations":[{"start":{"line":47,"column":24},"end":{"line":47,"column":47}},{"start":{"line":47,"column":51},"end":{"line":47,"column":56}}],"line":47},"4":{"loc":{"start":{"line":84,"column":4},"end":{"line":84,"column":38}},"type":"if","locations":[{"start":{"line":84,"column":4},"end":{"line":84,"column":38}},{"start":{},"end":{}}],"line":84},"5":{"loc":{"start":{"line":102,"column":4},"end":{"line":110,"column":5}},"type":"if","locations":[{"start":{"line":102,"column":4},"end":{"line":110,"column":5}},{"start":{"line":104,"column":11},"end":{"line":110,"column":5}}],"line":102},"6":{"loc":{"start":{"line":102,"column":8},"end":{"line":102,"column":58}},"type":"binary-expr","locations":[{"start":{"line":102,"column":8},"end":{"line":102,"column":21}},{"start":{"line":102,"column":25},"end":{"line":102,"column":58}}],"line":102},"7":{"loc":{"start":{"line":104,"column":11},"end":{"line":110,"column":5}},"type":"if","locations":[{"start":{"line":104,"column":11},"end":{"line":110,"column":5}},{"start":{"line":106,"column":11},"end":{"line":110,"column":5}}],"line":104},"8":{"loc":{"start":{"line":106,"column":11},"end":{"line":110,"column":5}},"type":"if","locations":[{"start":{"line":106,"column":11},"end":{"line":110,"column":5}},{"start":{"line":108,"column":11},"end":{"line":110,"column":5}}],"line":106},"9":{"loc":{"start":{"line":106,"column":15},"end":{"line":106,"column":53}},"type":"binary-expr","locations":[{"start":{"line":106,"column":15},"end":{"line":106,"column":22}},{"start":{"line":106,"column":26},"end":{"line":106,"column":53}}],"line":106},"10":{"loc":{"start":{"line":122,"column":8},"end":{"line":122,"column":61}},"type":"binary-expr","locations":[{"start":{"line":122,"column":8},"end":{"line":122,"column":20}},{"start":{"line":122,"column":24},"end":{"line":122,"column":36}},{"start":{"line":122,"column":40},"end":{"line":122,"column":61}}],"line":122},"11":{"loc":{"start":{"line":124,"column":6},"end":{"line":124,"column":33}},"type":"if","locations":[{"start":{"line":124,"column":6},"end":{"line":124,"column":33}},{"start":{},"end":{}}],"line":124},"12":{"loc":{"start":{"line":128,"column":6},"end":{"line":132,"column":7}},"type":"if","locations":[{"start":{"line":128,"column":6},"end":{"line":132,"column":7}},{"start":{},"end":{}}],"line":128},"13":{"loc":{"start":{"line":130,"column":8},"end":{"line":130,"column":35}},"type":"if","locations":[{"start":{"line":130,"column":8},"end":{"line":130,"column":35}},{"start":{},"end":{}}],"line":130},"14":{"loc":{"start":{"line":159,"column":17},"end":{"line":159,"column":56}},"type":"binary-expr","locations":[{"start":{"line":159,"column":17},"end":{"line":159,"column":42}},{"start":{"line":159,"column":46},"end":{"line":159,"column":56}}],"line":159},"15":{"loc":{"start":{"line":161,"column":22},"end":{"line":161,"column":66}},"type":"binary-expr","locations":[{"start":{"line":161,"column":22},"end":{"line":161,"column":44}},{"start":{"line":161,"column":48},"end":{"line":161,"column":66}}],"line":161},"16":{"loc":{"start":{"line":162,"column":16},"end":{"line":164,"column":34}},"type":"cond-expr","locations":[{"start":{"line":163,"column":14},"end":{"line":163,"column":38}},{"start":{"line":164,"column":14},"end":{"line":164,"column":34}}],"line":162},"17":{"loc":{"start":{"line":165,"column":19},"end":{"line":165,"column":52}},"type":"binary-expr","locations":[{"start":{"line":165,"column":19},"end":{"line":165,"column":46}},{"start":{"line":165,"column":50},"end":{"line":165,"column":52}}],"line":165},"18":{"loc":{"start":{"line":167,"column":20},"end":{"line":167,"column":54}},"type":"binary-expr","locations":[{"start":{"line":167,"column":20},"end":{"line":167,"column":41}},{"start":{"line":167,"column":45},"end":{"line":167,"column":54}}],"line":167},"19":{"loc":{"start":{"line":168,"column":22},"end":{"line":168,"column":64}},"type":"binary-expr","locations":[{"start":{"line":168,"column":22},"end":{"line":168,"column":51}},{"start":{"line":168,"column":55},"end":{"line":168,"column":64}}],"line":168},"20":{"loc":{"start":{"line":169,"column":18},"end":{"line":169,"column":46}},"type":"binary-expr","locations":[{"start":{"line":169,"column":18},"end":{"line":169,"column":36}},{"start":{"line":169,"column":40},"end":{"line":169,"column":46}}],"line":169},"21":{"loc":{"start":{"line":170,"column":19},"end":{"line":170,"column":51}},"type":"binary-expr","locations":[{"start":{"line":170,"column":19},"end":{"line":170,"column":38}},{"start":{"line":170,"column":42},"end":{"line":170,"column":51}}],"line":170},"22":{"loc":{"start":{"line":172,"column":25},"end":{"line":172,"column":63}},"type":"binary-expr","locations":[{"start":{"line":172,"column":25},"end":{"line":172,"column":50}},{"start":{"line":172,"column":54},"end":{"line":172,"column":63}}],"line":172},"23":{"loc":{"start":{"line":173,"column":14},"end":{"line":175,"column":16}},"type":"cond-expr","locations":[{"start":{"line":174,"column":14},"end":{"line":174,"column":50}},{"start":{"line":175,"column":14},"end":{"line":175,"column":16}}],"line":173},"24":{"loc":{"start":{"line":191,"column":4},"end":{"line":194,"column":5}},"type":"if","locations":[{"start":{"line":191,"column":4},"end":{"line":194,"column":5}},{"start":{},"end":{}}],"line":191},"25":{"loc":{"start":{"line":199,"column":6},"end":{"line":220,"column":7}},"type":"if","locations":[{"start":{"line":199,"column":6},"end":{"line":220,"column":7}},{"start":{"line":204,"column":13},"end":{"line":220,"column":7}}],"line":199},"26":{"loc":{"start":{"line":199,"column":10},"end":{"line":199,"column":47}},"type":"binary-expr","locations":[{"start":{"line":199,"column":10},"end":{"line":199,"column":30}},{"start":{"line":199,"column":34},"end":{"line":199,"column":47}}],"line":199},"27":{"loc":{"start":{"line":223,"column":17},"end":{"line":223,"column":63}},"type":"cond-expr","locations":[{"start":{"line":223,"column":40},"end":{"line":223,"column":50}},{"start":{"line":223,"column":53},"end":{"line":223,"column":63}}],"line":223},"28":{"loc":{"start":{"line":228,"column":21},"end":{"line":228,"column":63}},"type":"cond-expr","locations":[{"start":{"line":228,"column":44},"end":{"line":228,"column":52}},{"start":{"line":228,"column":55},"end":{"line":228,"column":63}}],"line":228},"29":{"loc":{"start":{"line":249,"column":12},"end":{"line":252,"column":13}},"type":"if","locations":[{"start":{"line":249,"column":12},"end":{"line":252,"column":13}},{"start":{},"end":{}}],"line":249},"30":{"loc":{"start":{"line":249,"column":16},"end":{"line":249,"column":45}},"type":"binary-expr","locations":[{"start":{"line":249,"column":16},"end":{"line":249,"column":19}},{"start":{"line":249,"column":23},"end":{"line":249,"column":45}}],"line":249},"31":{"loc":{"start":{"line":278,"column":23},"end":{"line":278,"column":77}},"type":"cond-expr","locations":[{"start":{"line":278,"column":46},"end":{"line":278,"column":59}},{"start":{"line":278,"column":62},"end":{"line":278,"column":77}}],"line":278},"32":{"loc":{"start":{"line":297,"column":18},"end":{"line":297,"column":72}},"type":"cond-expr","locations":[{"start":{"line":297,"column":41},"end":{"line":297,"column":54}},{"start":{"line":297,"column":57},"end":{"line":297,"column":72}}],"line":297},"33":{"loc":{"start":{"line":305,"column":7},"end":{"line":307,"column":75}},"type":"binary-expr","locations":[{"start":{"line":305,"column":7},"end":{"line":305,"column":21}},{"start":{"line":306,"column":8},"end":{"line":306,"column":21}},{"start":{"line":307,"column":9},"end":{"line":307,"column":20}},{"start":{"line":307,"column":24},"end":{"line":307,"column":74}}],"line":305},"34":{"loc":{"start":{"line":310,"column":31},"end":{"line":310,"column":75}},"type":"binary-expr","locations":[{"start":{"line":310,"column":31},"end":{"line":310,"column":50}},{"start":{"line":310,"column":54},"end":{"line":310,"column":75}}],"line":310},"35":{"loc":{"start":{"line":315,"column":11},"end":{"line":321,"column":31}},"type":"cond-expr","locations":[{"start":{"line":316,"column":14},"end":{"line":318,"column":29}},{"start":{"line":319,"column":14},"end":{"line":321,"column":31}}],"line":315},"36":{"loc":{"start":{"line":316,"column":14},"end":{"line":318,"column":29}},"type":"cond-expr","locations":[{"start":{"line":317,"column":16},"end":{"line":317,"column":29}},{"start":{"line":318,"column":16},"end":{"line":318,"column":29}}],"line":316},"37":{"loc":{"start":{"line":319,"column":14},"end":{"line":321,"column":31}},"type":"cond-expr","locations":[{"start":{"line":320,"column":16},"end":{"line":320,"column":31}},{"start":{"line":321,"column":16},"end":{"line":321,"column":31}}],"line":319},"38":{"loc":{"start":{"line":325,"column":7},"end":{"line":335,"column":7}},"type":"binary-expr","locations":[{"start":{"line":325,"column":7},"end":{"line":325,"column":27}},{"start":{"line":326,"column":8},"end":{"line":334,"column":27}}],"line":325},"39":{"loc":{"start":{"line":327,"column":39},"end":{"line":327,"column":74}},"type":"binary-expr","locations":[{"start":{"line":327,"column":39},"end":{"line":327,"column":49}},{"start":{"line":327,"column":53},"end":{"line":327,"column":74}}],"line":327},"40":{"loc":{"start":{"line":332,"column":13},"end":{"line":332,"column":57}},"type":"cond-expr","locations":[{"start":{"line":332,"column":26},"end":{"line":332,"column":39}},{"start":{"line":332,"column":42},"end":{"line":332,"column":57}}],"line":332}},"s":{"0":0,"1":0,"2":0,"3":0,"4":0,"5":0,"6":0,"7":0,"8":0,"9":0,"10":0,"11":0,"12":0,"13":0,"14":0,"15":0,"16":0,"17":0,"18":0,"19":0,"20":0,"21":0,"22":0,"23":0,"24":0,"25":0,"26":0,"27":0,"28":0,"29":0,"30":0,"31":0,"32":0,"33":0,"34":0,"35":0,"36":0,"37":0,"38":0,"39":0,"40":0,"41":0,"42":0,"43":0,"44":0,"45":0,"46":0,"47":0,"48":0,"49":0,"50":0,"51":0,"52":0,"53":0,"54":0,"55":0,"56":0,"57":0,"58":0,"59":0,"60":0,"61":0,"62":0,"63":0,"64":0,"65":0,"66":0,"67":0,"68":0,"69":0,"70":0,"71":0,"72":0,"73":0,"74":0,"75":0,"76":0,"77":0,"78":0,"79":0,"80":0,"81":0,"82":0,"83":0,"84":0,"85":0,"86":0,"87":0,"88":0,"89":0},"f":{"0":0,"1":0,"2":0,"3":0,"4":0,"5":0,"6":0,"7":0,"8":0,"9":0,"10":0,"11":0,"12":0,"13":0,"14":0},"b":{"0":[0,0],"1":[0,0],"2":[0,0],"3":[0,0],"4":[0,0],"5":[0,0],"6":[0,0],"7":[0,0],"8":[0,0],"9":[0,0],"10":[0,0,0],"11":[0,0],"12":[0,0],"13":[0,0],"14":[0,0],"15":[0,0],"16":[0,0],"17":[0,0],"18":[0,0],"19":[0,0],"20":[0,0],"21":[0,0],"22":[0,0],"23":[0,0],"24":[0,0],"25":[0,0],"26":[0,0],"27":[0,0],"28":[0,0],"29":[0,0],"30":[0,0],"31":[0,0],"32":[0,0],"33":[0,0,0,0],"34":[0,0],"35":[0,0],"36":[0,0],"37":[0,0],"38":[0,0],"39":[0,0],"40":[0,0]}}
,"/Users/ramon.jiang/Desktop/Flock/FlockRN/app/(tabs)/(prayers)/(createPrayer)/voiceRecording.tsx": {"path":"/Users/ramon.jiang/Desktop/Flock/FlockRN/app/(tabs)/(prayers)/(createPrayer)/voiceRecording.tsx","statementMap":{"0":{"start":{"line":16,"column":23},"end":{"line":103,"column":1}},"1":{"start":{"line":17,"column":60},"end":{"line":17,"column":74}},"2":{"start":{"line":18,"column":28},"end":{"line":18,"column":39}},"3":{"start":{"line":19,"column":22},"end":{"line":19,"column":67}},"4":{"start":{"line":20,"column":26},"end":{"line":20,"column":57}},"5":{"start":{"line":22,"column":21},"end":{"line":26,"column":3}},"6":{"start":{"line":23,"column":20},"end":{"line":23,"column":44}},"7":{"start":{"line":24,"column":29},"end":{"line":24,"column":41}},"8":{"start":{"line":25,"column":4},"end":{"line":25,"column":72}},"9":{"start":{"line":28,"column":2},"end":{"line":31,"column":9}},"10":{"start":{"line":29,"column":4},"end":{"line":29,"column":25}},"11":{"start":{"line":34,"column":2},"end":{"line":43,"column":18}},"12":{"start":{"line":35,"column":4},"end":{"line":42,"column":5}},"13":{"start":{"line":37,"column":23},"end":{"line":39,"column":14}},"14":{"start":{"line":38,"column":8},"end":{"line":38,"column":37}},"15":{"start":{"line":38,"column":27},"end":{"line":38,"column":35}},"16":{"start":{"line":41,"column":6},"end":{"line":41,"column":43}},"17":{"start":{"line":41,"column":19},"end":{"line":41,"column":42}},"18":{"start":{"line":48,"column":23},"end":{"line":57,"column":3}},"19":{"start":{"line":50,"column":4},"end":{"line":56,"column":7}},"20":{"start":{"line":60,"column":22},"end":{"line":64,"column":3}},"21":{"start":{"line":61,"column":4},"end":{"line":61,"column":21}},"22":{"start":{"line":62,"column":4},"end":{"line":62,"column":25}},"23":{"start":{"line":63,"column":4},"end":{"line":63,"column":16}},"24":{"start":{"line":66,"column":2},"end":{"line":102,"column":4}},"25":{"start":{"line":105,"column":15},"end":{"line":160,"column":2}}},"fnMap":{"0":{"name":"(anonymous_0)","decl":{"start":{"line":16,"column":23},"end":{"line":16,"column":24}},"loc":{"start":{"line":16,"column":29},"end":{"line":103,"column":1}},"line":16},"1":{"name":"(anonymous_1)","decl":{"start":{"line":22,"column":21},"end":{"line":22,"column":22}},"loc":{"start":{"line":22,"column":42},"end":{"line":26,"column":3}},"line":22},"2":{"name":"(anonymous_2)","decl":{"start":{"line":28,"column":12},"end":{"line":28,"column":13}},"loc":{"start":{"line":28,"column":18},"end":{"line":31,"column":3}},"line":28},"3":{"name":"(anonymous_3)","decl":{"start":{"line":34,"column":12},"end":{"line":34,"column":13}},"loc":{"start":{"line":34,"column":18},"end":{"line":43,"column":3}},"line":34},"4":{"name":"(anonymous_4)","decl":{"start":{"line":37,"column":35},"end":{"line":37,"column":36}},"loc":{"start":{"line":37,"column":41},"end":{"line":39,"column":7}},"line":37},"5":{"name":"(anonymous_5)","decl":{"start":{"line":38,"column":17},"end":{"line":38,"column":18}},"loc":{"start":{"line":38,"column":27},"end":{"line":38,"column":35}},"line":38},"6":{"name":"(anonymous_6)","decl":{"start":{"line":41,"column":13},"end":{"line":41,"column":14}},"loc":{"start":{"line":41,"column":19},"end":{"line":41,"column":42}},"line":41},"7":{"name":"(anonymous_7)","decl":{"start":{"line":48,"column":23},"end":{"line":48,"column":24}},"loc":{"start":{"line":48,"column":29},"end":{"line":57,"column":3}},"line":48},"8":{"name":"(anonymous_8)","decl":{"start":{"line":60,"column":22},"end":{"line":60,"column":23}},"loc":{"start":{"line":60,"column":28},"end":{"line":64,"column":3}},"line":60}},"branchMap":{"0":{"loc":{"start":{"line":35,"column":4},"end":{"line":42,"column":5}},"type":"if","locations":[{"start":{"line":35,"column":4},"end":{"line":42,"column":5}},{"start":{},"end":{}}],"line":35},"1":{"loc":{"start":{"line":75,"column":15},"end":{"line":75,"column":65}},"type":"cond-expr","locations":[{"start":{"line":75,"column":43},"end":{"line":75,"column":54}},{"start":{"line":75,"column":57},"end":{"line":75,"column":65}}],"line":75},"2":{"loc":{"start":{"line":89,"column":11},"end":{"line":95,"column":11}},"type":"binary-expr","locations":[{"start":{"line":89,"column":11},"end":{"line":89,"column":35}},{"start":{"line":90,"column":12},"end":{"line":94,"column":15}}],"line":89}},"s":{"0":0,"1":0,"2":0,"3":0,"4":0,"5":0,"6":0,"7":0,"8":0,"9":0,"10":0,"11":0,"12":0,"13":0,"14":0,"15":0,"16":0,"17":0,"18":0,"19":0,"20":0,"21":0,"22":0,"23":0,"24":0,"25":0},"f":{"0":0,"1":0,"2":0,"3":0,"4":0,"5":0,"6":0,"7":0,"8":0},"b":{"0":[0,0],"1":[0,0],"2":[0,0]}}
,"/Users/ramon.jiang/Desktop/Flock/FlockRN/app/(tabs)/(prayers)/(createPrayerPoint)/_layout.tsx": {"path":"/Users/ramon.jiang/Desktop/Flock/FlockRN/app/(tabs)/(prayers)/(createPrayerPoint)/_layout.tsx","statementMap":{"0":{"start":{"line":4,"column":2},"end":{"line":13,"column":4}}},"fnMap":{"0":{"name":"CreatePrayerPointsFlowLayout","decl":{"start":{"line":3,"column":24},"end":{"line":3,"column":52}},"loc":{"start":{"line":3,"column":55},"end":{"line":14,"column":1}},"line":3}},"branchMap":{},"s":{"0":0},"f":{"0":0},"b":{}}
,"/Users/ramon.jiang/Desktop/Flock/FlockRN/app/(tabs)/(prayers)/(createPrayerPoint)/createPrayerPoint.tsx": {"path":"/Users/ramon.jiang/Desktop/Flock/FlockRN/app/(tabs)/(prayers)/(createPrayerPoint)/createPrayerPoint.tsx","statementMap":{"0":{"start":{"line":28,"column":17},"end":{"line":31,"column":6}},"1":{"start":{"line":33,"column":26},"end":{"line":38,"column":34}},"2":{"start":{"line":34,"column":4},"end":{"line":37,"column":6}},"3":{"start":{"line":41,"column":22},"end":{"line":41,"column":62}},"4":{"start":{"line":42,"column":27},"end":{"line":42,"column":42}},"5":{"start":{"line":55,"column":6},"end":{"line":57,"column":4}},"6":{"start":{"line":65,"column":6},"end":{"line":68,"column":4}},"7":{"start":{"line":70,"column":40},"end":{"line":73,"column":3}},"8":{"start":{"line":76,"column":2},"end":{"line":83,"column":64}},"9":{"start":{"line":77,"column":18},"end":{"line":81,"column":5}},"10":{"start":{"line":78,"column":6},"end":{"line":78,"column":29}},"11":{"start":{"line":79,"column":6},"end":{"line":79,"column":30}},"12":{"start":{"line":80,"column":6},"end":{"line":80,"column":30}},"13":{"start":{"line":82,"column":4},"end":{"line":82,"column":38}},"14":{"start":{"line":82,"column":30},"end":{"line":82,"column":38}},"15":{"start":{"line":87,"column":4},"end":{"line":87,"column":40}},"16":{"start":{"line":89,"column":23},"end":{"line":140,"column":3}},"17":{"start":{"line":90,"column":4},"end":{"line":90,"column":26}},"18":{"start":{"line":91,"column":4},"end":{"line":91,"column":33}},"19":{"start":{"line":93,"column":4},"end":{"line":139,"column":5}},"20":{"start":{"line":95,"column":8},"end":{"line":97,"column":10}},"21":{"start":{"line":99,"column":6},"end":{"line":101,"column":7}},"22":{"start":{"line":100,"column":8},"end":{"line":100,"column":50}},"23":{"start":{"line":103,"column":32},"end":{"line":107,"column":7}},"24":{"start":{"line":109,"column":21},"end":{"line":109,"column":41}},"25":{"start":{"line":111,"column":6},"end":{"line":115,"column":7}},"26":{"start":{"line":112,"column":8},"end":{"line":112,"column":51}},"27":{"start":{"line":114,"column":8},"end":{"line":114,"column":62}},"28":{"start":{"line":117,"column":6},"end":{"line":123,"column":7}},"29":{"start":{"line":118,"column":8},"end":{"line":122,"column":10}},"30":{"start":{"line":126,"column":6},"end":{"line":130,"column":7}},"31":{"start":{"line":127,"column":8},"end":{"line":129,"column":10}},"32":{"start":{"line":132,"column":6},"end":{"line":132,"column":42}},"33":{"start":{"line":133,"column":6},"end":{"line":133,"column":26}},"34":{"start":{"line":135,"column":6},"end":{"line":135,"column":61}},"35":{"start":{"line":136,"column":6},"end":{"line":136,"column":63}},"36":{"start":{"line":138,"column":6},"end":{"line":138,"column":36}},"37":{"start":{"line":142,"column":2},"end":{"line":205,"column":4}},"38":{"start":{"line":151,"column":12},"end":{"line":151,"column":65}},"39":{"start":{"line":166,"column":14},"end":{"line":166,"column":77}},"40":{"start":{"line":208,"column":15},"end":{"line":268,"column":2}}},"fnMap":{"0":{"name":"PrayerPointMetadataScreen","decl":{"start":{"line":27,"column":24},"end":{"line":27,"column":49}},"loc":{"start":{"line":27,"column":52},"end":{"line":206,"column":1}},"line":27},"1":{"name":"(anonymous_1)","decl":{"start":{"line":33,"column":34},"end":{"line":33,"column":35}},"loc":{"start":{"line":33,"column":40},"end":{"line":38,"column":3}},"line":33},"2":{"name":"(anonymous_2)","decl":{"start":{"line":76,"column":12},"end":{"line":76,"column":13}},"loc":{"start":{"line":76,"column":18},"end":{"line":83,"column":3}},"line":76},"3":{"name":"(anonymous_3)","decl":{"start":{"line":77,"column":18},"end":{"line":77,"column":19}},"loc":{"start":{"line":77,"column":30},"end":{"line":81,"column":5}},"line":77},"4":{"name":"(anonymous_4)","decl":{"start":{"line":89,"column":23},"end":{"line":89,"column":24}},"loc":{"start":{"line":89,"column":35},"end":{"line":140,"column":3}},"line":89},"5":{"name":"(anonymous_5)","decl":{"start":{"line":150,"column":22},"end":{"line":150,"column":23}},"loc":{"start":{"line":151,"column":12},"end":{"line":151,"column":65}},"line":151},"6":{"name":"(anonymous_6)","decl":{"start":{"line":165,"column":22},"end":{"line":165,"column":23}},"loc":{"start":{"line":165,"column":50},"end":{"line":167,"column":13}},"line":165}},"branchMap":{"0":{"loc":{"start":{"line":35,"column":10},"end":{"line":35,"column":25}},"type":"binary-expr","locations":[{"start":{"line":35,"column":10},"end":{"line":35,"column":19}},{"start":{"line":35,"column":23},"end":{"line":35,"column":25}}],"line":35},"1":{"loc":{"start":{"line":36,"column":16},"end":{"line":36,"column":64}},"type":"binary-expr","locations":[{"start":{"line":36,"column":17},"end":{"line":36,"column":44}},{"start":{"line":36,"column":49},"end":{"line":36,"column":64}}],"line":36},"2":{"loc":{"start":{"line":82,"column":4},"end":{"line":82,"column":38}},"type":"if","locations":[{"start":{"line":82,"column":4},"end":{"line":82,"column":38}},{"start":{},"end":{}}],"line":82},"3":{"loc":{"start":{"line":99,"column":6},"end":{"line":101,"column":7}},"type":"if","locations":[{"start":{"line":99,"column":6},"end":{"line":101,"column":7}},{"start":{},"end":{}}],"line":99},"4":{"loc":{"start":{"line":106,"column":12},"end":{"line":106,"column":34}},"type":"binary-expr","locations":[{"start":{"line":106,"column":12},"end":{"line":106,"column":28}},{"start":{"line":106,"column":32},"end":{"line":106,"column":34}}],"line":106},"5":{"loc":{"start":{"line":111,"column":6},"end":{"line":115,"column":7}},"type":"if","locations":[{"start":{"line":111,"column":6},"end":{"line":115,"column":7}},{"start":{"line":113,"column":13},"end":{"line":115,"column":7}}],"line":111},"6":{"loc":{"start":{"line":111,"column":10},"end":{"line":111,"column":55}},"type":"binary-expr","locations":[{"start":{"line":111,"column":10},"end":{"line":111,"column":30}},{"start":{"line":111,"column":34},"end":{"line":111,"column":55}}],"line":111},"7":{"loc":{"start":{"line":117,"column":6},"end":{"line":123,"column":7}},"type":"if","locations":[{"start":{"line":117,"column":6},"end":{"line":123,"column":7}},{"start":{},"end":{}}],"line":117},"8":{"loc":{"start":{"line":117,"column":10},"end":{"line":117,"column":37}},"type":"binary-expr","locations":[{"start":{"line":117,"column":10},"end":{"line":117,"column":26}},{"start":{"line":117,"column":30},"end":{"line":117,"column":37}}],"line":117},"9":{"loc":{"start":{"line":126,"column":6},"end":{"line":130,"column":7}},"type":"if","locations":[{"start":{"line":126,"column":6},"end":{"line":130,"column":7}},{"start":{},"end":{}}],"line":126},"10":{"loc":{"start":{"line":145,"column":16},"end":{"line":145,"column":60}},"type":"cond-expr","locations":[{"start":{"line":145,"column":40},"end":{"line":145,"column":49}},{"start":{"line":145,"column":52},"end":{"line":145,"column":60}}],"line":145},"11":{"loc":{"start":{"line":146,"column":30},"end":{"line":146,"column":60}},"type":"cond-expr","locations":[{"start":{"line":146,"column":54},"end":{"line":146,"column":56}},{"start":{"line":146,"column":59},"end":{"line":146,"column":60}}],"line":146},"12":{"loc":{"start":{"line":153,"column":17},"end":{"line":155,"column":32}},"type":"cond-expr","locations":[{"start":{"line":154,"column":14},"end":{"line":154,"column":33}},{"start":{"line":155,"column":14},"end":{"line":155,"column":32}}],"line":153},"13":{"loc":{"start":{"line":162,"column":22},"end":{"line":162,"column":76}},"type":"cond-expr","locations":[{"start":{"line":162,"column":45},"end":{"line":162,"column":58}},{"start":{"line":162,"column":61},"end":{"line":162,"column":76}}],"line":162},"14":{"loc":{"start":{"line":171,"column":11},"end":{"line":178,"column":11}},"type":"binary-expr","locations":[{"start":{"line":171,"column":11},"end":{"line":171,"column":36}},{"start":{"line":172,"column":12},"end":{"line":177,"column":14}}],"line":171},"15":{"loc":{"start":{"line":185,"column":19},"end":{"line":185,"column":73}},"type":"cond-expr","locations":[{"start":{"line":185,"column":53},"end":{"line":185,"column":62}},{"start":{"line":185,"column":65},"end":{"line":185,"column":73}}],"line":185},"16":{"loc":{"start":{"line":193,"column":33},"end":{"line":193,"column":77}},"type":"binary-expr","locations":[{"start":{"line":193,"column":33},"end":{"line":193,"column":52}},{"start":{"line":193,"column":56},"end":{"line":193,"column":77}}],"line":193},"17":{"loc":{"start":{"line":198,"column":13},"end":{"line":200,"column":76}},"type":"cond-expr","locations":[{"start":{"line":199,"column":16},"end":{"line":199,"column":70}},{"start":{"line":200,"column":16},"end":{"line":200,"column":76}}],"line":198},"18":{"loc":{"start":{"line":199,"column":19},"end":{"line":199,"column":65}},"type":"cond-expr","locations":[{"start":{"line":199,"column":42},"end":{"line":199,"column":52}},{"start":{"line":199,"column":55},"end":{"line":199,"column":65}}],"line":199},"19":{"loc":{"start":{"line":200,"column":19},"end":{"line":200,"column":61}},"type":"cond-expr","locations":[{"start":{"line":200,"column":42},"end":{"line":200,"column":50}},{"start":{"line":200,"column":53},"end":{"line":200,"column":61}}],"line":200}},"s":{"0":0,"1":0,"2":0,"3":0,"4":0,"5":0,"6":0,"7":0,"8":0,"9":0,"10":0,"11":0,"12":0,"13":0,"14":0,"15":0,"16":0,"17":0,"18":0,"19":0,"20":0,"21":0,"22":0,"23":0,"24":0,"25":0,"26":0,"27":0,"28":0,"29":0,"30":0,"31":0,"32":0,"33":0,"34":0,"35":0,"36":0,"37":0,"38":0,"39":0,"40":0},"f":{"0":0,"1":0,"2":0,"3":0,"4":0,"5":0,"6":0},"b":{"0":[0,0],"1":[0,0],"2":[0,0],"3":[0,0],"4":[0,0],"5":[0,0],"6":[0,0],"7":[0,0],"8":[0,0],"9":[0,0],"10":[0,0],"11":[0,0],"12":[0,0],"13":[0,0],"14":[0,0],"15":[0,0],"16":[0,0],"17":[0,0],"18":[0,0],"19":[0,0]}}
,"/Users/ramon.jiang/Desktop/Flock/FlockRN/app/auth/_layout.tsx": {"path":"/Users/ramon.jiang/Desktop/Flock/FlockRN/app/auth/_layout.tsx","statementMap":{"0":{"start":{"line":4,"column":2},"end":{"line":10,"column":4}}},"fnMap":{"0":{"name":"AuthLayout","decl":{"start":{"line":3,"column":24},"end":{"line":3,"column":34}},"loc":{"start":{"line":3,"column":37},"end":{"line":11,"column":1}},"line":3}},"branchMap":{},"s":{"0":0},"f":{"0":0},"b":{}}
,"/Users/ramon.jiang/Desktop/Flock/FlockRN/app/auth/introFlow.tsx": {"path":"/Users/ramon.jiang/Desktop/Flock/FlockRN/app/auth/introFlow.tsx","statementMap":{"0":{"start":{"line":19,"column":26},"end":{"line":19,"column":50}},"1":{"start":{"line":21,"column":16},"end":{"line":36,"column":1}},"2":{"start":{"line":38,"column":20},"end":{"line":163,"column":1}},"3":{"start":{"line":39,"column":55},"end":{"line":39,"column":71}},"4":{"start":{"line":40,"column":28},"end":{"line":40,"column":39}},"5":{"start":{"line":41,"column":21},"end":{"line":41,"column":58}},"6":{"start":{"line":42,"column":17},"end":{"line":42,"column":28}},"7":{"start":{"line":44,"column":21},"end":{"line":52,"column":3}},"8":{"start":{"line":45,"column":4},"end":{"line":51,"column":5}},"9":{"start":{"line":46,"column":6},"end":{"line":50,"column":42}},"10":{"start":{"line":50,"column":21},"end":{"line":50,"column":40}},"11":{"start":{"line":54,"column":21},"end":{"line":62,"column":3}},"12":{"start":{"line":55,"column":4},"end":{"line":61,"column":5}},"13":{"start":{"line":56,"column":6},"end":{"line":60,"column":42}},"14":{"start":{"line":60,"column":21},"end":{"line":60,"column":40}},"15":{"start":{"line":64,"column":27},"end":{"line":66,"column":3}},"16":{"start":{"line":65,"column":4},"end":{"line":65,"column":34}},"17":{"start":{"line":68,"column":36},"end":{"line":70,"column":3}},"18":{"start":{"line":69,"column":4},"end":{"line":69,"column":35}},"19":{"start":{"line":72,"column":21},"end":{"line":84,"column":3}},"20":{"start":{"line":73,"column":4},"end":{"line":83,"column":11}},"21":{"start":{"line":75,"column":8},"end":{"line":81,"column":10}},"22":{"start":{"line":86,"column":28},"end":{"line":90,"column":4}},"23":{"start":{"line":92,"column":2},"end":{"line":162,"column":4}},"24":{"start":{"line":108,"column":10},"end":{"line":135,"column":17}},"25":{"start":{"line":128,"column":22},"end":{"line":128,"column":65}},"26":{"start":{"line":167,"column":15},"end":{"line":261,"column":2}}},"fnMap":{"0":{"name":"(anonymous_0)","decl":{"start":{"line":38,"column":20},"end":{"line":38,"column":21}},"loc":{"start":{"line":38,"column":26},"end":{"line":163,"column":1}},"line":38},"1":{"name":"(anonymous_1)","decl":{"start":{"line":44,"column":21},"end":{"line":44,"column":22}},"loc":{"start":{"line":44,"column":27},"end":{"line":52,"column":3}},"line":44},"2":{"name":"(anonymous_2)","decl":{"start":{"line":50,"column":15},"end":{"line":50,"column":16}},"loc":{"start":{"line":50,"column":21},"end":{"line":50,"column":40}},"line":50},"3":{"name":"(anonymous_3)","decl":{"start":{"line":54,"column":21},"end":{"line":54,"column":22}},"loc":{"start":{"line":54,"column":27},"end":{"line":62,"column":3}},"line":54},"4":{"name":"(anonymous_4)","decl":{"start":{"line":60,"column":15},"end":{"line":60,"column":16}},"loc":{"start":{"line":60,"column":21},"end":{"line":60,"column":40}},"line":60},"5":{"name":"(anonymous_5)","decl":{"start":{"line":64,"column":27},"end":{"line":64,"column":28}},"loc":{"start":{"line":64,"column":33},"end":{"line":66,"column":3}},"line":64},"6":{"name":"(anonymous_6)","decl":{"start":{"line":68,"column":36},"end":{"line":68,"column":37}},"loc":{"start":{"line":68,"column":62},"end":{"line":70,"column":3}},"line":68},"7":{"name":"(anonymous_7)","decl":{"start":{"line":72,"column":21},"end":{"line":72,"column":22}},"loc":{"start":{"line":73,"column":4},"end":{"line":83,"column":11}},"line":73},"8":{"name":"(anonymous_8)","decl":{"start":{"line":74,"column":19},"end":{"line":74,"column":20}},"loc":{"start":{"line":75,"column":8},"end":{"line":81,"column":10}},"line":75},"9":{"name":"(anonymous_9)","decl":{"start":{"line":107,"column":21},"end":{"line":107,"column":22}},"loc":{"start":{"line":108,"column":10},"end":{"line":135,"column":17}},"line":108},"10":{"name":"(anonymous_10)","decl":{"start":{"line":127,"column":35},"end":{"line":127,"column":36}},"loc":{"start":{"line":128,"column":22},"end":{"line":128,"column":65}},"line":128}},"branchMap":{"0":{"loc":{"start":{"line":45,"column":4},"end":{"line":51,"column":5}},"type":"if","locations":[{"start":{"line":45,"column":4},"end":{"line":51,"column":5}},{"start":{},"end":{}}],"line":45},"1":{"loc":{"start":{"line":55,"column":4},"end":{"line":61,"column":5}},"type":"if","locations":[{"start":{"line":55,"column":4},"end":{"line":61,"column":5}},{"start":{},"end":{}}],"line":55},"2":{"loc":{"start":{"line":79,"column":12},"end":{"line":79,"column":62}},"type":"cond-expr","locations":[{"start":{"line":79,"column":26},"end":{"line":79,"column":42}},{"start":{"line":79,"column":45},"end":{"line":79,"column":62}}],"line":79},"3":{"loc":{"start":{"line":111,"column":13},"end":{"line":134,"column":13}},"type":"binary-expr","locations":[{"start":{"line":111,"column":13},"end":{"line":111,"column":29}},{"start":{"line":112,"column":14},"end":{"line":133,"column":21}}],"line":111},"4":{"loc":{"start":{"line":124,"column":22},"end":{"line":124,"column":78}},"type":"cond-expr","locations":[{"start":{"line":124,"column":57},"end":{"line":124,"column":66}},{"start":{"line":124,"column":69},"end":{"line":124,"column":78}}],"line":124},"5":{"loc":{"start":{"line":130,"column":27},"end":{"line":130,"column":68}},"type":"binary-expr","locations":[{"start":{"line":130,"column":27},"end":{"line":130,"column":59}},{"start":{"line":130,"column":63},"end":{"line":130,"column":68}}],"line":130},"6":{"loc":{"start":{"line":145,"column":9},"end":{"line":149,"column":9}},"type":"binary-expr","locations":[{"start":{"line":145,"column":9},"end":{"line":145,"column":18}},{"start":{"line":146,"column":10},"end":{"line":148,"column":29}}],"line":145},"7":{"loc":{"start":{"line":154,"column":19},"end":{"line":154,"column":79}},"type":"cond-expr","locations":[{"start":{"line":154,"column":50},"end":{"line":154,"column":66}},{"start":{"line":154,"column":69},"end":{"line":154,"column":79}}],"line":154},"8":{"loc":{"start":{"line":157,"column":13},"end":{"line":157,"column":66}},"type":"cond-expr","locations":[{"start":{"line":157,"column":44},"end":{"line":157,"column":57}},{"start":{"line":157,"column":60},"end":{"line":157,"column":66}}],"line":157}},"s":{"0":0,"1":0,"2":0,"3":0,"4":0,"5":0,"6":0,"7":0,"8":0,"9":0,"10":0,"11":0,"12":0,"13":0,"14":0,"15":0,"16":0,"17":0,"18":0,"19":0,"20":0,"21":0,"22":0,"23":0,"24":0,"25":0,"26":0},"f":{"0":0,"1":0,"2":0,"3":0,"4":0,"5":0,"6":0,"7":0,"8":0,"9":0,"10":0},"b":{"0":[0,0],"1":[0,0],"2":[0,0],"3":[0,0],"4":[0,0],"5":[0,0],"6":[0,0],"7":[0,0],"8":[0,0]}}
[...]
iang/Desktop/Flock/FlockRN/services/prayer/prayerZustand.ts","statementMap":{"0":{"start":{"line":5,"column":23},"end":{"line":51,"column":3}},"1":{"start":{"line":5,"column":40},"end":{"line":51,"column":1}},"2":{"start":{"line":11,"column":4},"end":{"line":11,"column":27}},"3":{"start":{"line":12,"column":4},"end":{"line":23,"column":5}},"4":{"start":{"line":13,"column":28},"end":{"line":13,"column":68}},"5":{"start":{"line":14,"column":22},"end":{"line":14,"column":24}},"6":{"start":{"line":15,"column":6},"end":{"line":17,"column":9}},"7":{"start":{"line":16,"column":8},"end":{"line":16,"column":56}},"8":{"start":{"line":19,"column":6},"end":{"line":19,"column":39}},"9":{"start":{"line":21,"column":6},"end":{"line":21,"column":54}},"10":{"start":{"line":22,"column":6},"end":{"line":22,"column":30}},"11":{"start":{"line":28,"column":4},"end":{"line":28,"column":50}},"12":{"start":{"line":28,"column":20},"end":{"line":28,"column":47}},"13":{"start":{"line":30,"column":4},"end":{"line":49,"column":5}},"14":{"start":{"line":31,"column":29},"end":{"line":31,"column":66}},"15":{"start":{"line":32,"column":6},"end":{"line":32,"column":33}},"16":{"start":{"line":32,"column":26},"end":{"line":32,"column":33}},"17":{"start":{"line":34,"column":21},"end":{"line":34,"column":43}},"18":{"start":{"line":35,"column":22},"end":{"line":35,"column":42}},"19":{"start":{"line":37,"column":6},"end":{"line":45,"column":7}},"20":{"start":{"line":38,"column":8},"end":{"line":41,"column":12}},"21":{"start":{"line":38,"column":24},"end":{"line":41,"column":9}},"22":{"start":{"line":43,"column":8},"end":{"line":43,"column":40}},"23":{"start":{"line":44,"column":8},"end":{"line":44,"column":32}},"24":{"start":{"line":47,"column":6},"end":{"line":47,"column":53}},"25":{"start":{"line":48,"column":6},"end":{"line":48,"column":30}}},"fnMap":{"0":{"name":"(anonymous_0)","decl":{"start":{"line":5,"column":30},"end":{"line":5,"column":31}},"loc":{"start":{"line":5,"column":40},"end":{"line":51,"column":1}},"line":5},"1":{"name":"(anonymous_1)","decl":{"start":{"line":10,"column":19},"end":{"line":10,"column":20}},"loc":{"start":{"line":10,"column":31},"end":{"line":24,"column":3}},"line":10},"2":{"name":"(anonymous_2)","decl":{"start":{"line":15,"column":28},"end":{"line":15,"column":29}},"loc":{"start":{"line":15,"column":37},"end":{"line":17,"column":7}},"line":15},"3":{"name":"(anonymous_3)","decl":{"start":{"line":27,"column":19},"end":{"line":27,"column":20}},"loc":{"start":{"line":27,"column":33},"end":{"line":50,"column":3}},"line":27},"4":{"name":"(anonymous_4)","decl":{"start":{"line":28,"column":8},"end":{"line":28,"column":9}},"loc":{"start":{"line":28,"column":20},"end":{"line":28,"column":47}},"line":28},"5":{"name":"(anonymous_5)","decl":{"start":{"line":38,"column":12},"end":{"line":38,"column":13}},"loc":{"start":{"line":38,"column":24},"end":{"line":41,"column":9}},"line":38}},"branchMap":{"0":{"loc":{"start":{"line":32,"column":6},"end":{"line":32,"column":33}},"type":"if","locations":[{"start":{"line":32,"column":6},"end":{"line":32,"column":33}},{"start":{},"end":{}}],"line":32},"1":{"loc":{"start":{"line":37,"column":6},"end":{"line":45,"column":7}},"type":"if","locations":[{"start":{"line":37,"column":6},"end":{"line":45,"column":7}},{"start":{"line":42,"column":13},"end":{"line":45,"column":7}}],"line":37}},"s":{"0":0,"1":0,"2":0,"3":0,"4":0,"5":0,"6":0,"7":0,"8":0,"9":0,"10":0,"11":0,"12":0,"13":0,"14":0,"15":0,"16":0,"17":0,"18":0,"19":0,"20":0,"21":0,"22":0,"23":0,"24":0,"25":0},"f":{"0":0,"1":0,"2":0,"3":0,"4":0,"5":0},"b":{"0":[0,0],"1":[0,0]}}
,"/Users/ramon.jiang/Desktop/Flock/FlockRN/services/recording/audioRecordingService.ts": {"path":"/Users/ramon.jiang/Desktop/Flock/FlockRN/services/recording/audioRecordingService.ts","statementMap":{"0":{"start":{"line":6,"column":24},"end":{"line":6,"column":71}},"1":{"start":{"line":8,"column":17},"end":{"line":14,"column":3}},"2":{"start":{"line":9,"column":4},"end":{"line":13,"column":5}},"3":{"start":{"line":10,"column":6},"end":{"line":10,"column":29}},"4":{"start":{"line":12,"column":6},"end":{"line":12,"column":66}},"5":{"start":{"line":16,"column":24},"end":{"line":23,"column":3}},"6":{"start":{"line":17,"column":4},"end":{"line":22,"column":5}},"7":{"start":{"line":18,"column":6},"end":{"line":18,"column":33}},"8":{"start":{"line":19,"column":6},"end":{"line":19,"column":31}},"9":{"start":{"line":21,"column":6},"end":{"line":21,"column":66}},"10":{"start":{"line":25,"column":2},"end":{"line":25,"column":50}}},"fnMap":{"0":{"name":"useAudioRecordingService","decl":{"start":{"line":4,"column":24},"end":{"line":4,"column":48}},"loc":{"start":{"line":4,"column":51},"end":{"line":26,"column":1}},"line":4},"1":{"name":"(anonymous_1)","decl":{"start":{"line":8,"column":17},"end":{"line":8,"column":18}},"loc":{"start":{"line":8,"column":29},"end":{"line":14,"column":3}},"line":8},"2":{"name":"(anonymous_2)","decl":{"start":{"line":16,"column":24},"end":{"line":16,"column":25}},"loc":{"start":{"line":16,"column":36},"end":{"line":23,"column":3}},"line":16}},"branchMap":{},"s":{"0":0,"1":0,"2":0,"3":0,"4":0,"5":0,"6":0,"7":0,"8":0,"9":0,"10":0},"f":{"0":0,"1":0,"2":0},"b":{}}
,"/Users/ramon.jiang/Desktop/Flock/FlockRN/services/recording/firebaseStorageService.ts": {"path":"/Users/ramon.jiang/Desktop/Flock/FlockRN/services/recording/firebaseStorageService.ts","statementMap":{"0":{"start":{"line":12,"column":16},"end":{"line":12,"column":31}},"1":{"start":{"line":15,"column":26},"end":{"line":70,"column":1}},"2":{"start":{"line":21,"column":19},"end":{"line":23,"column":3}},"3":{"start":{"line":26,"column":21},"end":{"line":26,"column":43}},"4":{"start":{"line":27,"column":21},"end":{"line":27,"column":69}},"5":{"start":{"line":30,"column":2},"end":{"line":69,"column":4}},"6":{"start":{"line":34,"column":23},"end":{"line":34,"column":78}},"7":{"start":{"line":35,"column":6},"end":{"line":35,"column":54}},"8":{"start":{"line":36,"column":6},"end":{"line":43,"column":7}},"9":{"start":{"line":38,"column":10},"end":{"line":38,"column":42}},"10":{"start":{"line":39,"column":10},"end":{"line":39,"column":16}},"11":{"start":{"line":41,"column":10},"end":{"line":41,"column":43}},"12":{"start":{"line":42,"column":10},"end":{"line":42,"column":16}},"13":{"start":{"line":48,"column":6},"end":{"line":61,"column":7}},"14":{"start":{"line":51,"column":10},"end":{"line":51,"column":16}},"15":{"start":{"line":54,"column":10},"end":{"line":54,"column":16}},"16":{"start":{"line":60,"column":10},"end":{"line":60,"column":16}},"17":{"start":{"line":65,"column":6},"end":{"line":67,"column":9}},"18":{"start":{"line":66,"column":8},"end":{"line":66,"column":54}},"19":{"start":{"line":72,"column":28},"end":{"line":75,"column":1}},"20":{"start":{"line":73,"column":21},"end":{"line":73,"column":43}},"21":{"start":{"line":74,"column":2},"end":{"line":74,"column":42}},"22":{"start":{"line":77,"column":23},"end":{"line":80,"column":1}}},"fnMap":{"0":{"name":"(anonymous_0)","decl":{"start":{"line":15,"column":26},"end":{"line":15,"column":27}},"loc":{"start":{"line":18,"column":20},"end":{"line":70,"column":1}},"line":18},"1":{"name":"(anonymous_1)","decl":{"start":{"line":32,"column":4},"end":{"line":32,"column":5}},"loc":{"start":{"line":32,"column":18},"end":{"line":44,"column":5}},"line":32},"2":{"name":"(anonymous_2)","decl":{"start":{"line":45,"column":4},"end":{"line":45,"column":5}},"loc":{"start":{"line":45,"column":15},"end":{"line":62,"column":5}},"line":45},"3":{"name":"(anonymous_3)","decl":{"start":{"line":63,"column":4},"end":{"line":63,"column":5}},"loc":{"start":{"line":63,"column":10},"end":{"line":68,"column":5}},"line":63},"4":{"name":"(anonymous_4)","decl":{"start":{"line":65,"column":51},"end":{"line":65,"column":52}},"loc":{"start":{"line":65,"column":68},"end":{"line":67,"column":7}},"line":65},"5":{"name":"(anonymous_5)","decl":{"start":{"line":72,"column":28},"end":{"line":72,"column":29}},"loc":{"start":{"line":72,"column":73},"end":{"line":75,"column":1}},"line":72}},"branchMap":{"0":{"loc":{"start":{"line":36,"column":6},"end":{"line":43,"column":7}},"type":"switch","locations":[{"start":{"line":37,"column":8},"end":{"line":39,"column":16}},{"start":{"line":40,"column":8},"end":{"line":42,"column":16}}],"line":36},"1":{"loc":{"start":{"line":48,"column":6},"end":{"line":61,"column":7}},"type":"switch","locations":[{"start":{"line":49,"column":8},"end":{"line":51,"column":16}},{"start":{"line":52,"column":8},"end":{"line":54,"column":16}},{"start":{"line":58,"column":8},"end":{"line":60,"column":16}}],"line":48}},"s":{"0":0,"1":0,"2":0,"3":0,"4":0,"5":0,"6":0,"7":0,"8":0,"9":0,"10":0,"11":0,"12":0,"13":0,"14":0,"15":0,"16":0,"17":0,"18":0,"19":0,"20":0,"21":0,"22":0},"f":{"0":0,"1":0,"2":0,"3":0,"4":0,"5":0},"b":{"0":[0,0],"1":[0,0,0]}}
,"/Users/ramon.jiang/Desktop/Flock/FlockRN/services/recording/transcriptionService.ts": {"path":"/Users/ramon.jiang/Desktop/Flock/FlockRN/services/recording/transcriptionService.ts","statementMap":{"0":{"start":{"line":11,"column":44},"end":{"line":11,"column":56}},"1":{"start":{"line":12,"column":46},"end":{"line":12,"column":61}},"2":{"start":{"line":15,"column":2},"end":{"line":27,"column":5}},"3":{"start":{"line":16,"column":4},"end":{"line":26,"column":5}},"4":{"start":{"line":17,"column":6},"end":{"line":23,"column":7}},"5":{"start":{"line":18,"column":8},"end":{"line":18,"column":53}},"6":{"start":{"line":20,"column":34},"end":{"line":20,"column":62}},"7":{"start":{"line":21,"column":8},"end":{"line":21,"column":50}},"8":{"start":{"line":22,"column":8},"end":{"line":22,"column":74}},"9":{"start":{"line":22,"column":35},"end":{"line":22,"column":72}},"10":{"start":{"line":25,"column":6},"end":{"line":25,"column":58}},"11":{"start":{"line":30,"column":2},"end":{"line":32,"column":5}},"12":{"start":{"line":31,"column":4},"end":{"line":31,"column":28}},"13":{"start":{"line":35,"column":2},"end":{"line":38,"column":5}},"14":{"start":{"line":37,"column":4},"end":{"line":37,"column":52}},"15":{"start":{"line":37,"column":21},"end":{"line":37,"column":45}},"16":{"start":{"line":40,"column":2},"end":{"line":42,"column":5}},"17":{"start":{"line":41,"column":4},"end":{"line":41,"column":79}},"18":{"start":{"line":44,"column":2},"end":{"line":48,"column":4}},"19":{"start":{"line":55,"column":2},"end":{"line":84,"column":3}},"20":{"start":{"line":56,"column":4},"end":{"line":80,"column":7}},"21":{"start":{"line":82,"column":4},"end":{"line":82,"column":68}},"22":{"start":{"line":83,"column":4},"end":{"line":83,"column":18}}},"fnMap":{"0":{"name":"useSpeechRecognitionService","decl":{"start":{"line":10,"column":16},"end":{"line":10,"column":43}},"loc":{"start":{"line":10,"column":46},"end":{"line":49,"column":1}},"line":10},"1":{"name":"(anonymous_1)","decl":{"start":{"line":15,"column":38},"end":{"line":15,"column":39}},"loc":{"start":{"line":15,"column":49},"end":{"line":27,"column":3}},"line":15},"2":{"name":"(anonymous_2)","decl":{"start":{"line":22,"column":25},"end":{"line":22,"column":26}},"loc":{"start":{"line":22,"column":35},"end":{"line":22,"column":72}},"line":22},"3":{"name":"(anonymous_3)","decl":{"start":{"line":30,"column":37},"end":{"line":30,"column":38}},"loc":{"start":{"line":30,"column":43},"end":{"line":32,"column":3}},"line":30},"4":{"name":"(anonymous_4)","decl":{"start":{"line":35,"column":35},"end":{"line":35,"column":36}},"loc":{"start":{"line":35,"column":41},"end":{"line":38,"column":3}},"line":35},"5":{"name":"(anonymous_5)","decl":{"start":{"line":37,"column":15},"end":{"line":37,"column":16}},"loc":{"start":{"line":37,"column":21},"end":{"line":37,"column":45}},"line":37},"6":{"name":"(anonymous_6)","decl":{"start":{"line":40,"column":37},"end":{"line":40,"column":38}},"loc":{"start":{"line":40,"column":48},"end":{"line":42,"column":3}},"line":40},"7":{"name":"transcribeAudioFile","decl":{"start":{"line":52,"column":22},"end":{"line":52,"column":41}},"loc":{"start":{"line":54,"column":2},"end":{"line":85,"column":1}},"line":54}},"branchMap":{"0":{"loc":{"start":{"line":17,"column":6},"end":{"line":23,"column":7}},"type":"if","locations":[{"start":{"line":17,"column":6},"end":{"line":23,"column":7}},{"start":{},"end":{}}],"line":17}},"s":{"0":0,"1":0,"2":0,"3":0,"4":0,"5":0,"6":0,"7":0,"8":0,"9":0,"10":0,"11":0,"12":0,"13":0,"14":0,"15":0,"16":0,"17":0,"18":0,"19":0,"20":0,"21":0,"22":0},"f":{"0":0,"1":0,"2":0,"3":0,"4":0,"5":0,"6":0,"7":0},"b":{"0":[0,0]}}
,"/Users/ramon.jiang/Desktop/Flock/FlockRN/types/ComponentProps.ts": {"path":"/Users/ramon.jiang/Desktop/Flock/FlockRN/types/ComponentProps.ts","statementMap":{},"fnMap":{},"branchMap":{},"s":{},"f":{},"b":{}}
,"/Users/ramon.jiang/Desktop/Flock/FlockRN/types/PrayerSubtypes.ts": {"path":"/Users/ramon.jiang/Desktop/Flock/FlockRN/types/PrayerSubtypes.ts","statementMap":{},"fnMap":{},"branchMap":{},"s":{},"f":{},"b":{},"_coverageSchema":"1a1c01bbd47fc00a2c39e90264f33305004495a9","hash":"ff70379b39f00901e46b726fc25a6f2cee222fd7"}
,"/Users/ramon.jiang/Desktop/Flock/FlockRN/types/Tag.ts": {"path":"/Users/ramon.jiang/Desktop/Flock/FlockRN/types/Tag.ts","statementMap":{"0":{"start":{"line":3,"column":23},"end":{"line":10,"column":1}},"1":{"start":{"line":12,"column":58},"end":{"line":19,"column":1}},"2":{"start":{"line":21,"column":26},"end":{"line":21,"column":61}},"3":{"start":{"line":23,"column":64},"end":{"line":27,"column":1}}},"fnMap":{},"branchMap":{},"s":{"0":0,"1":0,"2":0,"3":0},"f":{},"b":{}}
,"/Users/ramon.jiang/Desktop/Flock/FlockRN/types/UserFlags.ts": {"path":"/Users/ramon.jiang/Desktop/Flock/FlockRN/types/UserFlags.ts","statementMap":{"0":{"start":{"line":1,"column":44},"end":{"line":1,"column":65}},"1":{"start":{"line":9,"column":41},"end":{"line":11,"column":1}},"2":{"start":{"line":13,"column":32},"end":{"line":17,"column":1}},"3":{"start":{"line":19,"column":44},"end":{"line":19,"column":59}},"4":{"start":{"line":26,"column":41},"end":{"line":28,"column":1}}},"fnMap":{},"branchMap":{},"s":{"0":0,"1":0,"2":0,"3":0,"4":0},"f":{},"b":{}}
,"/Users/ramon.jiang/Desktop/Flock/FlockRN/types/firebase.ts": {"path":"/Users/ramon.jiang/Desktop/Flock/FlockRN/types/firebase.ts","statementMap":{},"fnMap":{},"branchMap":{},"s":{},"f":{},"b":{}}
,"/Users/ramon.jiang/Desktop/Flock/FlockRN/types/typeGuards.ts": {"path":"/Users/ramon.jiang/Desktop/Flock/FlockRN/types/typeGuards.ts","statementMap":{"0":{"start":{"line":11,"column":2},"end":{"line":26,"column":3}},"1":{"start":{"line":12,"column":4},"end":{"line":14,"column":5}},"2":{"start":{"line":13,"column":6},"end":{"line":13,"column":60}},"3":{"start":{"line":17,"column":4},"end":{"line":19,"column":5}},"4":{"start":{"line":18,"column":6},"end":{"line":18,"column":31}},"5":{"start":{"line":20,"column":4},"end":{"line":22,"column":5}},"6":{"start":{"line":21,"column":6},"end":{"line":21,"column":36}},"7":{"start":{"line":23,"column":4},"end":{"line":25,"column":5}},"8":{"start":{"line":24,"column":6},"end":{"line":24,"column":36}},"9":{"start":{"line":29,"column":2},"end":{"line":29,"column":19}},"10":{"start":{"line":33,"column":2},"end":{"line":33,"column":50}},"11":{"start":{"line":37,"column":2},"end":{"line":37,"column":55}},"12":{"start":{"line":41,"column":2},"end":{"line":41,"column":55}},"13":{"start":{"line":45,"column":2},"end":{"line":52,"column":4}},"14":{"start":{"line":56,"column":2},"end":{"line":61,"column":4}}},"fnMap":{"0":{"name":"getEntityType","decl":{"start":{"line":10,"column":16},"end":{"line":10,"column":29}},"loc":{"start":{"line":10,"column":68},"end":{"line":30,"column":1}},"line":10},"1":{"name":"isPrayer","decl":{"start":{"line":32,"column":16},"end":{"line":32,"column":24}},"loc":{"start":{"line":32,"column":54},"end":{"line":34,"column":1}},"line":32},"2":{"name":"isPrayerPoint","decl":{"start":{"line":36,"column":16},"end":{"line":36,"column":29}},"loc":{"start":{"line":36,"column":64},"end":{"line":38,"column":1}},"line":36},"3":{"name":"isPrayerTopic","decl":{"start":{"line":40,"column":16},"end":{"line":40,"column":29}},"loc":{"start":{"line":40,"column":64},"end":{"line":42,"column":1}},"line":40},"4":{"name":"isValidCreateDTO","decl":{"start":{"line":44,"column":16},"end":{"line":44,"column":32}},"loc":{"start":{"line":44,"column":76},"end":{"line":53,"column":1}},"line":44},"5":{"name":"isValidUpdateDTO","decl":{"start":{"line":55,"column":16},"end":{"line":55,"column":32}},"loc":{"start":{"line":55,"column":76},"end":{"line":62,"column":1}},"line":55}},"branchMap":{"0":{"loc":{"start":{"line":11,"column":2},"end":{"line":26,"column":3}},"type":"if","locations":[{"start":{"line":11,"column":2},"end":{"line":26,"column":3}},{"start":{},"end":{}}],"line":11},"1":{"loc":{"start":{"line":11,"column":6},"end":{"line":11,"column":45}},"type":"binary-expr","locations":[{"start":{"line":11,"column":6},"end":{"line":11,"column":29}},{"start":{"line":11,"column":33},"end":{"line":11,"column":45}}],"line":11},"2":{"loc":{"start":{"line":12,"column":4},"end":{"line":14,"column":5}},"type":"if","locations":[{"start":{"line":12,"column":4},"end":{"line":14,"column":5}},{"start":{},"end":{}}],"line":12},"3":{"loc":{"start":{"line":12,"column":8},"end":{"line":12,"column":59}},"type":"binary-expr","locations":[{"start":{"line":12,"column":8},"end":{"line":12,"column":27}},{"start":{"line":12,"column":31},"end":{"line":12,"column":59}}],"line":12},"4":{"loc":{"start":{"line":17,"column":4},"end":{"line":19,"column":5}},"type":"if","locations":[{"start":{"line":17,"column":4},"end":{"line":19,"column":5}},{"start":{},"end":{}}],"line":17},"5":{"loc":{"start":{"line":20,"column":4},"end":{"line":22,"column":5}},"type":"if","locations":[{"start":{"line":20,"column":4},"end":{"line":22,"column":5}},{"start":{},"end":{}}],"line":20},"6":{"loc":{"start":{"line":23,"column":4},"end":{"line":25,"column":5}},"type":"if","locations":[{"start":{"line":23,"column":4},"end":{"line":25,"column":5}},{"start":{},"end":{}}],"line":23},"7":{"loc":{"start":{"line":46,"column":4},"end":{"line":51,"column":61}},"type":"binary-expr","locations":[{"start":{"line":46,"column":4},"end":{"line":46,"column":27}},{"start":{"line":47,"column":4},"end":{"line":47,"column":16}},{"start":{"line":48,"column":4},"end":{"line":48,"column":59}},{"start":{"line":49,"column":4},"end":{"line":49,"column":62}},{"start":{"line":50,"column":4},"end":{"line":50,"column":60}},{"start":{"line":51,"column":4},"end":{"line":51,"column":61}}],"line":46},"8":{"loc":{"start":{"line":57,"column":4},"end":{"line":60,"column":62}},"type":"binary-expr","locations":[{"start":{"line":57,"column":4},"end":{"line":57,"column":27}},{"start":{"line":58,"column":4},"end":{"line":58,"column":16}},{"start":{"line":59,"column":4},"end":{"line":59,"column":59}},{"start":{"line":60,"column":4},"end":{"line":60,"column":62}}],"line":57}},"s":{"0":0,"1":0,"2":0,"3":0,"4":0,"5":0,"6":0,"7":0,"8":0,"9":0,"10":0,"11":0,"12":0,"13":0,"14":0},"f":{"0":0,"1":0,"2":0,"3":0,"4":0,"5":0},"b":{"0":[0,0],"1":[0,0],"2":[0,0],"3":[0,0],"4":[0,0],"5":[0,0],"6":[0,0],"7":[0,0,0,0,0,0],"8":[0,0,0,0]},"_coverageSchema":"1a1c01bbd47fc00a2c39e90264f33305004495a9","hash":"d0de3832235af37459b22822db1fc184427dbf27"}
,"/Users/ramon.jiang/Desktop/Flock/FlockRN/utils/prayerUtils.ts": {"path":"/Users/ramon.jiang/Desktop/Flock/FlockRN/utils/prayerUtils.ts","statementMap":{"0":{"start":{"line":5,"column":2},"end":{"line":7,"column":3}},"1":{"start":{"line":6,"column":4},"end":{"line":6,"column":29}},"2":{"start":{"line":8,"column":2},"end":{"line":8,"column":19}}},"fnMap":{"0":{"name":"getPrayerType","decl":{"start":{"line":4,"column":16},"end":{"line":4,"column":29}},"loc":{"start":{"line":4,"column":79},"end":{"line":9,"column":1}},"line":4}},"branchMap":{"0":{"loc":{"start":{"line":5,"column":2},"end":{"line":7,"column":3}},"type":"if","locations":[{"start":{"line":5,"column":2},"end":{"line":7,"column":3}},{"start":{},"end":{}}],"line":5}},"s":{"0":0,"1":0,"2":0},"f":{"0":0},"b":{"0":[0,0]}}
}
