{"/Users/ramon.jiang/Desktop/Flock/FlockRN/expo-env.d.ts": {"path":"/Users/ramon.jiang/Desktop/Flock/FlockRN/expo-env.d.ts","statementMap":{},"fnMap":{},"branchMap":{},"s":{},"f":{},"b":{}}
,"/Users/ramon.jiang/Desktop/Flock/FlockRN/.expo/types/router.d.ts": {"path":"/Users/ramon.jiang/Desktop/Flock/FlockRN/.expo/types/router.d.ts","statementMap":{},"fnMap":{},"branchMap":{},"s":{},"f":{},"b":{}}
,"/Users/ramon.jiang/Desktop/Flock/FlockRN/app/+not-found.tsx": {"path":"/Users/ramon.jiang/Desktop/Flock/FlockRN/app/+not-found.tsx","statementMap":{"0":{"start":{"line":7,"column":2},"end":{"line":17,"column":4}},"1":{"start":{"line":20,"column":15},"end":{"line":31,"column":2}}},"fnMap":{"0":{"name":"NotFoundScreen","decl":{"start":{"line":6,"column":24},"end":{"line":6,"column":38}},"loc":{"start":{"line":6,"column":41},"end":{"line":18,"column":1}},"line":6}},"branchMap":{},"s":{"0":0,"1":0},"f":{"0":0},"b":{}}
,"/Users/ramon.jiang/Desktop/Flock/FlockRN/app/_layout.tsx": {"path":"/Users/ramon.jiang/Desktop/Flock/FlockRN/app/_layout.tsx","statementMap":{"0":{"start":{"line":16,"column":0},"end":{"line":16,"column":36}},"1":{"start":{"line":19,"column":49},"end":{"line":19,"column":65}},"2":{"start":{"line":20,"column":33},"end":{"line":20,"column":49}},"3":{"start":{"line":21,"column":17},"end":{"line":21,"column":28}},"4":{"start":{"line":22,"column":26},"end":{"line":22,"column":57}},"5":{"start":{"line":23,"column":19},"end":{"line":25,"column":4}},"6":{"start":{"line":27,"column":34},"end":{"line":38,"column":75}},"7":{"start":{"line":28,"column":4},"end":{"line":37,"column":5}},"8":{"start":{"line":30,"column":6},"end":{"line":30,"column":42}},"9":{"start":{"line":31,"column":11},"end":{"line":37,"column":5}},"10":{"start":{"line":33,"column":6},"end":{"line":33,"column":40}},"11":{"start":{"line":36,"column":6},"end":{"line":36,"column":36}},"12":{"start":{"line":40,"column":2},"end":{"line":51,"column":5}},"13":{"start":{"line":41,"column":4},"end":{"line":44,"column":5}},"14":{"start":{"line":42,"column":6},"end":{"line":42,"column":31}},"15":{"start":{"line":43,"column":6},"end":{"line":43,"column":32}},"16":{"start":{"line":53,"column":2},"end":{"line":55,"column":3}},"17":{"start":{"line":54,"column":4},"end":{"line":54,"column":16}},"18":{"start":{"line":57,"column":2},"end":{"line":69,"column":4}},"19":{"start":{"line":72,"column":15},"end":{"line":76,"column":2}},"20":{"start":{"line":79,"column":2},"end":{"line":85,"column":4}}},"fnMap":{"0":{"name":"AppContent","decl":{"start":{"line":18,"column":16},"end":{"line":18,"column":26}},"loc":{"start":{"line":18,"column":29},"end":{"line":70,"column":1}},"line":18},"1":{"name":"(anonymous_1)","decl":{"start":{"line":27,"column":46},"end":{"line":27,"column":47}},"loc":{"start":{"line":27,"column":52},"end":{"line":38,"column":3}},"line":27},"2":{"name":"(anonymous_2)","decl":{"start":{"line":40,"column":12},"end":{"line":40,"column":13}},"loc":{"start":{"line":40,"column":18},"end":{"line":45,"column":3}},"line":40},"3":{"name":"RootLayout","decl":{"start":{"line":78,"column":24},"end":{"line":78,"column":34}},"loc":{"start":{"line":78,"column":37},"end":{"line":86,"column":1}},"line":78}},"branchMap":{"0":{"loc":{"start":{"line":28,"column":4},"end":{"line":37,"column":5}},"type":"if","locations":[{"start":{"line":28,"column":4},"end":{"line":37,"column":5}},{"start":{"line":31,"column":11},"end":{"line":37,"column":5}}],"line":28},"1":{"loc":{"start":{"line":31,"column":11},"end":{"line":37,"column":5}},"type":"if","locations":[{"start":{"line":31,"column":11},"end":{"line":37,"column":5}},{"start":{"line":34,"column":11},"end":{"line":37,"column":5}}],"line":31},"2":{"loc":{"start":{"line":41,"column":4},"end":{"line":44,"column":5}},"type":"if","locations":[{"start":{"line":41,"column":4},"end":{"line":44,"column":5}},{"start":{},"end":{}}],"line":41},"3":{"loc":{"start":{"line":41,"column":8},"end":{"line":41,"column":32}},"type":"binary-expr","locations":[{"start":{"line":41,"column":8},"end":{"line":41,"column":14}},{"start":{"line":41,"column":18},"end":{"line":41,"column":32}}],"line":41},"4":{"loc":{"start":{"line":53,"column":2},"end":{"line":55,"column":3}},"type":"if","locations":[{"start":{"line":53,"column":2},"end":{"line":55,"column":3}},{"start":{},"end":{}}],"line":53},"5":{"loc":{"start":{"line":53,"column":6},"end":{"line":53,"column":30}},"type":"binary-expr","locations":[{"start":{"line":53,"column":6},"end":{"line":53,"column":13}},{"start":{"line":53,"column":17},"end":{"line":53,"column":30}}],"line":53}},"s":{"0":0,"1":0,"2":0,"3":0,"4":0,"5":0,"6":0,"7":0,"8":0,"9":0,"10":0,"11":0,"12":0,"13":0,"14":0,"15":0,"16":0,"17":0,"18":0,"19":0,"20":0},"f":{"0":0,"1":0,"2":0,"3":0},"b":{"0":[0,0],"1":[0,0],"2":[0,0],"3":[0,0],"4":[0,0],"5":[0,0]}}
,"/Users/ramon.jiang/Desktop/Flock/FlockRN/app/about.tsx": {"path":"/Users/ramon.jiang/Desktop/Flock/FlockRN/app/about.tsx","statementMap":{"0":{"start":{"line":5,"column":2},"end":{"line":9,"column":4}},"1":{"start":{"line":12,"column":15},"end":{"line":22,"column":2}}},"fnMap":{"0":{"name":"AboutScreen","decl":{"start":{"line":4,"column":24},"end":{"line":4,"column":35}},"loc":{"start":{"line":4,"column":38},"end":{"line":10,"column":1}},"line":4}},"branchMap":{},"s":{"0":0,"1":0},"f":{"0":0},"b":{}}
,"/Users/ramon.jiang/Desktop/Flock/FlockRN/app/(tabs)/_layout.tsx": {"path":"/Users/ramon.jiang/Desktop/Flock/FlockRN/app/(tabs)/_layout.tsx","statementMap":{"0":{"start":{"line":10,"column":22},"end":{"line":10,"column":49}},"1":{"start":{"line":11,"column":26},"end":{"line":11,"column":57}},"2":{"start":{"line":13,"column":2},"end":{"line":72,"column":4}},"3":{"start":{"line":40,"column":12},"end":{"line":40,"column":66}},"4":{"start":{"line":67,"column":12},"end":{"line":67,"column":76}}},"fnMap":{"0":{"name":"TabLayout","decl":{"start":{"line":9,"column":24},"end":{"line":9,"column":33}},"loc":{"start":{"line":9,"column":36},"end":{"line":73,"column":1}},"line":9},"1":{"name":"(anonymous_1)","decl":{"start":{"line":39,"column":22},"end":{"line":39,"column":23}},"loc":{"start":{"line":40,"column":12},"end":{"line":40,"column":66}},"line":40},"2":{"name":"(anonymous_2)","decl":{"start":{"line":66,"column":22},"end":{"line":66,"column":23}},"loc":{"start":{"line":67,"column":12},"end":{"line":67,"column":76}},"line":67}},"branchMap":{"0":{"loc":{"start":{"line":10,"column":22},"end":{"line":10,"column":49}},"type":"binary-expr","locations":[{"start":{"line":10,"column":22},"end":{"line":10,"column":38}},{"start":{"line":10,"column":42},"end":{"line":10,"column":49}}],"line":10}},"s":{"0":0,"1":0,"2":0,"3":0,"4":0},"f":{"0":0,"1":0,"2":0},"b":{"0":[0,0]}}
,"/Users/ramon.jiang/Desktop/Flock/FlockRN/app/(tabs)/account.tsx": {"path":"/Users/ramon.jiang/Desktop/Flock/FlockRN/app/(tabs)/account.tsx","statementMap":{"0":{"start":{"line":14,"column":28},"end":{"line":14,"column":37}},"1":{"start":{"line":15,"column":55},"end":{"line":15,"column":71}},"2":{"start":{"line":17,"column":36},"end":{"line":21,"column":3}},"3":{"start":{"line":18,"column":25},"end":{"line":18,"column":46}},"4":{"start":{"line":19,"column":4},"end":{"line":19,"column":45}},"5":{"start":{"line":20,"column":4},"end":{"line":20,"column":41}},"6":{"start":{"line":23,"column":26},"end":{"line":30,"column":3}},"7":{"start":{"line":24,"column":4},"end":{"line":29,"column":5}},"8":{"start":{"line":25,"column":6},"end":{"line":25,"column":33}},"9":{"start":{"line":26,"column":6},"end":{"line":26,"column":72}},"10":{"start":{"line":28,"column":6},"end":{"line":28,"column":65}},"11":{"start":{"line":32,"column":2},"end":{"line":61,"column":4}},"12":{"start":{"line":40,"column":10},"end":{"line":49,"column":21}},"13":{"start":{"line":46,"column":35},"end":{"line":46,"column":71}},"14":{"start":{"line":55,"column":12},"end":{"line":55,"column":32}},"15":{"start":{"line":56,"column":12},"end":{"line":56,"column":42}},"16":{"start":{"line":64,"column":15},"end":{"line":78,"column":2}}},"fnMap":{"0":{"name":"TabTwoScreen","decl":{"start":{"line":13,"column":24},"end":{"line":13,"column":36}},"loc":{"start":{"line":13,"column":39},"end":{"line":62,"column":1}},"line":13},"1":{"name":"(anonymous_1)","decl":{"start":{"line":17,"column":36},"end":{"line":17,"column":37}},"loc":{"start":{"line":17,"column":68},"end":{"line":21,"column":3}},"line":17},"2":{"name":"(anonymous_2)","decl":{"start":{"line":23,"column":26},"end":{"line":23,"column":27}},"loc":{"start":{"line":23,"column":38},"end":{"line":30,"column":3}},"line":23},"3":{"name":"(anonymous_3)","decl":{"start":{"line":39,"column":63},"end":{"line":39,"column":64}},"loc":{"start":{"line":40,"column":10},"end":{"line":49,"column":21}},"line":40},"4":{"name":"(anonymous_4)","decl":{"start":{"line":46,"column":29},"end":{"line":46,"column":30}},"loc":{"start":{"line":46,"column":35},"end":{"line":46,"column":71}},"line":46},"5":{"name":"(anonymous_5)","decl":{"start":{"line":54,"column":19},"end":{"line":54,"column":20}},"loc":{"start":{"line":54,"column":31},"end":{"line":57,"column":11}},"line":54}},"branchMap":{"0":{"loc":{"start":{"line":44,"column":26},"end":{"line":44,"column":75}},"type":"cond-expr","locations":[{"start":{"line":44,"column":54},"end":{"line":44,"column":63}},{"start":{"line":44,"column":66},"end":{"line":44,"column":75}}],"line":44},"1":{"loc":{"start":{"line":47,"column":21},"end":{"line":47,"column":55}},"type":"binary-expr","locations":[{"start":{"line":47,"column":21},"end":{"line":47,"column":46}},{"start":{"line":47,"column":50},"end":{"line":47,"column":55}}],"line":47}},"s":{"0":0,"1":0,"2":0,"3":0,"4":0,"5":0,"6":0,"7":0,"8":0,"9":0,"10":0,"11":0,"12":0,"13":0,"14":0,"15":0,"16":0},"f":{"0":0,"1":0,"2":0,"3":0,"4":0,"5":0},"b":{"0":[0,0],"1":[0,0]}}
,"/Users/ramon.jiang/Desktop/Flock/FlockRN/app/(tabs)/(prayers)/_layout.tsx": {"path":"/Users/ramon.jiang/Desktop/Flock/FlockRN/app/(tabs)/(prayers)/_layout.tsx","statementMap":{"0":{"start":{"line":6,"column":2},"end":{"line":62,"column":4}}},"fnMap":{"0":{"name":"prayers","decl":{"start":{"line":5,"column":24},"end":{"line":5,"column":31}},"loc":{"start":{"line":5,"column":34},"end":{"line":63,"column":1}},"line":5}},"branchMap":{},"s":{"0":0},"f":{"0":0},"b":{}}
,"/Users/ramon.jiang/Desktop/Flock/FlockRN/app/(tabs)/(prayers)/index.tsx": {"path":"/Users/ramon.jiang/Desktop/Flock/FlockRN/app/(tabs)/(prayers)/index.tsx","statementMap":{"0":{"start":{"line":24,"column":6},"end":{"line":24,"column":27}},"1":{"start":{"line":26,"column":40},"end":{"line":26,"column":73}},"2":{"start":{"line":28,"column":2},"end":{"line":28,"column":26}},"3":{"start":{"line":30,"column":2},"end":{"line":80,"column":4}},"4":{"start":{"line":48,"column":14},"end":{"line":48,"column":74}},"5":{"start":{"line":54,"column":16},"end":{"line":54,"column":72}},"6":{"start":{"line":61,"column":16},"end":{"line":61,"column":62}},"7":{"start":{"line":83,"column":15},"end":{"line":94,"column":2}}},"fnMap":{"0":{"name":"TabTwoScreen","decl":{"start":{"line":16,"column":24},"end":{"line":16,"column":36}},"loc":{"start":{"line":16,"column":39},"end":{"line":81,"column":1}},"line":16},"1":{"name":"(anonymous_1)","decl":{"start":{"line":47,"column":22},"end":{"line":47,"column":23}},"loc":{"start":{"line":48,"column":14},"end":{"line":48,"column":74}},"line":48},"2":{"name":"(anonymous_2)","decl":{"start":{"line":53,"column":44},"end":{"line":53,"column":45}},"loc":{"start":{"line":54,"column":16},"end":{"line":54,"column":72}},"line":54},"3":{"name":"(anonymous_3)","decl":{"start":{"line":60,"column":39},"end":{"line":60,"column":40}},"loc":{"start":{"line":61,"column":16},"end":{"line":61,"column":62}},"line":61}},"branchMap":{"0":{"loc":{"start":{"line":38,"column":35},"end":{"line":38,"column":95}},"type":"cond-expr","locations":[{"start":{"line":38,"column":68},"end":{"line":38,"column":83}},{"start":{"line":38,"column":86},"end":{"line":38,"column":95}}],"line":38},"1":{"loc":{"start":{"line":46,"column":27},"end":{"line":46,"column":65}},"type":"cond-expr","locations":[{"start":{"line":46,"column":60},"end":{"line":46,"column":61}},{"start":{"line":46,"column":64},"end":{"line":46,"column":65}}],"line":46},"2":{"loc":{"start":{"line":48,"column":29},"end":{"line":48,"column":73}},"type":"cond-expr","locations":[{"start":{"line":48,"column":43},"end":{"line":48,"column":57}},{"start":{"line":48,"column":60},"end":{"line":48,"column":73}}],"line":48},"3":{"loc":{"start":{"line":51,"column":11},"end":{"line":57,"column":11}},"type":"binary-expr","locations":[{"start":{"line":51,"column":11},"end":{"line":51,"column":41}},{"start":{"line":52,"column":12},"end":{"line":56,"column":31}}],"line":51},"4":{"loc":{"start":{"line":58,"column":11},"end":{"line":64,"column":11}},"type":"binary-expr","locations":[{"start":{"line":58,"column":11},"end":{"line":58,"column":40}},{"start":{"line":59,"column":12},"end":{"line":63,"column":31}}],"line":58}},"s":{"0":0,"1":0,"2":0,"3":0,"4":0,"5":0,"6":0,"7":0},"f":{"0":0,"1":0,"2":0,"3":0},"b":{"0":[0,0],"1":[0,0],"2":[0,0],"3":[0,0],"4":[0,0]}}
,"/Users/ramon.jiang/Desktop/Flock/FlockRN/app/(tabs)/(prayers)/prayerPointView.tsx": {"path":"/Users/ramon.jiang/Desktop/Flock/FlockRN/app/(tabs)/(prayers)/prayerPointView.tsx","statementMap":{"0":{"start":{"line":26,"column":24},"end":{"line":220,"column":1}},"1":{"start":{"line":27,"column":32},"end":{"line":29,"column":3}},"2":{"start":{"line":32,"column":4},"end":{"line":32,"column":25}},"3":{"start":{"line":36,"column":4},"end":{"line":36,"column":64}},"4":{"start":{"line":36,"column":33},"end":{"line":36,"column":55}},"5":{"start":{"line":38,"column":15},"end":{"line":38,"column":36}},"6":{"start":{"line":39,"column":28},"end":{"line":39,"column":57}},"7":{"start":{"line":40,"column":38},"end":{"line":40,"column":62}},"8":{"start":{"line":41,"column":38},"end":{"line":41,"column":62}},"9":{"start":{"line":42,"column":26},"end":{"line":42,"column":66}},"10":{"start":{"line":43,"column":20},"end":{"line":43,"column":52}},"11":{"start":{"line":44,"column":18},"end":{"line":44,"column":74}},"12":{"start":{"line":45,"column":24},"end":{"line":45,"column":48}},"13":{"start":{"line":47,"column":27},"end":{"line":59,"column":39}},"14":{"start":{"line":48,"column":4},"end":{"line":58,"column":5}},"15":{"start":{"line":49,"column":28},"end":{"line":49,"column":77}},"16":{"start":{"line":50,"column":6},"end":{"line":52,"column":7}},"17":{"start":{"line":51,"column":8},"end":{"line":51,"column":55}},"18":{"start":{"line":54,"column":6},"end":{"line":54,"column":25}},"19":{"start":{"line":55,"column":6},"end":{"line":55,"column":65}},"20":{"start":{"line":57,"column":6},"end":{"line":57,"column":27}},"21":{"start":{"line":61,"column":20},"end":{"line":64,"column":3}},"22":{"start":{"line":62,"column":4},"end":{"line":62,"column":24}},"23":{"start":{"line":63,"column":4},"end":{"line":63,"column":23}},"24":{"start":{"line":66,"column":2},"end":{"line":68,"column":9}},"25":{"start":{"line":67,"column":4},"end":{"line":67,"column":59}},"26":{"start":{"line":70,"column":21},"end":{"line":88,"column":3}},"27":{"start":{"line":71,"column":4},"end":{"line":71,"column":29}},"28":{"start":{"line":71,"column":22},"end":{"line":71,"column":29}},"29":{"start":{"line":73,"column":4},"end":{"line":73,"column":67}},"30":{"start":{"line":75,"column":4},"end":{"line":87,"column":5}},"31":{"start":{"line":77,"column":6},"end":{"line":83,"column":9}},"32":{"start":{"line":85,"column":6},"end":{"line":85,"column":63}},"33":{"start":{"line":86,"column":6},"end":{"line":86,"column":64}},"34":{"start":{"line":90,"column":23},"end":{"line":133,"column":3}},"35":{"start":{"line":91,"column":4},"end":{"line":91,"column":55}},"36":{"start":{"line":91,"column":48},"end":{"line":91,"column":55}},"37":{"start":{"line":94,"column":4},"end":{"line":132,"column":6}},"38":{"start":{"line":106,"column":12},"end":{"line":106,"column":32}},"39":{"start":{"line":107,"column":12},"end":{"line":128,"column":13}},"40":{"start":{"line":108,"column":14},"end":{"line":111,"column":16}},"41":{"start":{"line":114,"column":14},"end":{"line":116,"column":15}},"42":{"start":{"line":115,"column":16},"end":{"line":115,"column":67}},"43":{"start":{"line":118,"column":14},"end":{"line":118,"column":74}},"44":{"start":{"line":119,"column":14},"end":{"line":119,"column":28}},"45":{"start":{"line":121,"column":14},"end":{"line":121,"column":67}},"46":{"start":{"line":122,"column":14},"end":{"line":125,"column":16}},"47":{"start":{"line":127,"column":14},"end":{"line":127,"column":35}},"48":{"start":{"line":135,"column":24},"end":{"line":151,"column":6}},"49":{"start":{"line":136,"column":4},"end":{"line":136,"column":55}},"50":{"start":{"line":136,"column":33},"end":{"line":136,"column":55}},"51":{"start":{"line":139,"column":6},"end":{"line":144,"column":43}},"52":{"start":{"line":146,"column":4},"end":{"line":150,"column":7}},"53":{"start":{"line":153,"column":2},"end":{"line":219,"column":4}},"54":{"start":{"line":183,"column":18},"end":{"line":183,"column":79}},"55":{"start":{"line":222,"column":15},"end":{"line":266,"column":2}}},"fnMap":{"0":{"name":"(anonymous_0)","decl":{"start":{"line":26,"column":24},"end":{"line":26,"column":25}},"loc":{"start":{"line":26,"column":30},"end":{"line":220,"column":1}},"line":26},"1":{"name":"(anonymous_1)","decl":{"start":{"line":36,"column":26},"end":{"line":36,"column":27}},"loc":{"start":{"line":36,"column":33},"end":{"line":36,"column":55}},"line":36},"2":{"name":"(anonymous_2)","decl":{"start":{"line":47,"column":39},"end":{"line":47,"column":40}},"loc":{"start":{"line":47,"column":51},"end":{"line":59,"column":3}},"line":47},"3":{"name":"(anonymous_3)","decl":{"start":{"line":61,"column":20},"end":{"line":61,"column":21}},"loc":{"start":{"line":61,"column":26},"end":{"line":64,"column":3}},"line":61},"4":{"name":"(anonymous_4)","decl":{"start":{"line":66,"column":12},"end":{"line":66,"column":13}},"loc":{"start":{"line":66,"column":18},"end":{"line":68,"column":3}},"line":66},"5":{"name":"(anonymous_5)","decl":{"start":{"line":70,"column":21},"end":{"line":70,"column":22}},"loc":{"start":{"line":70,"column":27},"end":{"line":88,"column":3}},"line":70},"6":{"name":"(anonymous_6)","decl":{"start":{"line":90,"column":23},"end":{"line":90,"column":24}},"loc":{"start":{"line":90,"column":29},"end":{"line":133,"column":3}},"line":90},"7":{"name":"(anonymous_7)","decl":{"start":{"line":105,"column":19},"end":{"line":105,"column":20}},"loc":{"start":{"line":105,"column":31},"end":{"line":129,"column":11}},"line":105},"8":{"name":"(anonymous_8)","decl":{"start":{"line":135,"column":25},"end":{"line":135,"column":26}},"loc":{"start":{"line":135,"column":31},"end":{"line":151,"column":3}},"line":135},"9":{"name":"(anonymous_9)","decl":{"start":{"line":182,"column":29},"end":{"line":182,"column":30}},"loc":{"start":{"line":183,"column":18},"end":{"line":183,"column":79}},"line":183}},"branchMap":{"0":{"loc":{"start":{"line":36,"column":4},"end":{"line":36,"column":64}},"type":"binary-expr","locations":[{"start":{"line":36,"column":4},"end":{"line":36,"column":56}},{"start":{"line":36,"column":60},"end":{"line":36,"column":64}}],"line":36},"1":{"loc":{"start":{"line":44,"column":18},"end":{"line":44,"column":74}},"type":"binary-expr","locations":[{"start":{"line":44,"column":18},"end":{"line":44,"column":29}},{"start":{"line":44,"column":33},"end":{"line":44,"column":37}},{"start":{"line":44,"column":41},"end":{"line":44,"column":74}}],"line":44},"2":{"loc":{"start":{"line":50,"column":6},"end":{"line":52,"column":7}},"type":"if","locations":[{"start":{"line":50,"column":6},"end":{"line":52,"column":7}},{"start":{},"end":{}}],"line":50},"3":{"loc":{"start":{"line":71,"column":4},"end":{"line":71,"column":29}},"type":"if","locations":[{"start":{"line":71,"column":4},"end":{"line":71,"column":29}},{"start":{},"end":{}}],"line":71},"4":{"loc":{"start":{"line":91,"column":4},"end":{"line":91,"column":55}},"type":"if","locations":[{"start":{"line":91,"column":4},"end":{"line":91,"column":55}},{"start":{},"end":{}}],"line":91},"5":{"loc":{"start":{"line":91,"column":8},"end":{"line":91,"column":46}},"type":"binary-expr","locations":[{"start":{"line":91,"column":8},"end":{"line":91,"column":20}},{"start":{"line":91,"column":24},"end":{"line":91,"column":46}}],"line":91},"6":{"loc":{"start":{"line":114,"column":14},"end":{"line":116,"column":15}},"type":"if","locations":[{"start":{"line":114,"column":14},"end":{"line":116,"column":15}},{"start":{},"end":{}}],"line":114},"7":{"loc":{"start":{"line":136,"column":4},"end":{"line":136,"column":55}},"type":"if","locations":[{"start":{"line":136,"column":4},"end":{"line":136,"column":55}},{"start":{},"end":{}}],"line":136},"8":{"loc":{"start":{"line":139,"column":6},"end":{"line":144,"column":43}},"type":"cond-expr","locations":[{"start":{"line":140,"column":10},"end":{"line":140,"column":31}},{"start":{"line":141,"column":10},"end":{"line":144,"column":43}}],"line":139},"9":{"loc":{"start":{"line":141,"column":10},"end":{"line":144,"column":43}},"type":"cond-expr","locations":[{"start":{"line":143,"column":12},"end":{"line":143,"column":58}},{"start":{"line":144,"column":12},"end":{"line":144,"column":43}}],"line":141},"10":{"loc":{"start":{"line":141,"column":10},"end":{"line":142,"column":46}},"type":"binary-expr","locations":[{"start":{"line":141,"column":10},"end":{"line":141,"column":51}},{"start":{"line":142,"column":12},"end":{"line":142,"column":46}}],"line":141},"11":{"loc":{"start":{"line":165,"column":9},"end":{"line":207,"column":9}},"type":"cond-expr","locations":[{"start":{"line":166,"column":10},"end":{"line":169,"column":12}},{"start":{"line":170,"column":12},"end":{"line":207,"column":9}}],"line":165},"12":{"loc":{"start":{"line":170,"column":12},"end":{"line":207,"column":9}},"type":"cond-expr","locations":[{"start":{"line":171,"column":10},"end":{"line":177,"column":13}},{"start":{"line":178,"column":12},"end":{"line":207,"column":9}}],"line":170},"13":{"loc":{"start":{"line":178,"column":12},"end":{"line":207,"column":9}},"type":"cond-expr","locations":[{"start":{"line":179,"column":10},"end":{"line":199,"column":13}},{"start":{"line":201,"column":10},"end":{"line":206,"column":17}}],"line":178},"14":{"loc":{"start":{"line":183,"column":18},"end":{"line":183,"column":79}},"type":"binary-expr","locations":[{"start":{"line":183,"column":18},"end":{"line":183,"column":25}},{"start":{"line":183,"column":29},"end":{"line":183,"column":79}}],"line":183},"15":{"loc":{"start":{"line":211,"column":7},"end":{"line":217,"column":7}},"type":"binary-expr","locations":[{"start":{"line":211,"column":7},"end":{"line":211,"column":13}},{"start":{"line":211,"column":17},"end":{"line":211,"column":28}},{"start":{"line":211,"column":32},"end":{"line":211,"column":39}},{"start":{"line":212,"column":8},"end":{"line":216,"column":27}}],"line":211}},"s":{"0":0,"1":0,"2":0,"3":0,"4":0,"5":0,"6":0,"7":0,"8":0,"9":0,"10":0,"11":0,"12":0,"13":0,"14":0,"15":0,"16":0,"17":0,"18":0,"19":0,"20":0,"21":0,"22":0,"23":0,"24":0,"25":0,"26":0,"27":0,"28":0,"29":0,"30":0,"31":0,"32":0,"33":0,"34":0,"35":0,"36":0,"37":0,"38":0,"39":0,"40":0,"41":0,"42":0,"43":0,"44":0,"45":0,"46":0,"47":0,"48":0,"49":0,"50":0,"51":0,"52":0,"53":0,"54":0,"55":0},"f":{"0":0,"1":0,"2":0,"3":0,"4":0,"5":0,"6":0,"7":0,"8":0,"9":0},"b":{"0":[0,0],"1":[0,0,0],"2":[0,0],"3":[0,0],"4":[0,0],"5":[0,0],"6":[0,0],"7":[0,0],"8":[0,0],"9":[0,0],"10":[0,0],"11":[0,0],"12":[0,0],"13":[0,0],"14":[0,0],"15":[0,0,0,0]}}
,"/Users/ramon.jiang/Desktop/Flock/FlockRN/app/(tabs)/(prayers)/prayerView.tsx": {"path":"/Users/ramon.jiang/Desktop/Flock/FlockRN/app/(tabs)/(prayers)/prayerView.tsx","statementMap":{"0":{"start":{"line":19,"column":19},"end":{"line":140,"column":1}},"1":{"start":{"line":20,"column":17},"end":{"line":22,"column":6}},"2":{"start":{"line":24,"column":44},"end":{"line":24,"column":65}},"3":{"start":{"line":26,"column":42},"end":{"line":26,"column":69}},"4":{"start":{"line":29,"column":17},"end":{"line":29,"column":63}},"5":{"start":{"line":29,"column":46},"end":{"line":29,"column":62}},"6":{"start":{"line":31,"column":15},"end":{"line":31,"column":36}},"7":{"start":{"line":32,"column":28},"end":{"line":32,"column":57}},"8":{"start":{"line":33,"column":38},"end":{"line":33,"column":62}},"9":{"start":{"line":34,"column":22},"end":{"line":34,"column":62}},"10":{"start":{"line":35,"column":18},"end":{"line":35,"column":64}},"11":{"start":{"line":36,"column":24},"end":{"line":36,"column":48}},"12":{"start":{"line":38,"column":22},"end":{"line":50,"column":28}},"13":{"start":{"line":39,"column":4},"end":{"line":49,"column":5}},"14":{"start":{"line":40,"column":28},"end":{"line":40,"column":61}},"15":{"start":{"line":41,"column":6},"end":{"line":43,"column":7}},"16":{"start":{"line":42,"column":8},"end":{"line":42,"column":50}},"17":{"start":{"line":45,"column":6},"end":{"line":45,"column":25}},"18":{"start":{"line":46,"column":6},"end":{"line":46,"column":65}},"19":{"start":{"line":48,"column":6},"end":{"line":48,"column":27}},"20":{"start":{"line":52,"column":28},"end":{"line":70,"column":73}},"21":{"start":{"line":53,"column":4},"end":{"line":69,"column":5}},"22":{"start":{"line":54,"column":6},"end":{"line":63,"column":7}},"23":{"start":{"line":55,"column":36},"end":{"line":58,"column":9}},"24":{"start":{"line":59,"column":8},"end":{"line":59,"column":51}},"25":{"start":{"line":60,"column":8},"end":{"line":62,"column":10}},"26":{"start":{"line":61,"column":10},"end":{"line":61,"column":54}},"27":{"start":{"line":65,"column":6},"end":{"line":65,"column":25}},"28":{"start":{"line":66,"column":6},"end":{"line":66,"column":72}},"29":{"start":{"line":68,"column":6},"end":{"line":68,"column":27}},"30":{"start":{"line":72,"column":2},"end":{"line":74,"column":30}},"31":{"start":{"line":73,"column":4},"end":{"line":73,"column":24}},"32":{"start":{"line":76,"column":20},"end":{"line":80,"column":3}},"33":{"start":{"line":77,"column":4},"end":{"line":77,"column":24}},"34":{"start":{"line":78,"column":4},"end":{"line":78,"column":18}},"35":{"start":{"line":79,"column":4},"end":{"line":79,"column":24}},"36":{"start":{"line":82,"column":2},"end":{"line":84,"column":9}},"37":{"start":{"line":83,"column":4},"end":{"line":83,"column":59}},"38":{"start":{"line":86,"column":21},"end":{"line":97,"column":3}},"39":{"start":{"line":87,"column":4},"end":{"line":87,"column":24}},"40":{"start":{"line":87,"column":17},"end":{"line":87,"column":24}},"41":{"start":{"line":90,"column":4},"end":{"line":96,"column":7}},"42":{"start":{"line":99,"column":2},"end":{"line":139,"column":4}},"43":{"start":{"line":116,"column":18},"end":{"line":116,"column":79}},"44":{"start":{"line":142,"column":15},"end":{"line":148,"column":2}}},"fnMap":{"0":{"name":"(anonymous_0)","decl":{"start":{"line":19,"column":19},"end":{"line":19,"column":20}},"loc":{"start":{"line":19,"column":25},"end":{"line":140,"column":1}},"line":19},"1":{"name":"(anonymous_1)","decl":{"start":{"line":29,"column":34},"end":{"line":29,"column":35}},"loc":{"start":{"line":29,"column":46},"end":{"line":29,"column":62}},"line":29},"2":{"name":"(anonymous_2)","decl":{"start":{"line":38,"column":34},"end":{"line":38,"column":35}},"loc":{"start":{"line":38,"column":46},"end":{"line":50,"column":3}},"line":38},"3":{"name":"(anonymous_3)","decl":{"start":{"line":52,"column":40},"end":{"line":52,"column":41}},"loc":{"start":{"line":52,"column":52},"end":{"line":70,"column":3}},"line":52},"4":{"name":"(anonymous_4)","decl":{"start":{"line":60,"column":37},"end":{"line":60,"column":38}},"loc":{"start":{"line":61,"column":10},"end":{"line":61,"column":54}},"line":61},"5":{"name":"(anonymous_5)","decl":{"start":{"line":72,"column":12},"end":{"line":72,"column":13}},"loc":{"start":{"line":72,"column":18},"end":{"line":74,"column":3}},"line":72},"6":{"name":"(anonymous_6)","decl":{"start":{"line":76,"column":20},"end":{"line":76,"column":21}},"loc":{"start":{"line":76,"column":26},"end":{"line":80,"column":3}},"line":76},"7":{"name":"(anonymous_7)","decl":{"start":{"line":82,"column":12},"end":{"line":82,"column":13}},"loc":{"start":{"line":82,"column":18},"end":{"line":84,"column":3}},"line":82},"8":{"name":"(anonymous_8)","decl":{"start":{"line":86,"column":21},"end":{"line":86,"column":22}},"loc":{"start":{"line":86,"column":27},"end":{"line":97,"column":3}},"line":86},"9":{"name":"(anonymous_9)","decl":{"start":{"line":115,"column":29},"end":{"line":115,"column":30}},"loc":{"start":{"line":116,"column":18},"end":{"line":116,"column":79}},"line":116}},"branchMap":{"0":{"loc":{"start":{"line":35,"column":18},"end":{"line":35,"column":64}},"type":"binary-expr","locations":[{"start":{"line":35,"column":18},"end":{"line":35,"column":24}},{"start":{"line":35,"column":28},"end":{"line":35,"column":32}},{"start":{"line":35,"column":36},"end":{"line":35,"column":64}}],"line":35},"1":{"loc":{"start":{"line":41,"column":6},"end":{"line":43,"column":7}},"type":"if","locations":[{"start":{"line":41,"column":6},"end":{"line":43,"column":7}},{"start":{},"end":{}}],"line":41},"2":{"loc":{"start":{"line":54,"column":6},"end":{"line":63,"column":7}},"type":"if","locations":[{"start":{"line":54,"column":6},"end":{"line":63,"column":7}},{"start":{},"end":{}}],"line":54},"3":{"loc":{"start":{"line":54,"column":10},"end":{"line":54,"column":57}},"type":"binary-expr","locations":[{"start":{"line":54,"column":10},"end":{"line":54,"column":14}},{"start":{"line":54,"column":18},"end":{"line":54,"column":57}}],"line":54},"4":{"loc":{"start":{"line":54,"column":19},"end":{"line":54,"column":45}},"type":"binary-expr","locations":[{"start":{"line":54,"column":19},"end":{"line":54,"column":39}},{"start":{"line":54,"column":43},"end":{"line":54,"column":45}}],"line":54},"5":{"loc":{"start":{"line":59,"column":24},"end":{"line":59,"column":49}},"type":"binary-expr","locations":[{"start":{"line":59,"column":24},"end":{"line":59,"column":43}},{"start":{"line":59,"column":47},"end":{"line":59,"column":49}}],"line":59},"6":{"loc":{"start":{"line":87,"column":4},"end":{"line":87,"column":24}},"type":"if","locations":[{"start":{"line":87,"column":4},"end":{"line":87,"column":24}},{"start":{},"end":{}}],"line":87},"7":{"loc":{"start":{"line":105,"column":7},"end":{"line":137,"column":7}},"type":"cond-expr","locations":[{"start":{"line":106,"column":8},"end":{"line":109,"column":10}},{"start":{"line":111,"column":8},"end":{"line":136,"column":9}}],"line":105},"8":{"loc":{"start":{"line":111,"column":8},"end":{"line":136,"column":9}},"type":"binary-expr","locations":[{"start":{"line":111,"column":8},"end":{"line":111,"column":14}},{"start":{"line":112,"column":10},"end":{"line":135,"column":13}}],"line":111},"9":{"loc":{"start":{"line":116,"column":18},"end":{"line":116,"column":79}},"type":"binary-expr","locations":[{"start":{"line":116,"column":18},"end":{"line":116,"column":25}},{"start":{"line":116,"column":29},"end":{"line":116,"column":79}}],"line":116},"10":{"loc":{"start":{"line":129,"column":13},"end":{"line":134,"column":13}},"type":"binary-expr","locations":[{"start":{"line":129,"column":13},"end":{"line":129,"column":25}},{"start":{"line":130,"column":14},"end":{"line":133,"column":16}}],"line":129}},"s":{"0":0,"1":0,"2":0,"3":0,"4":0,"5":0,"6":0,"7":0,"8":0,"9":0,"10":0,"11":0,"12":0,"13":0,"14":0,"15":0,"16":0,"17":0,"18":0,"19":0,"20":0,"21":0,"22":0,"23":0,"24":0,"25":0,"26":0,"27":0,"28":0,"29":0,"30":0,"31":0,"32":0,"33":0,"34":0,"35":0,"36":0,"37":0,"38":0,"39":0,"40":0,"41":0,"42":0,"43":0,"44":0},"f":{"0":0,"1":0,"2":0,"3":0,"4":0,"5":0,"6":0,"7":0,"8":0,"9":0},"b":{"0":[0,0,0],"1":[0,0],"2":[0,0],"3":[0,0],"4":[0,0],"5":[0,0],"6":[0,0],"7":[0,0],"8":[0,0],"9":[0,0],"10":[0,0]}}
,"/Users/ramon.jiang/Desktop/Flock/FlockRN/app/(tabs)/(prayers)/(createPrayer)/_layout.tsx": {"path":"/Users/ramon.jiang/Desktop/Flock/FlockRN/app/(tabs)/(prayers)/(createPrayer)/_layout.tsx","statementMap":{"0":{"start":{"line":5,"column":2},"end":{"line":38,"column":4}}},"fnMap":{"0":{"name":"CreatePrayerFlowLayout","decl":{"start":{"line":4,"column":24},"end":{"line":4,"column":46}},"loc":{"start":{"line":4,"column":49},"end":{"line":39,"column":1}},"line":4}},"branchMap":{},"s":{"0":0},"f":{"0":0},"b":{}}
,"/Users/ramon.jiang/Desktop/Flock/FlockRN/app/(tabs)/(prayers)/(createPrayer)/createPrayer.tsx": {"path":"/Users/ramon.jiang/Desktop/Flock/FlockRN/app/(tabs)/(prayers)/(createPrayer)/createPrayer.tsx","statementMap":{"0":{"start":{"line":20,"column":32},"end":{"line":20,"column":44}},"1":{"start":{"line":22,"column":21},"end":{"line":33,"column":3}},"2":{"start":{"line":23,"column":4},"end":{"line":26,"column":5}},"3":{"start":{"line":24,"column":6},"end":{"line":24,"column":73}},"4":{"start":{"line":25,"column":6},"end":{"line":25,"column":13}},"5":{"start":{"line":29,"column":4},"end":{"line":32,"column":7}},"6":{"start":{"line":35,"column":23},"end":{"line":38,"column":3}},"7":{"start":{"line":37,"column":4},"end":{"line":37,"column":67}},"8":{"start":{"line":40,"column":29},"end":{"line":40,"column":43}},"9":{"start":{"line":42,"column":2},"end":{"line":47,"column":4}},"10":{"start":{"line":44,"column":6},"end":{"line":44,"column":23}},"11":{"start":{"line":45,"column":6},"end":{"line":45,"column":21}},"12":{"start":{"line":49,"column":2},"end":{"line":83,"column":4}},"13":{"start":{"line":57,"column":29},"end":{"line":57,"column":79}},"14":{"start":{"line":59,"column":12},"end":{"line":59,"column":65}},"15":{"start":{"line":86,"column":15},"end":{"line":123,"column":2}}},"fnMap":{"0":{"name":"PrayerWriteScreen","decl":{"start":{"line":19,"column":24},"end":{"line":19,"column":41}},"loc":{"start":{"line":19,"column":44},"end":{"line":84,"column":1}},"line":19},"1":{"name":"(anonymous_1)","decl":{"start":{"line":22,"column":21},"end":{"line":22,"column":22}},"loc":{"start":{"line":22,"column":27},"end":{"line":33,"column":3}},"line":22},"2":{"name":"(anonymous_2)","decl":{"start":{"line":35,"column":23},"end":{"line":35,"column":24}},"loc":{"start":{"line":35,"column":29},"end":{"line":38,"column":3}},"line":35},"3":{"name":"(anonymous_3)","decl":{"start":{"line":43,"column":16},"end":{"line":43,"column":17}},"loc":{"start":{"line":43,"column":22},"end":{"line":46,"column":5}},"line":43},"4":{"name":"(anonymous_4)","decl":{"start":{"line":57,"column":23},"end":{"line":57,"column":24}},"loc":{"start":{"line":57,"column":29},"end":{"line":57,"column":79}},"line":57},"5":{"name":"(anonymous_5)","decl":{"start":{"line":58,"column":22},"end":{"line":58,"column":23}},"loc":{"start":{"line":59,"column":12},"end":{"line":59,"column":65}},"line":59}},"branchMap":{"0":{"loc":{"start":{"line":23,"column":4},"end":{"line":26,"column":5}},"type":"if","locations":[{"start":{"line":23,"column":4},"end":{"line":26,"column":5}},{"start":{},"end":{}}],"line":23},"1":{"loc":{"start":{"line":52,"column":16},"end":{"line":52,"column":60}},"type":"cond-expr","locations":[{"start":{"line":52,"column":40},"end":{"line":52,"column":49}},{"start":{"line":52,"column":52},"end":{"line":52,"column":60}}],"line":52},"2":{"loc":{"start":{"line":53,"column":30},"end":{"line":53,"column":60}},"type":"cond-expr","locations":[{"start":{"line":53,"column":54},"end":{"line":53,"column":56}},{"start":{"line":53,"column":59},"end":{"line":53,"column":60}}],"line":53}},"s":{"0":0,"1":0,"2":0,"3":0,"4":0,"5":0,"6":0,"7":0,"8":0,"9":0,"10":0,"11":0,"12":0,"13":0,"14":0,"15":0},"f":{"0":0,"1":0,"2":0,"3":0,"4":0,"5":0},"b":{"0":[0,0],"1":[0,0],"2":[0,0]}}
,"/Users/ramon.jiang/Desktop/Flock/FlockRN/app/(tabs)/(prayers)/(createPrayer)/prayerMetadata.tsx": {"path":"/Users/ramon.jiang/Desktop/Flock/FlockRN/app/(tabs)/(prayers)/(createPrayer)/prayerMetadata.tsx","statementMap":{"0":{"start":{"line":34,"column":29},"end":{"line":34,"column":45}},"1":{"start":{"line":35,"column":24},"end":{"line":35,"column":51}},"2":{"start":{"line":36,"column":17},"end":{"line":40,"column":6}},"3":{"start":{"line":42,"column":26},"end":{"line":48,"column":50}},"4":{"start":{"line":43,"column":4},"end":{"line":47,"column":6}},"5":{"start":{"line":51,"column":38},"end":{"line":51,"column":53}},"6":{"start":{"line":52,"column":32},"end":{"line":52,"column":73}},"7":{"start":{"line":53,"column":36},"end":{"line":53,"column":51}},"8":{"start":{"line":54,"column":38},"end":{"line":54,"column":53}},"9":{"start":{"line":55,"column":40},"end":{"line":55,"column":55}},"10":{"start":{"line":56,"column":44},"end":{"line":56,"column":58}},"11":{"start":{"line":57,"column":42},"end":{"line":57,"column":69}},"12":{"start":{"line":58,"column":44},"end":{"line":58,"column":65}},"13":{"start":{"line":59,"column":37},"end":{"line":71,"column":4}},"14":{"start":{"line":72,"column":22},"end":{"line":72,"column":62}},"15":{"start":{"line":74,"column":25},"end":{"line":108,"column":4}},"16":{"start":{"line":75,"column":4},"end":{"line":75,"column":25}},"17":{"start":{"line":76,"column":20},"end":{"line":76,"column":66}},"18":{"start":{"line":77,"column":4},"end":{"line":102,"column":5}},"19":{"start":{"line":78,"column":23},"end":{"line":82,"column":7}},"20":{"start":{"line":84,"column":6},"end":{"line":87,"column":10}},"21":{"start":{"line":84,"column":40},"end":{"line":87,"column":7}},"22":{"start":{"line":89,"column":34},"end":{"line":94,"column":9}},"23":{"start":{"line":89,"column":72},"end":{"line":94,"column":7}},"24":{"start":{"line":96,"column":6},"end":{"line":96,"column":43}},"25":{"start":{"line":98,"column":6},"end":{"line":98,"column":51}},"26":{"start":{"line":101,"column":6},"end":{"line":101,"column":28}},"27":{"start":{"line":110,"column":21},"end":{"line":129,"column":39}},"28":{"start":{"line":111,"column":4},"end":{"line":111,"column":36}},"29":{"start":{"line":111,"column":29},"end":{"line":111,"column":36}},"30":{"start":{"line":114,"column":26},"end":{"line":114,"column":78}},"31":{"start":{"line":114,"column":50},"end":{"line":114,"column":77}},"32":{"start":{"line":116,"column":4},"end":{"line":119,"column":5}},"33":{"start":{"line":117,"column":6},"end":{"line":117,"column":45}},"34":{"start":{"line":118,"column":6},"end":{"line":118,"column":13}},"35":{"start":{"line":121,"column":4},"end":{"line":128,"column":5}},"36":{"start":{"line":122,"column":28},"end":{"line":122,"column":77}},"37":{"start":{"line":123,"column":6},"end":{"line":125,"column":7}},"38":{"start":{"line":124,"column":8},"end":{"line":124,"column":47}},"39":{"start":{"line":127,"column":6},"end":{"line":127,"column":52}},"40":{"start":{"line":131,"column":24},"end":{"line":160,"column":4}},"41":{"start":{"line":133,"column":4},"end":{"line":151,"column":5}},"42":{"start":{"line":134,"column":6},"end":{"line":134,"column":26}},"43":{"start":{"line":135,"column":6},"end":{"line":135,"column":19}},"44":{"start":{"line":137,"column":6},"end":{"line":137,"column":27}},"45":{"start":{"line":138,"column":6},"end":{"line":150,"column":7}},"46":{"start":{"line":139,"column":8},"end":{"line":142,"column":12}},"47":{"start":{"line":139,"column":42},"end":{"line":142,"column":9}},"48":{"start":{"line":143,"column":13},"end":{"line":150,"column":7}},"49":{"start":{"line":144,"column":8},"end":{"line":144,"column":25}},"50":{"start":{"line":145,"column":13},"end":{"line":150,"column":7}},"51":{"start":{"line":146,"column":8},"end":{"line":149,"column":12}},"52":{"start":{"line":146,"column":42},"end":{"line":149,"column":9}},"53":{"start":{"line":162,"column":29},"end":{"line":220,"column":3}},"54":{"start":{"line":166,"column":4},"end":{"line":219,"column":5}},"55":{"start":{"line":168,"column":49},"end":{"line":186,"column":7}},"56":{"start":{"line":170,"column":10},"end":{"line":183,"column":11}},"57":{"start":{"line":171,"column":26},"end":{"line":171,"column":66}},"58":{"start":{"line":173,"column":14},"end":{"line":173,"column":60}},"59":{"start":{"line":175,"column":12},"end":{"line":182,"column":13}},"60":{"start":{"line":176,"column":14},"end":{"line":179,"column":16}},"61":{"start":{"line":181,"column":14},"end":{"line":181,"column":71}},"62":{"start":{"line":184,"column":10},"end":{"line":184,"column":23}},"63":{"start":{"line":190,"column":8},"end":{"line":209,"column":11}},"64":{"start":{"line":190,"column":50},"end":{"line":209,"column":9}},"65":{"start":{"line":213,"column":8},"end":{"line":213,"column":63}},"66":{"start":{"line":215,"column":6},"end":{"line":215,"column":28}},"67":{"start":{"line":217,"column":6},"end":{"line":217,"column":57}},"68":{"start":{"line":218,"column":6},"end":{"line":218,"column":16}},"69":{"start":{"line":222,"column":2},"end":{"line":224,"column":22}},"70":{"start":{"line":223,"column":4},"end":{"line":223,"column":20}},"71":{"start":{"line":226,"column":29},"end":{"line":231,"column":3}},"72":{"start":{"line":227,"column":4},"end":{"line":230,"column":8}},"73":{"start":{"line":227,"column":38},"end":{"line":230,"column":5}},"74":{"start":{"line":233,"column":23},"end":{"line":270,"column":3}},"75":{"start":{"line":235,"column":4},"end":{"line":269,"column":6}},"76":{"start":{"line":247,"column":12},"end":{"line":250,"column":13}},"77":{"start":{"line":248,"column":14},"end":{"line":248,"column":59}},"78":{"start":{"line":249,"column":14},"end":{"line":249,"column":21}},"79":{"start":{"line":252,"column":12},"end":{"line":252,"column":32}},"80":{"start":{"line":253,"column":12},"end":{"line":265,"column":13}},"81":{"start":{"line":254,"column":14},"end":{"line":254,"column":80}},"82":{"start":{"line":255,"column":14},"end":{"line":255,"column":68}},"83":{"start":{"line":256,"column":14},"end":{"line":256,"column":47}},"84":{"start":{"line":258,"column":14},"end":{"line":258,"column":61}},"85":{"start":{"line":259,"column":14},"end":{"line":262,"column":16}},"86":{"start":{"line":264,"column":14},"end":{"line":264,"column":35}},"87":{"start":{"line":272,"column":23},"end":{"line":329,"column":3}},"88":{"start":{"line":273,"column":4},"end":{"line":276,"column":5}},"89":{"start":{"line":274,"column":6},"end":{"line":274,"column":71}},"90":{"start":{"line":275,"column":6},"end":{"line":275,"column":13}},"91":{"start":{"line":278,"column":4},"end":{"line":278,"column":26}},"92":{"start":{"line":279,"column":4},"end":{"line":279,"column":23}},"93":{"start":{"line":280,"column":4},"end":{"line":328,"column":5}},"94":{"start":{"line":281,"column":6},"end":{"line":316,"column":7}},"95":{"start":{"line":283,"column":44},"end":{"line":286,"column":9}},"96":{"start":{"line":288,"column":8},"end":{"line":288,"column":64}},"97":{"start":{"line":289,"column":8},"end":{"line":289,"column":53}},"98":{"start":{"line":290,"column":8},"end":{"line":290,"column":62}},"99":{"start":{"line":291,"column":8},"end":{"line":291,"column":41}},"100":{"start":{"line":294,"column":44},"end":{"line":300,"column":9}},"101":{"start":{"line":302,"column":25},"end":{"line":302,"column":69}},"102":{"start":{"line":305,"column":31},"end":{"line":305,"column":79}},"103":{"start":{"line":307,"column":35},"end":{"line":309,"column":28}},"104":{"start":{"line":312,"column":8},"end":{"line":312,"column":71}},"105":{"start":{"line":314,"column":8},"end":{"line":314,"column":62}},"106":{"start":{"line":315,"column":8},"end":{"line":315,"column":44}},"107":{"start":{"line":318,"column":6},"end":{"line":321,"column":8}},"108":{"start":{"line":322,"column":6},"end":{"line":325,"column":8}},"109":{"start":{"line":327,"column":6},"end":{"line":327,"column":26}},"110":{"start":{"line":331,"column":2},"end":{"line":399,"column":4}},"111":{"start":{"line":338,"column":12},"end":{"line":338,"column":65}},"112":{"start":{"line":349,"column":10},"end":{"line":349,"column":46}},"113":{"start":{"line":359,"column":10},"end":{"line":359,"column":54}},"114":{"start":{"line":402,"column":15},"end":{"line":455,"column":2}}},"fnMap":{"0":{"name":"PrayerMetadataScreen","decl":{"start":{"line":33,"column":24},"end":{"line":33,"column":44}},"loc":{"start":{"line":33,"column":47},"end":{"line":400,"column":1}},"line":33},"1":{"name":"(anonymous_1)","decl":{"start":{"line":42,"column":34},"end":{"line":42,"column":35}},"loc":{"start":{"line":42,"column":40},"end":{"line":48,"column":3}},"line":42},"2":{"name":"(anonymous_2)","decl":{"start":{"line":74,"column":37},"end":{"line":74,"column":38}},"loc":{"start":{"line":74,"column":49},"end":{"line":103,"column":3}},"line":74},"3":{"name":"(anonymous_3)","decl":{"start":{"line":84,"column":23},"end":{"line":84,"column":24}},"loc":{"start":{"line":84,"column":40},"end":{"line":87,"column":7}},"line":84},"4":{"name":"(anonymous_4)","decl":{"start":{"line":89,"column":60},"end":{"line":89,"column":61}},"loc":{"start":{"line":89,"column":72},"end":{"line":94,"column":7}},"line":89},"5":{"name":"(anonymous_5)","decl":{"start":{"line":110,"column":33},"end":{"line":110,"column":34}},"loc":{"start":{"line":110,"column":45},"end":{"line":129,"column":3}},"line":110},"6":{"name":"(anonymous_6)","decl":{"start":{"line":114,"column":43},"end":{"line":114,"column":44}},"loc":{"start":{"line":114,"column":50},"end":{"line":114,"column":77}},"line":114},"7":{"name":"(anonymous_7)","decl":{"start":{"line":131,"column":36},"end":{"line":131,"column":37}},"loc":{"start":{"line":131,"column":48},"end":{"line":152,"column":3}},"line":131},"8":{"name":"(anonymous_8)","decl":{"start":{"line":139,"column":25},"end":{"line":139,"column":26}},"loc":{"start":{"line":139,"column":42},"end":{"line":142,"column":9}},"line":139},"9":{"name":"(anonymous_9)","decl":{"start":{"line":146,"column":25},"end":{"line":146,"column":26}},"loc":{"start":{"line":146,"column":42},"end":{"line":149,"column":9}},"line":146},"10":{"name":"(anonymous_10)","decl":{"start":{"line":162,"column":29},"end":{"line":162,"column":30}},"loc":{"start":{"line":165,"column":26},"end":{"line":220,"column":3}},"line":165},"11":{"name":"(anonymous_11)","decl":{"start":{"line":169,"column":25},"end":{"line":169,"column":26}},"loc":{"start":{"line":169,"column":42},"end":{"line":185,"column":9}},"line":169},"12":{"name":"(anonymous_12)","decl":{"start":{"line":190,"column":32},"end":{"line":190,"column":33}},"loc":{"start":{"line":190,"column":50},"end":{"line":209,"column":9}},"line":190},"13":{"name":"(anonymous_13)","decl":{"start":{"line":222,"column":10},"end":{"line":222,"column":11}},"loc":{"start":{"line":222,"column":16},"end":{"line":224,"column":3}},"line":222},"14":{"name":"(anonymous_14)","decl":{"start":{"line":226,"column":29},"end":{"line":226,"column":30}},"loc":{"start":{"line":226,"column":60},"end":{"line":231,"column":3}},"line":226},"15":{"name":"(anonymous_15)","decl":{"start":{"line":227,"column":21},"end":{"line":227,"column":22}},"loc":{"start":{"line":227,"column":38},"end":{"line":230,"column":5}},"line":227},"16":{"name":"(anonymous_16)","decl":{"start":{"line":233,"column":23},"end":{"line":233,"column":24}},"loc":{"start":{"line":233,"column":35},"end":{"line":270,"column":3}},"line":233},"17":{"name":"(anonymous_17)","decl":{"start":{"line":246,"column":19},"end":{"line":246,"column":20}},"loc":{"start":{"line":246,"column":31},"end":{"line":266,"column":11}},"line":246},"18":{"name":"(anonymous_18)","decl":{"start":{"line":272,"column":23},"end":{"line":272,"column":24}},"loc":{"start":{"line":272,"column":35},"end":{"line":329,"column":3}},"line":272},"19":{"name":"(anonymous_19)","decl":{"start":{"line":337,"column":22},"end":{"line":337,"column":23}},"loc":{"start":{"line":338,"column":12},"end":{"line":338,"column":65}},"line":338},"20":{"name":"(anonymous_20)","decl":{"start":{"line":348,"column":18},"end":{"line":348,"column":19}},"loc":{"start":{"line":349,"column":10},"end":{"line":349,"column":46}},"line":349},"21":{"name":"(anonymous_21)","decl":{"start":{"line":358,"column":18},"end":{"line":358,"column":19}},"loc":{"start":{"line":358,"column":37},"end":{"line":360,"column":9}},"line":358}},"branchMap":{"0":{"loc":{"start":{"line":44,"column":15},"end":{"line":44,"column":35}},"type":"binary-expr","locations":[{"start":{"line":44,"column":15},"end":{"line":44,"column":29}},{"start":{"line":44,"column":33},"end":{"line":44,"column":35}}],"line":44},"1":{"loc":{"start":{"line":45,"column":10},"end":{"line":45,"column":25}},"type":"binary-expr","locations":[{"start":{"line":45,"column":10},"end":{"line":45,"column":19}},{"start":{"line":45,"column":23},"end":{"line":45,"column":25}}],"line":45},"2":{"loc":{"start":{"line":46,"column":16},"end":{"line":46,"column":64}},"type":"binary-expr","locations":[{"start":{"line":46,"column":17},"end":{"line":46,"column":44}},{"start":{"line":46,"column":49},"end":{"line":46,"column":64}}],"line":46},"3":{"loc":{"start":{"line":60,"column":8},"end":{"line":60,"column":32}},"type":"binary-expr","locations":[{"start":{"line":60,"column":8},"end":{"line":60,"column":26}},{"start":{"line":60,"column":30},"end":{"line":60,"column":32}}],"line":60},"4":{"loc":{"start":{"line":62,"column":13},"end":{"line":62,"column":42}},"type":"binary-expr","locations":[{"start":{"line":62,"column":13},"end":{"line":62,"column":36}},{"start":{"line":62,"column":40},"end":{"line":62,"column":42}}],"line":62},"5":{"loc":{"start":{"line":76,"column":20},"end":{"line":76,"column":66}},"type":"binary-expr","locations":[{"start":{"line":76,"column":20},"end":{"line":76,"column":33}},{"start":{"line":76,"column":37},"end":{"line":76,"column":60}},{"start":{"line":76,"column":64},"end":{"line":76,"column":66}}],"line":76},"6":{"loc":{"start":{"line":86,"column":17},"end":{"line":86,"column":57}},"type":"binary-expr","locations":[{"start":{"line":86,"column":17},"end":{"line":86,"column":46}},{"start":{"line":86,"column":50},"end":{"line":86,"column":57}}],"line":86},"7":{"loc":{"start":{"line":93,"column":15},"end":{"line":93,"column":54}},"type":"cond-expr","locations":[{"start":{"line":93,"column":28},"end":{"line":93,"column":40}},{"start":{"line":93,"column":43},"end":{"line":93,"column":54}}],"line":93},"8":{"loc":{"start":{"line":111,"column":4},"end":{"line":111,"column":36}},"type":"if","locations":[{"start":{"line":111,"column":4},"end":{"line":111,"column":36}},{"start":{},"end":{}}],"line":111},"9":{"loc":{"start":{"line":116,"column":4},"end":{"line":119,"column":5}},"type":"if","locations":[{"start":{"line":116,"column":4},"end":{"line":119,"column":5}},{"start":{},"end":{}}],"line":116},"10":{"loc":{"start":{"line":123,"column":6},"end":{"line":125,"column":7}},"type":"if","locations":[{"start":{"line":123,"column":6},"end":{"line":125,"column":7}},{"start":{},"end":{}}],"line":123},"11":{"loc":{"start":{"line":133,"column":4},"end":{"line":151,"column":5}},"type":"if","locations":[{"start":{"line":133,"column":4},"end":{"line":151,"column":5}},{"start":{"line":136,"column":11},"end":{"line":151,"column":5}}],"line":133},"12":{"loc":{"start":{"line":133,"column":8},"end":{"line":133,"column":72}},"type":"binary-expr","locations":[{"start":{"line":133,"column":8},"end":{"line":133,"column":50}},{"start":{"line":133,"column":54},"end":{"line":133,"column":72}}],"line":133},"13":{"loc":{"start":{"line":138,"column":6},"end":{"line":150,"column":7}},"type":"if","locations":[{"start":{"line":138,"column":6},"end":{"line":150,"column":7}},{"start":{"line":143,"column":13},"end":{"line":150,"column":7}}],"line":138},"14":{"loc":{"start":{"line":143,"column":13},"end":{"line":150,"column":7}},"type":"if","locations":[{"start":{"line":143,"column":13},"end":{"line":150,"column":7}},{"start":{"line":145,"column":13},"end":{"line":150,"column":7}}],"line":143},"15":{"loc":{"start":{"line":143,"column":17},"end":{"line":143,"column":57}},"type":"binary-expr","locations":[{"start":{"line":143,"column":17},"end":{"line":143,"column":30}},{"start":{"line":143,"column":34},"end":{"line":143,"column":57}}],"line":143},"16":{"loc":{"start":{"line":145,"column":13},"end":{"line":150,"column":7}},"type":"if","locations":[{"start":{"line":145,"column":13},"end":{"line":150,"column":7}},{"start":{},"end":{}}],"line":145},"17":{"loc":{"start":{"line":170,"column":10},"end":{"line":183,"column":11}},"type":"if","locations":[{"start":{"line":170,"column":10},"end":{"line":183,"column":11}},{"start":{},"end":{}}],"line":170},"18":{"loc":{"start":{"line":175,"column":12},"end":{"line":182,"column":13}},"type":"if","locations":[{"start":{"line":175,"column":12},"end":{"line":182,"column":13}},{"start":{"line":180,"column":19},"end":{"line":182,"column":13}}],"line":175},"19":{"loc":{"start":{"line":191,"column":17},"end":{"line":191,"column":56}},"type":"binary-expr","locations":[{"start":{"line":191,"column":17},"end":{"line":191,"column":42}},{"start":{"line":191,"column":46},"end":{"line":191,"column":56}}],"line":191},"20":{"loc":{"start":{"line":193,"column":16},"end":{"line":193,"column":45}},"type":"binary-expr","locations":[{"start":{"line":193,"column":16},"end":{"line":193,"column":32}},{"start":{"line":193,"column":36},"end":{"line":193,"column":45}}],"line":193},"21":{"loc":{"start":{"line":194,"column":16},"end":{"line":194,"column":67}},"type":"cond-expr","locations":[{"start":{"line":194,"column":35},"end":{"line":194,"column":53}},{"start":{"line":194,"column":56},"end":{"line":194,"column":67}}],"line":194},"22":{"loc":{"start":{"line":195,"column":19},"end":{"line":195,"column":52}},"type":"binary-expr","locations":[{"start":{"line":195,"column":19},"end":{"line":195,"column":46}},{"start":{"line":195,"column":50},"end":{"line":195,"column":52}}],"line":195},"23":{"loc":{"start":{"line":197,"column":20},"end":{"line":197,"column":54}},"type":"binary-expr","locations":[{"start":{"line":197,"column":20},"end":{"line":197,"column":41}},{"start":{"line":197,"column":45},"end":{"line":197,"column":54}}],"line":197},"24":{"loc":{"start":{"line":198,"column":22},"end":{"line":198,"column":64}},"type":"binary-expr","locations":[{"start":{"line":198,"column":22},"end":{"line":198,"column":51}},{"start":{"line":198,"column":55},"end":{"line":198,"column":64}}],"line":198},"25":{"loc":{"start":{"line":199,"column":18},"end":{"line":199,"column":46}},"type":"binary-expr","locations":[{"start":{"line":199,"column":18},"end":{"line":199,"column":36}},{"start":{"line":199,"column":40},"end":{"line":199,"column":46}}],"line":199},"26":{"loc":{"start":{"line":200,"column":19},"end":{"line":200,"column":51}},"type":"binary-expr","locations":[{"start":{"line":200,"column":19},"end":{"line":200,"column":38}},{"start":{"line":200,"column":42},"end":{"line":200,"column":51}}],"line":200},"27":{"loc":{"start":{"line":202,"column":25},"end":{"line":202,"column":63}},"type":"binary-expr","locations":[{"start":{"line":202,"column":25},"end":{"line":202,"column":50}},{"start":{"line":202,"column":54},"end":{"line":202,"column":63}}],"line":202},"28":{"loc":{"start":{"line":203,"column":25},"end":{"line":203,"column":56}},"type":"binary-expr","locations":[{"start":{"line":203,"column":25},"end":{"line":203,"column":50}},{"start":{"line":203,"column":54},"end":{"line":203,"column":56}}],"line":203},"29":{"loc":{"start":{"line":205,"column":12},"end":{"line":205,"column":76}},"type":"cond-expr","locations":[{"start":{"line":205,"column":49},"end":{"line":205,"column":69}},{"start":{"line":205,"column":72},"end":{"line":205,"column":76}}],"line":205},"30":{"loc":{"start":{"line":206,"column":14},"end":{"line":208,"column":16}},"type":"cond-expr","locations":[{"start":{"line":207,"column":14},"end":{"line":207,"column":50}},{"start":{"line":208,"column":14},"end":{"line":208,"column":16}}],"line":206},"31":{"loc":{"start":{"line":247,"column":12},"end":{"line":250,"column":13}},"type":"if","locations":[{"start":{"line":247,"column":12},"end":{"line":250,"column":13}},{"start":{},"end":{}}],"line":247},"32":{"loc":{"start":{"line":247,"column":16},"end":{"line":247,"column":52}},"type":"binary-expr","locations":[{"start":{"line":247,"column":16},"end":{"line":247,"column":26}},{"start":{"line":247,"column":30},"end":{"line":247,"column":52}}],"line":247},"33":{"loc":{"start":{"line":273,"column":4},"end":{"line":276,"column":5}},"type":"if","locations":[{"start":{"line":273,"column":4},"end":{"line":276,"column":5}},{"start":{},"end":{}}],"line":273},"34":{"loc":{"start":{"line":281,"column":6},"end":{"line":316,"column":7}},"type":"if","locations":[{"start":{"line":281,"column":6},"end":{"line":316,"column":7}},{"start":{"line":292,"column":13},"end":{"line":316,"column":7}}],"line":281},"35":{"loc":{"start":{"line":281,"column":10},"end":{"line":281,"column":30}},"type":"binary-expr","locations":[{"start":{"line":281,"column":10},"end":{"line":281,"column":20}},{"start":{"line":281,"column":24},"end":{"line":281,"column":30}}],"line":281},"36":{"loc":{"start":{"line":299,"column":22},"end":{"line":299,"column":63}},"type":"binary-expr","locations":[{"start":{"line":299,"column":22},"end":{"line":299,"column":50}},{"start":{"line":299,"column":54},"end":{"line":299,"column":63}}],"line":299},"37":{"loc":{"start":{"line":319,"column":17},"end":{"line":319,"column":53}},"type":"cond-expr","locations":[{"start":{"line":319,"column":30},"end":{"line":319,"column":40}},{"start":{"line":319,"column":43},"end":{"line":319,"column":53}}],"line":319},"38":{"loc":{"start":{"line":324,"column":21},"end":{"line":324,"column":53}},"type":"cond-expr","locations":[{"start":{"line":324,"column":34},"end":{"line":324,"column":42}},{"start":{"line":324,"column":45},"end":{"line":324,"column":53}}],"line":324},"39":{"loc":{"start":{"line":335,"column":23},"end":{"line":335,"column":67}},"type":"cond-expr","locations":[{"start":{"line":335,"column":36},"end":{"line":335,"column":49}},{"start":{"line":335,"column":52},"end":{"line":335,"column":67}}],"line":335},"40":{"loc":{"start":{"line":354,"column":18},"end":{"line":354,"column":62}},"type":"cond-expr","locations":[{"start":{"line":354,"column":31},"end":{"line":354,"column":44}},{"start":{"line":354,"column":47},"end":{"line":354,"column":62}}],"line":354},"41":{"loc":{"start":{"line":362,"column":7},"end":{"line":362,"column":75}},"type":"binary-expr","locations":[{"start":{"line":362,"column":7},"end":{"line":362,"column":21}},{"start":{"line":362,"column":25},"end":{"line":362,"column":75}}],"line":362},"42":{"loc":{"start":{"line":363,"column":7},"end":{"line":369,"column":7}},"type":"binary-expr","locations":[{"start":{"line":363,"column":7},"end":{"line":363,"column":18}},{"start":{"line":364,"column":8},"end":{"line":368,"column":10}}],"line":363},"43":{"loc":{"start":{"line":372,"column":31},"end":{"line":372,"column":65}},"type":"binary-expr","locations":[{"start":{"line":372,"column":31},"end":{"line":372,"column":40}},{"start":{"line":372,"column":44},"end":{"line":372,"column":65}}],"line":372},"44":{"loc":{"start":{"line":377,"column":11},"end":{"line":383,"column":31}},"type":"cond-expr","locations":[{"start":{"line":378,"column":14},"end":{"line":380,"column":29}},{"start":{"line":381,"column":14},"end":{"line":383,"column":31}}],"line":377},"45":{"loc":{"start":{"line":378,"column":14},"end":{"line":380,"column":29}},"type":"cond-expr","locations":[{"start":{"line":379,"column":16},"end":{"line":379,"column":29}},{"start":{"line":380,"column":16},"end":{"line":380,"column":29}}],"line":378},"46":{"loc":{"start":{"line":381,"column":14},"end":{"line":383,"column":31}},"type":"cond-expr","locations":[{"start":{"line":382,"column":16},"end":{"line":382,"column":31}},{"start":{"line":383,"column":16},"end":{"line":383,"column":31}}],"line":381},"47":{"loc":{"start":{"line":387,"column":7},"end":{"line":397,"column":7}},"type":"binary-expr","locations":[{"start":{"line":387,"column":7},"end":{"line":387,"column":17}},{"start":{"line":388,"column":8},"end":{"line":396,"column":27}}],"line":387},"48":{"loc":{"start":{"line":389,"column":39},"end":{"line":389,"column":74}},"type":"binary-expr","locations":[{"start":{"line":389,"column":39},"end":{"line":389,"column":49}},{"start":{"line":389,"column":53},"end":{"line":389,"column":74}}],"line":389},"49":{"loc":{"start":{"line":394,"column":13},"end":{"line":394,"column":57}},"type":"cond-expr","locations":[{"start":{"line":394,"column":26},"end":{"line":394,"column":39}},{"start":{"line":394,"column":42},"end":{"line":394,"column":57}}],"line":394}},"s":{"0":0,"1":0,"2":0,"3":0,"4":0,"5":0,"6":0,"7":0,"8":0,"9":0,"10":0,"11":0,"12":0,"13":0,"14":0,"15":0,"16":0,"17":0,"18":0,"19":0,"20":0,"21":0,"22":0,"23":0,"24":0,"25":0,"26":0,"27":0,"28":0,"29":0,"30":0,"31":0,"32":0,"33":0,"34":0,"35":0,"36":0,"37":0,"38":0,"39":0,"40":0,"41":0,"42":0,"43":0,"44":0,"45":0,"46":0,"47":0,"48":0,"49":0,"50":0,"51":0,"52":0,"53":0,"54":0,"55":0,"56":0,"57":0,"58":0,"59":0,"60":0,"61":0,"62":0,"63":0,"64":0,"65":0,"66":0,"67":0,"68":0,"69":0,"70":0,"71":0,"72":0,"73":0,"74":0,"75":0,"76":0,"77":0,"78":0,"79":0,"80":0,"81":0,"82":0,"83":0,"84":0,"85":0,"86":0,"87":0,"88":0,"89":0,"90":0,"91":0,"92":0,"93":0,"94":0,"95":0,"96":0,"97":0,"98":0,"99":0,"100":0,"101":0,"102":0,"103":0,"104":0,"105":0,"106":0,"107":0,"108":0,"109":0,"110":0,"111":0,"112":0,"113":0,"114":0},"f":{"0":0,"1":0,"2":0,"3":0,"4":0,"5":0,"6":0,"7":0,"8":0,"9":0,"10":0,"11":0,"12":0,"13":0,"14":0,"15":0,"16":0,"17":0,"18":0,"19":0,"20":0,"21":0},"b":{"0":[0,0],"1":[0,0],"2":[0,0],"3":[0,0],"4":[0,0],"5":[0,0,0],"6":[0,0],"7":[0,0],"8":[0,0],"9":[0,0],"10":[0,0],"11":[0,0],"12":[0,0],"13":[0,0],"14":[0,0],"15":[0,0],"16":[0,0],"17":[0,0],"18":[0,0],"19":[0,0],"20":[0,0],"21":[0,0],"22":[0,0],"23":[0,0],"24":[0,0],"25":[0,0],"26":[0,0],"27":[0,0],"28":[0,0],"29":[0,0],"30":[0,0],"31":[0,0],"32":[0,0],"33":[0,0],"34":[0,0],"35":[0,0],"36":[0,0],"37":[0,0],"38":[0,0],"39":[0,0],"40":[0,0],"41":[0,0],"42":[0,0],"43":[0,0],"44":[0,0],"45":[0,0],"46":[0,0],"47":[0,0],"48":[0,0],"49":[0,0]}}
,"/Users/ramon.jiang/Desktop/Flock/FlockRN/app/(tabs)/(prayers)/(createPrayer)/voiceRecording.tsx": {"path":"/Users/ramon.jiang/Desktop/Flock/FlockRN/app/(tabs)/(prayers)/(createPrayer)/voiceRecording.tsx","statementMap":{"0":{"start":{"line":16,"column":23},"end":{"line":99,"column":1}},"1":{"start":{"line":17,"column":60},"end":{"line":17,"column":74}},"2":{"start":{"line":18,"column":28},"end":{"line":18,"column":39}},"3":{"start":{"line":19,"column":22},"end":{"line":19,"column":67}},"4":{"start":{"line":20,"column":26},"end":{"line":20,"column":57}},"5":{"start":{"line":22,"column":21},"end":{"line":26,"column":3}},"6":{"start":{"line":23,"column":20},"end":{"line":23,"column":44}},"7":{"start":{"line":24,"column":29},"end":{"line":24,"column":41}},"8":{"start":{"line":25,"column":4},"end":{"line":25,"column":72}},"9":{"start":{"line":28,"column":2},"end":{"line":31,"column":9}},"10":{"start":{"line":29,"column":4},"end":{"line":29,"column":25}},"11":{"start":{"line":34,"column":2},"end":{"line":43,"column":18}},"12":{"start":{"line":35,"column":4},"end":{"line":42,"column":5}},"13":{"start":{"line":37,"column":23},"end":{"line":39,"column":14}},"14":{"start":{"line":38,"column":8},"end":{"line":38,"column":37}},"15":{"start":{"line":38,"column":27},"end":{"line":38,"column":35}},"16":{"start":{"line":41,"column":6},"end":{"line":41,"column":43}},"17":{"start":{"line":41,"column":19},"end":{"line":41,"column":42}},"18":{"start":{"line":48,"column":23},"end":{"line":53,"column":3}},"19":{"start":{"line":50,"column":4},"end":{"line":52,"column":7}},"20":{"start":{"line":56,"column":22},"end":{"line":60,"column":3}},"21":{"start":{"line":57,"column":4},"end":{"line":57,"column":21}},"22":{"start":{"line":58,"column":4},"end":{"line":58,"column":25}},"23":{"start":{"line":59,"column":4},"end":{"line":59,"column":16}},"24":{"start":{"line":62,"column":2},"end":{"line":98,"column":4}},"25":{"start":{"line":101,"column":15},"end":{"line":156,"column":2}}},"fnMap":{"0":{"name":"(anonymous_0)","decl":{"start":{"line":16,"column":23},"end":{"line":16,"column":24}},"loc":{"start":{"line":16,"column":29},"end":{"line":99,"column":1}},"line":16},"1":{"name":"(anonymous_1)","decl":{"start":{"line":22,"column":21},"end":{"line":22,"column":22}},"loc":{"start":{"line":22,"column":42},"end":{"line":26,"column":3}},"line":22},"2":{"name":"(anonymous_2)","decl":{"start":{"line":28,"column":12},"end":{"line":28,"column":13}},"loc":{"start":{"line":28,"column":18},"end":{"line":31,"column":3}},"line":28},"3":{"name":"(anonymous_3)","decl":{"start":{"line":34,"column":12},"end":{"line":34,"column":13}},"loc":{"start":{"line":34,"column":18},"end":{"line":43,"column":3}},"line":34},"4":{"name":"(anonymous_4)","decl":{"start":{"line":37,"column":35},"end":{"line":37,"column":36}},"loc":{"start":{"line":37,"column":41},"end":{"line":39,"column":7}},"line":37},"5":{"name":"(anonymous_5)","decl":{"start":{"line":38,"column":17},"end":{"line":38,"column":18}},"loc":{"start":{"line":38,"column":27},"end":{"line":38,"column":35}},"line":38},"6":{"name":"(anonymous_6)","decl":{"start":{"line":41,"column":13},"end":{"line":41,"column":14}},"loc":{"start":{"line":41,"column":19},"end":{"line":41,"column":42}},"line":41},"7":{"name":"(anonymous_7)","decl":{"start":{"line":48,"column":23},"end":{"line":48,"column":24}},"loc":{"start":{"line":48,"column":29},"end":{"line":53,"column":3}},"line":48},"8":{"name":"(anonymous_8)","decl":{"start":{"line":56,"column":22},"end":{"line":56,"column":23}},"loc":{"start":{"line":56,"column":28},"end":{"line":60,"column":3}},"line":56}},"branchMap":{"0":{"loc":{"start":{"line":35,"column":4},"end":{"line":42,"column":5}},"type":"if","locations":[{"start":{"line":35,"column":4},"end":{"line":42,"column":5}},{"start":{},"end":{}}],"line":35},"1":{"loc":{"start":{"line":71,"column":15},"end":{"line":71,"column":65}},"type":"cond-expr","locations":[{"start":{"line":71,"column":43},"end":{"line":71,"column":54}},{"start":{"line":71,"column":57},"end":{"line":71,"column":65}}],"line":71},"2":{"loc":{"start":{"line":85,"column":11},"end":{"line":91,"column":11}},"type":"binary-expr","locations":[{"start":{"line":85,"column":11},"end":{"line":85,"column":35}},{"start":{"line":86,"column":12},"end":{"line":90,"column":15}}],"line":85}},"s":{"0":0,"1":0,"2":0,"3":0,"4":0,"5":0,"6":0,"7":0,"8":0,"9":0,"10":0,"11":0,"12":0,"13":0,"14":0,"15":0,"16":0,"17":0,"18":0,"19":0,"20":0,"21":0,"22":0,"23":0,"24":0,"25":0},"f":{"0":0,"1":0,"2":0,"3":0,"4":0,"5":0,"6":0,"7":0,"8":0},"b":{"0":[0,0],"1":[0,0],"2":[0,0]}}
,"/Users/ramon.jiang/Desktop/Flock/FlockRN/app/(tabs)/(prayers)/(createPrayerPoint)/_layout.tsx": {"path":"/Users/ramon.jiang/Desktop/Flock/FlockRN/app/(tabs)/(prayers)/(createPrayerPoint)/_layout.tsx","statementMap":{"0":{"start":{"line":4,"column":2},"end":{"line":13,"column":4}}},"fnMap":{"0":{"name":"CreatePrayerPointsFlowLayout","decl":{"start":{"line":3,"column":24},"end":{"line":3,"column":52}},"loc":{"start":{"line":3,"column":55},"end":{"line":14,"column":1}},"line":3}},"branchMap":{},"s":{"0":0},"f":{"0":0},"b":{}}
,"/Users/ramon.jiang/Desktop/Flock/FlockRN/app/(tabs)/(prayers)/(createPrayerPoint)/createPrayerPoint.tsx": {"path":"/Users/ramon.jiang/Desktop/Flock/FlockRN/app/(tabs)/(prayers)/(createPrayerPoint)/createPrayerPoint.tsx","statementMap":{"0":{"start":{"line":31,"column":17},"end":{"line":34,"column":6}},"1":{"start":{"line":36,"column":26},"end":{"line":41,"column":34}},"2":{"start":{"line":37,"column":4},"end":{"line":40,"column":6}},"3":{"start":{"line":44,"column":38},"end":{"line":44,"column":53}},"4":{"start":{"line":45,"column":49},"end":{"line":45,"column":70}},"5":{"start":{"line":46,"column":15},"end":{"line":46,"column":31}},"6":{"start":{"line":47,"column":24},"end":{"line":47,"column":51}},"7":{"start":{"line":48,"column":56},"end":{"line":50,"column":3}},"8":{"start":{"line":51,"column":32},"end":{"line":51,"column":73}},"9":{"start":{"line":52,"column":36},"end":{"line":52,"column":51}},"10":{"start":{"line":53,"column":22},"end":{"line":53,"column":62}},"11":{"start":{"line":54,"column":54},"end":{"line":72,"column":4}},"12":{"start":{"line":74,"column":26},"end":{"line":102,"column":44}},"13":{"start":{"line":76,"column":31},"end":{"line":78,"column":5}},"14":{"start":{"line":77,"column":13},"end":{"line":77,"column":40}},"15":{"start":{"line":80,"column":4},"end":{"line":88,"column":5}},"16":{"start":{"line":81,"column":6},"end":{"line":81,"column":76}},"17":{"start":{"line":84,"column":6},"end":{"line":86,"column":9}},"18":{"start":{"line":87,"column":6},"end":{"line":87,"column":13}},"19":{"start":{"line":89,"column":4},"end":{"line":101,"column":5}},"20":{"start":{"line":90,"column":28},"end":{"line":92,"column":7}},"21":{"start":{"line":93,"column":6},"end":{"line":98,"column":7}},"22":{"start":{"line":94,"column":8},"end":{"line":94,"column":47}},"23":{"start":{"line":95,"column":8},"end":{"line":97,"column":11}},"24":{"start":{"line":100,"column":6},"end":{"line":100,"column":59}},"25":{"start":{"line":104,"column":24},"end":{"line":113,"column":69}},"26":{"start":{"line":106,"column":4},"end":{"line":112,"column":5}},"27":{"start":{"line":107,"column":6},"end":{"line":107,"column":26}},"28":{"start":{"line":108,"column":6},"end":{"line":108,"column":24}},"29":{"start":{"line":110,"column":6},"end":{"line":110,"column":44}},"30":{"start":{"line":111,"column":6},"end":{"line":111,"column":27}},"31":{"start":{"line":115,"column":34},"end":{"line":121,"column":3}},"32":{"start":{"line":116,"column":4},"end":{"line":120,"column":8}},"33":{"start":{"line":116,"column":48},"end":{"line":120,"column":5}},"34":{"start":{"line":123,"column":35},"end":{"line":151,"column":4}},"35":{"start":{"line":125,"column":6},"end":{"line":125,"column":72}},"36":{"start":{"line":126,"column":22},"end":{"line":126,"column":68}},"37":{"start":{"line":128,"column":4},"end":{"line":130,"column":5}},"38":{"start":{"line":129,"column":6},"end":{"line":129,"column":13}},"39":{"start":{"line":132,"column":4},"end":{"line":143,"column":5}},"40":{"start":{"line":133,"column":29},"end":{"line":133,"column":75}},"41":{"start":{"line":135,"column":29},"end":{"line":139,"column":7}},"42":{"start":{"line":140,"column":6},"end":{"line":140,"column":45}},"43":{"start":{"line":142,"column":6},"end":{"line":142,"column":61}},"44":{"start":{"line":153,"column":2},"end":{"line":168,"column":5}},"45":{"start":{"line":154,"column":28},"end":{"line":161,"column":12}},"46":{"start":{"line":155,"column":6},"end":{"line":160,"column":7}},"47":{"start":{"line":159,"column":8},"end":{"line":159,"column":35}},"48":{"start":{"line":163,"column":4},"end":{"line":163,"column":47}},"49":{"start":{"line":163,"column":17},"end":{"line":163,"column":46}},"50":{"start":{"line":170,"column":23},"end":{"line":257,"column":3}},"51":{"start":{"line":171,"column":4},"end":{"line":174,"column":5}},"52":{"start":{"line":172,"column":6},"end":{"line":172,"column":74}},"53":{"start":{"line":173,"column":6},"end":{"line":173,"column":13}},"54":{"start":{"line":176,"column":4},"end":{"line":176,"column":26}},"55":{"start":{"line":177,"column":4},"end":{"line":177,"column":23}},"56":{"start":{"line":179,"column":4},"end":{"line":256,"column":5}},"57":{"start":{"line":180,"column":6},"end":{"line":241,"column":7}},"58":{"start":{"line":181,"column":8},"end":{"line":181,"column":49}},"59":{"start":{"line":183,"column":49},"end":{"line":191,"column":9}},"60":{"start":{"line":193,"column":8},"end":{"line":196,"column":10}},"61":{"start":{"line":199,"column":40},"end":{"line":203,"column":9}},"62":{"start":{"line":204,"column":8},"end":{"line":204,"column":80}},"63":{"start":{"line":206,"column":8},"end":{"line":206,"column":68}},"64":{"start":{"line":208,"column":8},"end":{"line":208,"column":51}},"65":{"start":{"line":209,"column":29},"end":{"line":209,"column":63}},"66":{"start":{"line":210,"column":8},"end":{"line":215,"column":9}},"67":{"start":{"line":213,"column":12},"end":{"line":213,"column":78}},"68":{"start":{"line":214,"column":10},"end":{"line":214,"column":74}},"69":{"start":{"line":217,"column":8},"end":{"line":219,"column":9}},"70":{"start":{"line":218,"column":10},"end":{"line":218,"column":17}},"71":{"start":{"line":222,"column":54},"end":{"line":236,"column":9}},"72":{"start":{"line":239,"column":8},"end":{"line":239,"column":63}},"73":{"start":{"line":240,"column":8},"end":{"line":240,"column":69}},"74":{"start":{"line":243,"column":6},"end":{"line":243,"column":42}},"75":{"start":{"line":244,"column":6},"end":{"line":244,"column":26}},"76":{"start":{"line":246,"column":6},"end":{"line":249,"column":8}},"77":{"start":{"line":250,"column":6},"end":{"line":253,"column":8}},"78":{"start":{"line":255,"column":6},"end":{"line":255,"column":26}},"79":{"start":{"line":259,"column":2},"end":{"line":261,"column":22}},"80":{"start":{"line":260,"column":4},"end":{"line":260,"column":20}},"81":{"start":{"line":263,"column":2},"end":{"line":328,"column":4}},"82":{"start":{"line":272,"column":12},"end":{"line":272,"column":65}},"83":{"start":{"line":285,"column":14},"end":{"line":287,"column":15}},"84":{"start":{"line":286,"column":16},"end":{"line":286,"column":64}},"85":{"start":{"line":331,"column":15},"end":{"line":391,"column":2}}},"fnMap":{"0":{"name":"PrayerPointMetadataScreen","decl":{"start":{"line":30,"column":24},"end":{"line":30,"column":49}},"loc":{"start":{"line":30,"column":52},"end":{"line":329,"column":1}},"line":30},"1":{"name":"(anonymous_1)","decl":{"start":{"line":36,"column":34},"end":{"line":36,"column":35}},"loc":{"start":{"line":36,"column":40},"end":{"line":41,"column":3}},"line":36},"2":{"name":"(anonymous_2)","decl":{"start":{"line":74,"column":38},"end":{"line":74,"column":39}},"loc":{"start":{"line":74,"column":50},"end":{"line":102,"column":3}},"line":74},"3":{"name":"(anonymous_3)","decl":{"start":{"line":77,"column":6},"end":{"line":77,"column":7}},"loc":{"start":{"line":77,"column":13},"end":{"line":77,"column":40}},"line":77},"4":{"name":"(anonymous_4)","decl":{"start":{"line":104,"column":36},"end":{"line":104,"column":37}},"loc":{"start":{"line":104,"column":48},"end":{"line":113,"column":3}},"line":104},"5":{"name":"(anonymous_5)","decl":{"start":{"line":115,"column":34},"end":{"line":115,"column":35}},"loc":{"start":{"line":115,"column":75},"end":{"line":121,"column":3}},"line":115},"6":{"name":"(anonymous_6)","decl":{"start":{"line":116,"column":26},"end":{"line":116,"column":27}},"loc":{"start":{"line":116,"column":48},"end":{"line":120,"column":5}},"line":116},"7":{"name":"(anonymous_7)","decl":{"start":{"line":123,"column":47},"end":{"line":123,"column":48}},"loc":{"start":{"line":123,"column":59},"end":{"line":144,"column":3}},"line":123},"8":{"name":"(anonymous_8)","decl":{"start":{"line":153,"column":12},"end":{"line":153,"column":13}},"loc":{"start":{"line":153,"column":18},"end":{"line":164,"column":3}},"line":153},"9":{"name":"(anonymous_9)","decl":{"start":{"line":154,"column":39},"end":{"line":154,"column":40}},"loc":{"start":{"line":154,"column":45},"end":{"line":161,"column":5}},"line":154},"10":{"name":"(anonymous_10)","decl":{"start":{"line":163,"column":11},"end":{"line":163,"column":12}},"loc":{"start":{"line":163,"column":17},"end":{"line":163,"column":46}},"line":163},"11":{"name":"(anonymous_11)","decl":{"start":{"line":170,"column":23},"end":{"line":170,"column":24}},"loc":{"start":{"line":170,"column":35},"end":{"line":257,"column":3}},"line":170},"12":{"name":"(anonymous_12)","decl":{"start":{"line":259,"column":10},"end":{"line":259,"column":11}},"loc":{"start":{"line":259,"column":16},"end":{"line":261,"column":3}},"line":259},"13":{"name":"(anonymous_13)","decl":{"start":{"line":271,"column":22},"end":{"line":271,"column":23}},"loc":{"start":{"line":272,"column":12},"end":{"line":272,"column":65}},"line":272},"14":{"name":"(anonymous_14)","decl":{"start":{"line":284,"column":22},"end":{"line":284,"column":23}},"loc":{"start":{"line":284,"column":50},"end":{"line":288,"column":13}},"line":284}},"branchMap":{"0":{"loc":{"start":{"line":38,"column":10},"end":{"line":38,"column":25}},"type":"binary-expr","locations":[{"start":{"line":38,"column":10},"end":{"line":38,"column":19}},{"start":{"line":38,"column":23},"end":{"line":38,"column":25}}],"line":38},"1":{"loc":{"start":{"line":39,"column":16},"end":{"line":39,"column":64}},"type":"binary-expr","locations":[{"start":{"line":39,"column":17},"end":{"line":39,"column":44}},{"start":{"line":39,"column":49},"end":{"line":39,"column":64}}],"line":39},"2":{"loc":{"start":{"line":55,"column":8},"end":{"line":55,"column":32}},"type":"binary-expr","locations":[{"start":{"line":55,"column":8},"end":{"line":55,"column":26}},{"start":{"line":55,"column":30},"end":{"line":55,"column":32}}],"line":55},"3":{"loc":{"start":{"line":80,"column":4},"end":{"line":88,"column":5}},"type":"if","locations":[{"start":{"line":80,"column":4},"end":{"line":88,"column":5}},{"start":{},"end":{}}],"line":80},"4":{"loc":{"start":{"line":93,"column":6},"end":{"line":98,"column":7}},"type":"if","locations":[{"start":{"line":93,"column":6},"end":{"line":98,"column":7}},{"start":{},"end":{}}],"line":93},"5":{"loc":{"start":{"line":106,"column":4},"end":{"line":112,"column":5}},"type":"if","locations":[{"start":{"line":106,"column":4},"end":{"line":112,"column":5}},{"start":{"line":109,"column":11},"end":{"line":112,"column":5}}],"line":106},"6":{"loc":{"start":{"line":106,"column":8},"end":{"line":106,"column":72}},"type":"binary-expr","locations":[{"start":{"line":106,"column":8},"end":{"line":106,"column":50}},{"start":{"line":106,"column":54},"end":{"line":106,"column":72}}],"line":106},"7":{"loc":{"start":{"line":128,"column":4},"end":{"line":130,"column":5}},"type":"if","locations":[{"start":{"line":128,"column":4},"end":{"line":130,"column":5}},{"start":{},"end":{}}],"line":128},"8":{"loc":{"start":{"line":133,"column":29},"end":{"line":133,"column":75}},"type":"cond-expr","locations":[{"start":{"line":133,"column":42},"end":{"line":133,"column":63}},{"start":{"line":133,"column":66},"end":{"line":133,"column":75}}],"line":133},"9":{"loc":{"start":{"line":155,"column":6},"end":{"line":160,"column":7}},"type":"if","locations":[{"start":{"line":155,"column":6},"end":{"line":160,"column":7}},{"start":{},"end":{}}],"line":155},"10":{"loc":{"start":{"line":156,"column":8},"end":{"line":157,"column":41}},"type":"binary-expr","locations":[{"start":{"line":156,"column":8},"end":{"line":156,"column":39}},{"start":{"line":157,"column":8},"end":{"line":157,"column":41}}],"line":156},"11":{"loc":{"start":{"line":171,"column":4},"end":{"line":174,"column":5}},"type":"if","locations":[{"start":{"line":171,"column":4},"end":{"line":174,"column":5}},{"start":{},"end":{}}],"line":171},"12":{"loc":{"start":{"line":180,"column":6},"end":{"line":241,"column":7}},"type":"if","locations":[{"start":{"line":180,"column":6},"end":{"line":241,"column":7}},{"start":{"line":207,"column":13},"end":{"line":241,"column":7}}],"line":180},"13":{"loc":{"start":{"line":180,"column":10},"end":{"line":180,"column":45}},"type":"binary-expr","locations":[{"start":{"line":180,"column":10},"end":{"line":180,"column":20}},{"start":{"line":180,"column":24},"end":{"line":180,"column":45}}],"line":180},"14":{"loc":{"start":{"line":209,"column":29},"end":{"line":209,"column":63}},"type":"binary-expr","locations":[{"start":{"line":209,"column":29},"end":{"line":209,"column":57}},{"start":{"line":209,"column":61},"end":{"line":209,"column":63}}],"line":209},"15":{"loc":{"start":{"line":210,"column":8},"end":{"line":215,"column":9}},"type":"if","locations":[{"start":{"line":210,"column":8},"end":{"line":215,"column":9}},{"start":{},"end":{}}],"line":210},"16":{"loc":{"start":{"line":217,"column":8},"end":{"line":219,"column":9}},"type":"if","locations":[{"start":{"line":217,"column":8},"end":{"line":219,"column":9}},{"start":{},"end":{}}],"line":217},"17":{"loc":{"start":{"line":225,"column":19},"end":{"line":225,"column":58}},"type":"binary-expr","locations":[{"start":{"line":225,"column":19},"end":{"line":225,"column":45}},{"start"
[...]
:{"line":606,"column":11}}],"line":593}},"s":{"0":1,"1":1,"2":1,"3":1,"4":0,"5":0,"6":0,"7":0,"8":0,"9":0,"10":0,"11":0,"12":0,"13":0,"14":0,"15":0,"16":0,"17":0,"18":0,"19":0,"20":0,"21":0,"22":0,"23":0,"24":0,"25":0,"26":0,"27":0,"28":0,"29":0,"30":0,"31":0,"32":0,"33":0,"34":0,"35":0,"36":0,"37":0,"38":0,"39":0,"40":0,"41":0,"42":0,"43":0,"44":0,"45":0,"46":0,"47":0,"48":0,"49":0,"50":0,"51":0,"52":0,"53":0,"54":0,"55":0,"56":0,"57":0,"58":0,"59":0,"60":0,"61":0,"62":0,"63":0,"64":0,"65":0,"66":0,"67":0,"68":0,"69":0,"70":0,"71":0,"72":0,"73":0,"74":0,"75":0,"76":0,"77":0,"78":0,"79":0,"80":0,"81":0,"82":0,"83":0,"84":0,"85":0,"86":0,"87":0,"88":0,"89":0,"90":0,"91":0,"92":0,"93":0,"94":0,"95":0,"96":0,"97":0,"98":0,"99":0,"100":0,"101":0,"102":0,"103":0,"104":0,"105":0,"106":0,"107":0,"108":0,"109":0,"110":0,"111":0,"112":0,"113":0,"114":0,"115":0,"116":0,"117":0,"118":0,"119":0,"120":0,"121":0,"122":0,"123":0,"124":0,"125":0,"126":0,"127":0,"128":0,"129":0,"130":0,"131":0,"132":0,"133":0,"134":0,"135":0,"136":0,"137":0,"138":0,"139":0,"140":0,"141":0,"142":0,"143":0,"144":0,"145":0,"146":0,"147":0,"148":0,"149":0,"150":0,"151":0,"152":0,"153":0,"154":0,"155":0,"156":0,"157":0,"158":0,"159":0,"160":0,"161":0,"162":0,"163":0,"164":0,"165":0,"166":0,"167":0,"168":0,"169":0,"170":0,"171":0,"172":0,"173":0,"174":0,"175":0,"176":0,"177":0,"178":0,"179":0,"180":0,"181":0,"182":0,"183":0,"184":0,"185":0,"186":0,"187":0,"188":0,"189":0,"190":0,"191":0,"192":0,"193":0,"194":0,"195":0,"196":0,"197":1},"f":{"0":0,"1":0,"2":0,"3":0,"4":0,"5":0,"6":0,"7":0,"8":0,"9":0,"10":0,"11":0,"12":0,"13":0,"14":0,"15":0,"16":0,"17":0,"18":0,"19":0,"20":0,"21":0,"22":0,"23":0,"24":0,"25":0,"26":0,"27":0,"28":0,"29":0},"b":{"0":[0,0],"1":[0,0],"2":[0,0],"3":[0,0],"4":[0,0],"5":[0,0],"6":[0,0],"7":[0,0],"8":[0,0],"9":[0,0],"10":[0,0],"11":[0,0],"12":[0,0],"13":[0,0],"14":[0,0],"15":[0,0],"16":[0,0],"17":[0,0,0],"18":[0,0],"19":[0,0],"20":[0,0],"21":[0,0],"22":[0,0],"23":[0,0],"24":[0,0],"25":[0,0],"26":[0,0],"27":[0,0]},"_coverageSchema":"1a1c01bbd47fc00a2c39e90264f33305004495a9","hash":"9f128566571e80ed1e5c8c46a5eba5cb732f04ce"}
,"/Users/ramon.jiang/Desktop/Flock/FlockRN/services/prayer/prayerZustand.ts": {"path":"/Users/ramon.jiang/Desktop/Flock/FlockRN/services/prayer/prayerZustand.ts","statementMap":{"0":{"start":{"line":5,"column":23},"end":{"line":51,"column":3}},"1":{"start":{"line":5,"column":40},"end":{"line":51,"column":1}},"2":{"start":{"line":11,"column":4},"end":{"line":11,"column":27}},"3":{"start":{"line":12,"column":4},"end":{"line":23,"column":5}},"4":{"start":{"line":13,"column":28},"end":{"line":13,"column":68}},"5":{"start":{"line":14,"column":22},"end":{"line":14,"column":24}},"6":{"start":{"line":15,"column":6},"end":{"line":17,"column":9}},"7":{"start":{"line":16,"column":8},"end":{"line":16,"column":56}},"8":{"start":{"line":19,"column":6},"end":{"line":19,"column":39}},"9":{"start":{"line":21,"column":6},"end":{"line":21,"column":54}},"10":{"start":{"line":22,"column":6},"end":{"line":22,"column":30}},"11":{"start":{"line":28,"column":4},"end":{"line":28,"column":50}},"12":{"start":{"line":28,"column":20},"end":{"line":28,"column":47}},"13":{"start":{"line":30,"column":4},"end":{"line":49,"column":5}},"14":{"start":{"line":31,"column":29},"end":{"line":31,"column":66}},"15":{"start":{"line":32,"column":6},"end":{"line":32,"column":33}},"16":{"start":{"line":32,"column":26},"end":{"line":32,"column":33}},"17":{"start":{"line":34,"column":21},"end":{"line":34,"column":43}},"18":{"start":{"line":35,"column":22},"end":{"line":35,"column":42}},"19":{"start":{"line":37,"column":6},"end":{"line":45,"column":7}},"20":{"start":{"line":38,"column":8},"end":{"line":41,"column":12}},"21":{"start":{"line":38,"column":24},"end":{"line":41,"column":9}},"22":{"start":{"line":43,"column":8},"end":{"line":43,"column":40}},"23":{"start":{"line":44,"column":8},"end":{"line":44,"column":32}},"24":{"start":{"line":47,"column":6},"end":{"line":47,"column":53}},"25":{"start":{"line":48,"column":6},"end":{"line":48,"column":30}}},"fnMap":{"0":{"name":"(anonymous_0)","decl":{"start":{"line":5,"column":30},"end":{"line":5,"column":31}},"loc":{"start":{"line":5,"column":40},"end":{"line":51,"column":1}},"line":5},"1":{"name":"(anonymous_1)","decl":{"start":{"line":10,"column":19},"end":{"line":10,"column":20}},"loc":{"start":{"line":10,"column":31},"end":{"line":24,"column":3}},"line":10},"2":{"name":"(anonymous_2)","decl":{"start":{"line":15,"column":28},"end":{"line":15,"column":29}},"loc":{"start":{"line":15,"column":37},"end":{"line":17,"column":7}},"line":15},"3":{"name":"(anonymous_3)","decl":{"start":{"line":27,"column":19},"end":{"line":27,"column":20}},"loc":{"start":{"line":27,"column":33},"end":{"line":50,"column":3}},"line":27},"4":{"name":"(anonymous_4)","decl":{"start":{"line":28,"column":8},"end":{"line":28,"column":9}},"loc":{"start":{"line":28,"column":20},"end":{"line":28,"column":47}},"line":28},"5":{"name":"(anonymous_5)","decl":{"start":{"line":38,"column":12},"end":{"line":38,"column":13}},"loc":{"start":{"line":38,"column":24},"end":{"line":41,"column":9}},"line":38}},"branchMap":{"0":{"loc":{"start":{"line":32,"column":6},"end":{"line":32,"column":33}},"type":"if","locations":[{"start":{"line":32,"column":6},"end":{"line":32,"column":33}},{"start":{},"end":{}}],"line":32},"1":{"loc":{"start":{"line":37,"column":6},"end":{"line":45,"column":7}},"type":"if","locations":[{"start":{"line":37,"column":6},"end":{"line":45,"column":7}},{"start":{"line":42,"column":13},"end":{"line":45,"column":7}}],"line":37}},"s":{"0":0,"1":0,"2":0,"3":0,"4":0,"5":0,"6":0,"7":0,"8":0,"9":0,"10":0,"11":0,"12":0,"13":0,"14":0,"15":0,"16":0,"17":0,"18":0,"19":0,"20":0,"21":0,"22":0,"23":0,"24":0,"25":0},"f":{"0":0,"1":0,"2":0,"3":0,"4":0,"5":0},"b":{"0":[0,0],"1":[0,0]}}
,"/Users/ramon.jiang/Desktop/Flock/FlockRN/services/recording/audioRecordingService.ts": {"path":"/Users/ramon.jiang/Desktop/Flock/FlockRN/services/recording/audioRecordingService.ts","statementMap":{"0":{"start":{"line":6,"column":24},"end":{"line":6,"column":71}},"1":{"start":{"line":8,"column":17},"end":{"line":14,"column":3}},"2":{"start":{"line":9,"column":4},"end":{"line":13,"column":5}},"3":{"start":{"line":10,"column":6},"end":{"line":10,"column":29}},"4":{"start":{"line":12,"column":6},"end":{"line":12,"column":66}},"5":{"start":{"line":16,"column":24},"end":{"line":23,"column":3}},"6":{"start":{"line":17,"column":4},"end":{"line":22,"column":5}},"7":{"start":{"line":18,"column":6},"end":{"line":18,"column":33}},"8":{"start":{"line":19,"column":6},"end":{"line":19,"column":31}},"9":{"start":{"line":21,"column":6},"end":{"line":21,"column":66}},"10":{"start":{"line":25,"column":2},"end":{"line":25,"column":50}}},"fnMap":{"0":{"name":"useAudioRecordingService","decl":{"start":{"line":4,"column":24},"end":{"line":4,"column":48}},"loc":{"start":{"line":4,"column":51},"end":{"line":26,"column":1}},"line":4},"1":{"name":"(anonymous_1)","decl":{"start":{"line":8,"column":17},"end":{"line":8,"column":18}},"loc":{"start":{"line":8,"column":29},"end":{"line":14,"column":3}},"line":8},"2":{"name":"(anonymous_2)","decl":{"start":{"line":16,"column":24},"end":{"line":16,"column":25}},"loc":{"start":{"line":16,"column":36},"end":{"line":23,"column":3}},"line":16}},"branchMap":{},"s":{"0":0,"1":0,"2":0,"3":0,"4":0,"5":0,"6":0,"7":0,"8":0,"9":0,"10":0},"f":{"0":0,"1":0,"2":0},"b":{}}
,"/Users/ramon.jiang/Desktop/Flock/FlockRN/services/recording/firebaseStorageService.ts": {"path":"/Users/ramon.jiang/Desktop/Flock/FlockRN/services/recording/firebaseStorageService.ts","statementMap":{"0":{"start":{"line":12,"column":16},"end":{"line":12,"column":31}},"1":{"start":{"line":15,"column":26},"end":{"line":70,"column":1}},"2":{"start":{"line":21,"column":19},"end":{"line":23,"column":3}},"3":{"start":{"line":26,"column":21},"end":{"line":26,"column":43}},"4":{"start":{"line":27,"column":21},"end":{"line":27,"column":69}},"5":{"start":{"line":30,"column":2},"end":{"line":69,"column":4}},"6":{"start":{"line":34,"column":23},"end":{"line":34,"column":78}},"7":{"start":{"line":35,"column":6},"end":{"line":35,"column":54}},"8":{"start":{"line":36,"column":6},"end":{"line":43,"column":7}},"9":{"start":{"line":38,"column":10},"end":{"line":38,"column":42}},"10":{"start":{"line":39,"column":10},"end":{"line":39,"column":16}},"11":{"start":{"line":41,"column":10},"end":{"line":41,"column":43}},"12":{"start":{"line":42,"column":10},"end":{"line":42,"column":16}},"13":{"start":{"line":48,"column":6},"end":{"line":61,"column":7}},"14":{"start":{"line":51,"column":10},"end":{"line":51,"column":16}},"15":{"start":{"line":54,"column":10},"end":{"line":54,"column":16}},"16":{"start":{"line":60,"column":10},"end":{"line":60,"column":16}},"17":{"start":{"line":65,"column":6},"end":{"line":67,"column":9}},"18":{"start":{"line":66,"column":8},"end":{"line":66,"column":54}},"19":{"start":{"line":72,"column":28},"end":{"line":75,"column":1}},"20":{"start":{"line":73,"column":21},"end":{"line":73,"column":43}},"21":{"start":{"line":74,"column":2},"end":{"line":74,"column":42}},"22":{"start":{"line":77,"column":23},"end":{"line":80,"column":1}}},"fnMap":{"0":{"name":"(anonymous_0)","decl":{"start":{"line":15,"column":26},"end":{"line":15,"column":27}},"loc":{"start":{"line":18,"column":20},"end":{"line":70,"column":1}},"line":18},"1":{"name":"(anonymous_1)","decl":{"start":{"line":32,"column":4},"end":{"line":32,"column":5}},"loc":{"start":{"line":32,"column":18},"end":{"line":44,"column":5}},"line":32},"2":{"name":"(anonymous_2)","decl":{"start":{"line":45,"column":4},"end":{"line":45,"column":5}},"loc":{"start":{"line":45,"column":15},"end":{"line":62,"column":5}},"line":45},"3":{"name":"(anonymous_3)","decl":{"start":{"line":63,"column":4},"end":{"line":63,"column":5}},"loc":{"start":{"line":63,"column":10},"end":{"line":68,"column":5}},"line":63},"4":{"name":"(anonymous_4)","decl":{"start":{"line":65,"column":51},"end":{"line":65,"column":52}},"loc":{"start":{"line":65,"column":68},"end":{"line":67,"column":7}},"line":65},"5":{"name":"(anonymous_5)","decl":{"start":{"line":72,"column":28},"end":{"line":72,"column":29}},"loc":{"start":{"line":72,"column":73},"end":{"line":75,"column":1}},"line":72}},"branchMap":{"0":{"loc":{"start":{"line":36,"column":6},"end":{"line":43,"column":7}},"type":"switch","locations":[{"start":{"line":37,"column":8},"end":{"line":39,"column":16}},{"start":{"line":40,"column":8},"end":{"line":42,"column":16}}],"line":36},"1":{"loc":{"start":{"line":48,"column":6},"end":{"line":61,"column":7}},"type":"switch","locations":[{"start":{"line":49,"column":8},"end":{"line":51,"column":16}},{"start":{"line":52,"column":8},"end":{"line":54,"column":16}},{"start":{"line":58,"column":8},"end":{"line":60,"column":16}}],"line":48}},"s":{"0":0,"1":0,"2":0,"3":0,"4":0,"5":0,"6":0,"7":0,"8":0,"9":0,"10":0,"11":0,"12":0,"13":0,"14":0,"15":0,"16":0,"17":0,"18":0,"19":0,"20":0,"21":0,"22":0},"f":{"0":0,"1":0,"2":0,"3":0,"4":0,"5":0},"b":{"0":[0,0],"1":[0,0,0]}}
,"/Users/ramon.jiang/Desktop/Flock/FlockRN/services/recording/transcriptionService.ts": {"path":"/Users/ramon.jiang/Desktop/Flock/FlockRN/services/recording/transcriptionService.ts","statementMap":{"0":{"start":{"line":11,"column":44},"end":{"line":11,"column":56}},"1":{"start":{"line":12,"column":46},"end":{"line":12,"column":61}},"2":{"start":{"line":15,"column":2},"end":{"line":27,"column":5}},"3":{"start":{"line":16,"column":4},"end":{"line":26,"column":5}},"4":{"start":{"line":17,"column":6},"end":{"line":23,"column":7}},"5":{"start":{"line":18,"column":8},"end":{"line":18,"column":53}},"6":{"start":{"line":20,"column":34},"end":{"line":20,"column":62}},"7":{"start":{"line":21,"column":8},"end":{"line":21,"column":50}},"8":{"start":{"line":22,"column":8},"end":{"line":22,"column":74}},"9":{"start":{"line":22,"column":35},"end":{"line":22,"column":72}},"10":{"start":{"line":25,"column":6},"end":{"line":25,"column":58}},"11":{"start":{"line":30,"column":2},"end":{"line":32,"column":5}},"12":{"start":{"line":31,"column":4},"end":{"line":31,"column":28}},"13":{"start":{"line":35,"column":2},"end":{"line":38,"column":5}},"14":{"start":{"line":37,"column":4},"end":{"line":37,"column":52}},"15":{"start":{"line":37,"column":21},"end":{"line":37,"column":45}},"16":{"start":{"line":40,"column":2},"end":{"line":42,"column":5}},"17":{"start":{"line":41,"column":4},"end":{"line":41,"column":79}},"18":{"start":{"line":44,"column":2},"end":{"line":48,"column":4}},"19":{"start":{"line":55,"column":2},"end":{"line":84,"column":3}},"20":{"start":{"line":56,"column":4},"end":{"line":80,"column":7}},"21":{"start":{"line":82,"column":4},"end":{"line":82,"column":68}},"22":{"start":{"line":83,"column":4},"end":{"line":83,"column":18}}},"fnMap":{"0":{"name":"useSpeechRecognitionService","decl":{"start":{"line":10,"column":16},"end":{"line":10,"column":43}},"loc":{"start":{"line":10,"column":46},"end":{"line":49,"column":1}},"line":10},"1":{"name":"(anonymous_1)","decl":{"start":{"line":15,"column":38},"end":{"line":15,"column":39}},"loc":{"start":{"line":15,"column":49},"end":{"line":27,"column":3}},"line":15},"2":{"name":"(anonymous_2)","decl":{"start":{"line":22,"column":25},"end":{"line":22,"column":26}},"loc":{"start":{"line":22,"column":35},"end":{"line":22,"column":72}},"line":22},"3":{"name":"(anonymous_3)","decl":{"start":{"line":30,"column":37},"end":{"line":30,"column":38}},"loc":{"start":{"line":30,"column":43},"end":{"line":32,"column":3}},"line":30},"4":{"name":"(anonymous_4)","decl":{"start":{"line":35,"column":35},"end":{"line":35,"column":36}},"loc":{"start":{"line":35,"column":41},"end":{"line":38,"column":3}},"line":35},"5":{"name":"(anonymous_5)","decl":{"start":{"line":37,"column":15},"end":{"line":37,"column":16}},"loc":{"start":{"line":37,"column":21},"end":{"line":37,"column":45}},"line":37},"6":{"name":"(anonymous_6)","decl":{"start":{"line":40,"column":37},"end":{"line":40,"column":38}},"loc":{"start":{"line":40,"column":48},"end":{"line":42,"column":3}},"line":40},"7":{"name":"transcribeAudioFile","decl":{"start":{"line":52,"column":22},"end":{"line":52,"column":41}},"loc":{"start":{"line":54,"column":2},"end":{"line":85,"column":1}},"line":54}},"branchMap":{"0":{"loc":{"start":{"line":17,"column":6},"end":{"line":23,"column":7}},"type":"if","locations":[{"start":{"line":17,"column":6},"end":{"line":23,"column":7}},{"start":{},"end":{}}],"line":17}},"s":{"0":0,"1":0,"2":0,"3":0,"4":0,"5":0,"6":0,"7":0,"8":0,"9":0,"10":0,"11":0,"12":0,"13":0,"14":0,"15":0,"16":0,"17":0,"18":0,"19":0,"20":0,"21":0,"22":0},"f":{"0":0,"1":0,"2":0,"3":0,"4":0,"5":0,"6":0,"7":0},"b":{"0":[0,0]}}
,"/Users/ramon.jiang/Desktop/Flock/FlockRN/types/ComponentProps.ts": {"path":"/Users/ramon.jiang/Desktop/Flock/FlockRN/types/ComponentProps.ts","statementMap":{},"fnMap":{},"branchMap":{},"s":{},"f":{},"b":{}}
,"/Users/ramon.jiang/Desktop/Flock/FlockRN/types/PrayerSubtypes.ts": {"path":"/Users/ramon.jiang/Desktop/Flock/FlockRN/types/PrayerSubtypes.ts","statementMap":{},"fnMap":{},"branchMap":{},"s":{},"f":{},"b":{},"_coverageSchema":"1a1c01bbd47fc00a2c39e90264f33305004495a9","hash":"ff70379b39f00901e46b726fc25a6f2cee222fd7"}
,"/Users/ramon.jiang/Desktop/Flock/FlockRN/types/Tag.ts": {"path":"/Users/ramon.jiang/Desktop/Flock/FlockRN/types/Tag.ts","statementMap":{"0":{"start":{"line":3,"column":23},"end":{"line":10,"column":1}},"1":{"start":{"line":12,"column":58},"end":{"line":19,"column":1}},"2":{"start":{"line":21,"column":26},"end":{"line":21,"column":61}},"3":{"start":{"line":23,"column":64},"end":{"line":27,"column":1}}},"fnMap":{},"branchMap":{},"s":{"0":0,"1":0,"2":0,"3":0},"f":{},"b":{}}
,"/Users/ramon.jiang/Desktop/Flock/FlockRN/types/UserFlags.ts": {"path":"/Users/ramon.jiang/Desktop/Flock/FlockRN/types/UserFlags.ts","statementMap":{"0":{"start":{"line":1,"column":44},"end":{"line":1,"column":65}},"1":{"start":{"line":9,"column":41},"end":{"line":11,"column":1}},"2":{"start":{"line":13,"column":32},"end":{"line":17,"column":1}},"3":{"start":{"line":19,"column":44},"end":{"line":19,"column":59}},"4":{"start":{"line":26,"column":41},"end":{"line":28,"column":1}}},"fnMap":{},"branchMap":{},"s":{"0":0,"1":0,"2":0,"3":0,"4":0},"f":{},"b":{}}
,"/Users/ramon.jiang/Desktop/Flock/FlockRN/types/firebase.ts": {"path":"/Users/ramon.jiang/Desktop/Flock/FlockRN/types/firebase.ts","statementMap":{},"fnMap":{},"branchMap":{},"s":{},"f":{},"b":{}}
,"/Users/ramon.jiang/Desktop/Flock/FlockRN/types/typeGuards.ts": {"path":"/Users/ramon.jiang/Desktop/Flock/FlockRN/types/typeGuards.ts","statementMap":{"0":{"start":{"line":5,"column":2},"end":{"line":20,"column":3}},"1":{"start":{"line":6,"column":4},"end":{"line":8,"column":5}},"2":{"start":{"line":7,"column":6},"end":{"line":7,"column":66}},"3":{"start":{"line":11,"column":4},"end":{"line":13,"column":5}},"4":{"start":{"line":12,"column":6},"end":{"line":12,"column":37}},"5":{"start":{"line":14,"column":4},"end":{"line":16,"column":5}},"6":{"start":{"line":15,"column":6},"end":{"line":15,"column":42}},"7":{"start":{"line":17,"column":4},"end":{"line":19,"column":5}},"8":{"start":{"line":18,"column":6},"end":{"line":18,"column":42}},"9":{"start":{"line":23,"column":2},"end":{"line":23,"column":19}},"10":{"start":{"line":27,"column":2},"end":{"line":27,"column":56}},"11":{"start":{"line":31,"column":2},"end":{"line":31,"column":61}},"12":{"start":{"line":35,"column":2},"end":{"line":35,"column":61}}},"fnMap":{"0":{"name":"getEntityType","decl":{"start":{"line":4,"column":16},"end":{"line":4,"column":29}},"loc":{"start":{"line":4,"column":74},"end":{"line":24,"column":1}},"line":4},"1":{"name":"isPrayer","decl":{"start":{"line":26,"column":16},"end":{"line":26,"column":24}},"loc":{"start":{"line":26,"column":54},"end":{"line":28,"column":1}},"line":26},"2":{"name":"isPrayerPoint","decl":{"start":{"line":30,"column":16},"end":{"line":30,"column":29}},"loc":{"start":{"line":30,"column":64},"end":{"line":32,"column":1}},"line":30},"3":{"name":"isPrayerTopic","decl":{"start":{"line":34,"column":16},"end":{"line":34,"column":29}},"loc":{"start":{"line":34,"column":64},"end":{"line":36,"column":1}},"line":34}},"branchMap":{"0":{"loc":{"start":{"line":5,"column":2},"end":{"line":20,"column":3}},"type":"if","locations":[{"start":{"line":5,"column":2},"end":{"line":20,"column":3}},{"start":{},"end":{}}],"line":5},"1":{"loc":{"start":{"line":5,"column":6},"end":{"line":5,"column":45}},"type":"binary-expr","locations":[{"start":{"line":5,"column":6},"end":{"line":5,"column":29}},{"start":{"line":5,"column":33},"end":{"line":5,"column":45}}],"line":5},"2":{"loc":{"start":{"line":6,"column":4},"end":{"line":8,"column":5}},"type":"if","locations":[{"start":{"line":6,"column":4},"end":{"line":8,"column":5}},{"start":{},"end":{}}],"line":6},"3":{"loc":{"start":{"line":6,"column":8},"end":{"line":6,"column":59}},"type":"binary-expr","locations":[{"start":{"line":6,"column":8},"end":{"line":6,"column":27}},{"start":{"line":6,"column":31},"end":{"line":6,"column":59}}],"line":6},"4":{"loc":{"start":{"line":11,"column":4},"end":{"line":13,"column":5}},"type":"if","locations":[{"start":{"line":11,"column":4},"end":{"line":13,"column":5}},{"start":{},"end":{}}],"line":11},"5":{"loc":{"start":{"line":14,"column":4},"end":{"line":16,"column":5}},"type":"if","locations":[{"start":{"line":14,"column":4},"end":{"line":16,"column":5}},{"start":{},"end":{}}],"line":14},"6":{"loc":{"start":{"line":17,"column":4},"end":{"line":19,"column":5}},"type":"if","locations":[{"start":{"line":17,"column":4},"end":{"line":19,"column":5}},{"start":{},"end":{}}],"line":17}},"s":{"0":0,"1":0,"2":0,"3":0,"4":0,"5":0,"6":0,"7":0,"8":0,"9":0,"10":0,"11":0,"12":0},"f":{"0":0,"1":0,"2":0,"3":0},"b":{"0":[0,0],"1":[0,0],"2":[0,0],"3":[0,0],"4":[0,0],"5":[0,0],"6":[0,0]},"_coverageSchema":"1a1c01bbd47fc00a2c39e90264f33305004495a9","hash":"69594ee9546019fdb1f4f9ddcd36282405126fc8"}
}
