TN:
SF:expo-env.d.ts
FNF:0
FNH:0
LF:0
LH:0
BRF:0
BRH:0
end_of_record
TN:
SF:.expo/types/router.d.ts
FNF:0
FNH:0
LF:0
LH:0
BRF:0
BRH:0
end_of_record
TN:
SF:app/+not-found.tsx
FN:6,NotFoundScreen
FNF:1
FNH:0
FNDA:0,NotFoundScreen
DA:7,0
DA:20,0
LF:2
LH:0
BRF:0
BRH:0
end_of_record
TN:
SF:app/_layout.tsx
FN:18,AppContent
FN:27,(anonymous_1)
FN:40,(anonymous_2)
FN:78,RootLayout
FNF:4
FNH:0
FNDA:0,AppContent
FNDA:0,(anonymous_1)
FNDA:0,(anonymous_2)
FNDA:0,RootLayout
DA:16,0
DA:19,0
DA:20,0
DA:21,0
DA:22,0
DA:23,0
DA:27,0
DA:28,0
DA:30,0
DA:31,0
DA:33,0
DA:36,0
DA:40,0
DA:41,0
DA:42,0
DA:43,0
DA:53,0
DA:54,0
DA:57,0
DA:72,0
DA:79,0
LF:21
LH:0
BRDA:28,0,0,0
BRDA:28,0,1,0
BRDA:31,1,0,0
BRDA:31,1,1,0
BRDA:41,2,0,0
BRDA:41,2,1,0
BRDA:41,3,0,0
BRDA:41,3,1,0
BRDA:53,4,0,0
BRDA:53,4,1,0
BRDA:53,5,0,0
BRDA:53,5,1,0
BRF:12
BRH:0
end_of_record
TN:
SF:app/about.tsx
FN:4,AboutScreen
FNF:1
FNH:0
FNDA:0,AboutScreen
DA:5,0
DA:12,0
LF:2
LH:0
BRF:0
BRH:0
end_of_record
TN:
SF:app/(tabs)/_layout.tsx
FN:9,TabLayout
FN:39,(anonymous_1)
FN:66,(anonymous_2)
FNF:3
FNH:0
FNDA:0,TabLayout
FNDA:0,(anonymous_1)
FNDA:0,(anonymous_2)
DA:10,0
DA:11,0
DA:13,0
DA:40,0
DA:67,0
LF:5
LH:0
BRDA:10,0,0,0
BRDA:10,0,1,0
BRF:2
BRH:0
end_of_record
TN:
SF:app/(tabs)/account.tsx
FN:13,TabTwoScreen
FN:17,(anonymous_1)
FN:23,(anonymous_2)
FN:39,(anonymous_3)
FN:46,(anonymous_4)
FN:54,(anonymous_5)
FNF:6
FNH:0
FNDA:0,TabTwoScreen
FNDA:0,(anonymous_1)
FNDA:0,(anonymous_2)
FNDA:0,(anonymous_3)
FNDA:0,(anonymous_4)
FNDA:0,(anonymous_5)
DA:14,0
DA:15,0
DA:17,0
DA:18,0
DA:19,0
DA:20,0
DA:23,0
DA:24,0
DA:25,0
DA:26,0
DA:28,0
DA:32,0
DA:40,0
DA:46,0
DA:55,0
DA:56,0
DA:64,0
LF:17
LH:0
BRDA:44,0,0,0
BRDA:44,0,1,0
BRDA:47,1,0,0
BRDA:47,1,1,0
BRF:4
BRH:0
end_of_record
TN:
SF:app/(tabs)/(prayers)/_layout.tsx
FN:5,prayers
FNF:1
FNH:0
FNDA:0,prayers
DA:6,0
LF:1
LH:0
BRF:0
BRH:0
end_of_record
TN:
SF:app/(tabs)/(prayers)/index.tsx
FN:16,TabTwoScreen
FN:47,(anonymous_1)
FN:53,(anonymous_2)
FN:60,(anonymous_3)
FNF:4
FNH:0
FNDA:0,TabTwoScreen
FNDA:0,(anonymous_1)
FNDA:0,(anonymous_2)
FNDA:0,(anonymous_3)
DA:24,0
DA:26,0
DA:28,0
DA:30,0
DA:48,0
DA:54,0
DA:61,0
DA:83,0
LF:8
LH:0
BRDA:38,0,0,0
BRDA:38,0,1,0
BRDA:46,1,0,0
BRDA:46,1,1,0
BRDA:48,2,0,0
BRDA:48,2,1,0
BRDA:51,3,0,0
BRDA:51,3,1,0
BRDA:58,4,0,0
BRDA:58,4,1,0
BRF:10
BRH:0
end_of_record
TN:
SF:app/(tabs)/(prayers)/prayerPointView.tsx
FN:26,(anonymous_0)
FN:36,(anonymous_1)
FN:47,(anonymous_2)
FN:61,(anonymous_3)
FN:66,(anonymous_4)
FN:70,(anonymous_5)
FN:90,(anonymous_6)
FN:105,(anonymous_7)
FN:135,(anonymous_8)
FN:182,(anonymous_9)
FNF:10
FNH:0
FNDA:0,(anonymous_0)
FNDA:0,(anonymous_1)
FNDA:0,(anonymous_2)
FNDA:0,(anonymous_3)
FNDA:0,(anonymous_4)
FNDA:0,(anonymous_5)
FNDA:0,(anonymous_6)
FNDA:0,(anonymous_7)
FNDA:0,(anonymous_8)
FNDA:0,(anonymous_9)
DA:26,0
DA:27,0
DA:32,0
DA:36,0
DA:38,0
DA:39,0
DA:40,0
DA:41,0
DA:42,0
DA:43,0
DA:44,0
DA:45,0
DA:47,0
DA:48,0
DA:49,0
DA:50,0
DA:51,0
DA:54,0
DA:55,0
DA:57,0
DA:61,0
DA:62,0
DA:63,0
DA:66,0
DA:67,0
DA:70,0
DA:71,0
DA:73,0
DA:75,0
DA:77,0
DA:85,0
DA:86,0
DA:90,0
DA:91,0
DA:94,0
DA:106,0
DA:107,0
DA:108,0
DA:114,0
DA:115,0
DA:118,0
DA:119,0
DA:121,0
DA:122,0
DA:127,0
DA:135,0
DA:136,0
DA:139,0
DA:146,0
DA:153,0
DA:183,0
DA:222,0
LF:52
LH:0
BRDA:36,0,0,0
BRDA:36,0,1,0
BRDA:44,1,0,0
BRDA:44,1,1,0
BRDA:44,1,2,0
BRDA:50,2,0,0
BRDA:50,2,1,0
BRDA:71,3,0,0
BRDA:71,3,1,0
BRDA:91,4,0,0
BRDA:91,4,1,0
BRDA:91,5,0,0
BRDA:91,5,1,0
BRDA:114,6,0,0
BRDA:114,6,1,0
BRDA:136,7,0,0
BRDA:136,7,1,0
BRDA:139,8,0,0
BRDA:139,8,1,0
BRDA:141,9,0,0
BRDA:141,9,1,0
BRDA:141,10,0,0
BRDA:141,10,1,0
BRDA:165,11,0,0
BRDA:165,11,1,0
BRDA:170,12,0,0
BRDA:170,12,1,0
BRDA:178,13,0,0
BRDA:178,13,1,0
BRDA:183,14,0,0
BRDA:183,14,1,0
BRDA:211,15,0,0
BRDA:211,15,1,0
BRDA:211,15,2,0
BRDA:211,15,3,0
BRF:35
BRH:0
end_of_record
TN:
SF:app/(tabs)/(prayers)/prayerView.tsx
FN:19,(anonymous_0)
FN:29,(anonymous_1)
FN:38,(anonymous_2)
FN:52,(anonymous_3)
FN:60,(anonymous_4)
FN:72,(anonymous_5)
FN:76,(anonymous_6)
FN:82,(anonymous_7)
FN:86,(anonymous_8)
FN:115,(anonymous_9)
FNF:10
FNH:0
FNDA:0,(anonymous_0)
FNDA:0,(anonymous_1)
FNDA:0,(anonymous_2)
FNDA:0,(anonymous_3)
FNDA:0,(anonymous_4)
FNDA:0,(anonymous_5)
FNDA:0,(anonymous_6)
FNDA:0,(anonymous_7)
FNDA:0,(anonymous_8)
FNDA:0,(anonymous_9)
DA:19,0
DA:20,0
DA:24,0
DA:26,0
DA:29,0
DA:31,0
DA:32,0
DA:33,0
DA:34,0
DA:35,0
DA:36,0
DA:38,0
DA:39,0
DA:40,0
DA:41,0
DA:42,0
DA:45,0
DA:46,0
DA:48,0
DA:52,0
DA:53,0
DA:54,0
DA:55,0
DA:59,0
DA:60,0
DA:61,0
DA:65,0
DA:66,0
DA:68,0
DA:72,0
DA:73,0
DA:76,0
DA:77,0
DA:78,0
DA:79,0
DA:82,0
DA:83,0
DA:86,0
DA:87,0
DA:90,0
DA:99,0
DA:116,0
DA:142,0
LF:43
LH:0
BRDA:35,0,0,0
BRDA:35,0,1,0
BRDA:35,0,2,0
BRDA:41,1,0,0
BRDA:41,1,1,0
BRDA:54,2,0,0
BRDA:54,2,1,0
BRDA:54,3,0,0
BRDA:54,3,1,0
BRDA:54,4,0,0
BRDA:54,4,1,0
BRDA:59,5,0,0
BRDA:59,5,1,0
BRDA:87,6,0,0
BRDA:87,6,1,0
BRDA:105,7,0,0
BRDA:105,7,1,0
BRDA:111,8,0,0
BRDA:111,8,1,0
BRDA:116,9,0,0
BRDA:116,9,1,0
BRDA:129,10,0,0
BRDA:129,10,1,0
BRF:23
BRH:0
end_of_record
TN:
SF:app/(tabs)/(prayers)/(createPrayer)/_layout.tsx
FN:4,CreatePrayerFlowLayout
FNF:1
FNH:0
FNDA:0,CreatePrayerFlowLayout
DA:5,0
LF:1
LH:0
BRF:0
BRH:0
end_of_record
TN:
SF:app/(tabs)/(prayers)/(createPrayer)/createPrayer.tsx
FN:19,PrayerWriteScreen
FN:22,(anonymous_1)
FN:35,(anonymous_2)
FN:43,(anonymous_3)
FN:57,(anonymous_4)
FN:58,(anonymous_5)
FNF:6
FNH:0
FNDA:0,PrayerWriteScreen
FNDA:0,(anonymous_1)
FNDA:0,(anonymous_2)
FNDA:0,(anonymous_3)
FNDA:0,(anonymous_4)
FNDA:0,(anonymous_5)
DA:20,0
DA:22,0
DA:23,0
DA:24,0
DA:25,0
DA:29,0
DA:35,0
DA:37,0
DA:40,0
DA:42,0
DA:44,0
DA:45,0
DA:49,0
DA:57,0
DA:59,0
DA:86,0
LF:16
LH:0
BRDA:23,0,0,0
BRDA:23,0,1,0
BRDA:52,1,0,0
BRDA:52,1,1,0
BRDA:53,2,0,0
BRDA:53,2,1,0
BRF:6
BRH:0
end_of_record
TN:
SF:app/(tabs)/(prayers)/(createPrayer)/prayerMetadata.tsx
FN:33,PrayerMetadataScreen
FN:42,(anonymous_1)
FN:74,(anonymous_2)
FN:84,(anonymous_3)
FN:89,(anonymous_4)
FN:110,(anonymous_5)
FN:114,(anonymous_6)
FN:131,(anonymous_7)
FN:139,(anonymous_8)
FN:146,(anonymous_9)
FN:162,(anonymous_10)
FN:169,(anonymous_11)
FN:190,(anonymous_12)
FN:222,(anonymous_13)
FN:226,(anonymous_14)
FN:227,(anonymous_15)
FN:233,(anonymous_16)
FN:246,(anonymous_17)
FN:272,(anonymous_18)
FN:337,(anonymous_19)
FN:348,(anonymous_20)
FN:358,(anonymous_21)
FNF:22
FNH:0
FNDA:0,PrayerMetadataScreen
FNDA:0,(anonymous_1)
FNDA:0,(anonymous_2)
FNDA:0,(anonymous_3)
FNDA:0,(anonymous_4)
FNDA:0,(anonymous_5)
FNDA:0,(anonymous_6)
FNDA:0,(anonymous_7)
FNDA:0,(anonymous_8)
FNDA:0,(anonymous_9)
FNDA:0,(anonymous_10)
FNDA:0,(anonymous_11)
FNDA:0,(anonymous_12)
FNDA:0,(anonymous_13)
FNDA:0,(anonymous_14)
FNDA:0,(anonymous_15)
FNDA:0,(anonymous_16)
FNDA:0,(anonymous_17)
FNDA:0,(anonymous_18)
FNDA:0,(anonymous_19)
FNDA:0,(anonymous_20)
FNDA:0,(anonymous_21)
DA:34,0
DA:35,0
DA:36,0
DA:42,0
DA:43,0
DA:51,0
DA:52,0
DA:53,0
DA:54,0
DA:55,0
DA:56,0
DA:57,0
DA:58,0
DA:59,0
DA:72,0
DA:74,0
DA:75,0
DA:76,0
DA:77,0
DA:78,0
DA:84,0
DA:89,0
DA:96,0
DA:98,0
DA:101,0
DA:110,0
DA:111,0
DA:114,0
DA:116,0
DA:117,0
DA:118,0
DA:121,0
DA:122,0
DA:123,0
DA:124,0
DA:127,0
DA:131,0
DA:133,0
DA:134,0
DA:135,0
DA:137,0
DA:138,0
DA:139,0
DA:143,0
DA:144,0
DA:145,0
DA:146,0
DA:162,0
DA:166,0
DA:168,0
DA:170,0
DA:171,0
DA:173,0
DA:175,0
DA:176,0
DA:181,0
DA:184,0
DA:190,0
DA:213,0
DA:215,0
DA:217,0
DA:218,0
DA:222,0
DA:223,0
DA:226,0
DA:227,0
DA:233,0
DA:235,0
DA:247,0
DA:248,0
DA:249,0
DA:252,0
DA:253,0
DA:254,0
DA:255,0
DA:256,0
DA:258,0
DA:259,0
DA:264,0
DA:272,0
DA:273,0
DA:274,0
DA:275,0
DA:278,0
DA:279,0
DA:280,0
DA:281,0
DA:283,0
DA:288,0
DA:289,0
DA:290,0
DA:291,0
DA:294,0
DA:302,0
DA:305,0
DA:307,0
DA:312,0
DA:314,0
DA:315,0
DA:318,0
DA:322,0
DA:327,0
DA:331,0
DA:338,0
DA:349,0
DA:359,0
DA:402,0
LF:107
LH:0
BRDA:44,0,0,0
BRDA:44,0,1,0
BRDA:45,1,0,0
BRDA:45,1,1,0
BRDA:46,2,0,0
BRDA:46,2,1,0
BRDA:60,3,0,0
BRDA:60,3,1,0
BRDA:62,4,0,0
BRDA:62,4,1,0
BRDA:76,5,0,0
BRDA:76,5,1,0
BRDA:76,5,2,0
BRDA:86,6,0,0
BRDA:86,6,1,0
BRDA:93,7,0,0
BRDA:93,7,1,0
BRDA:111,8,0,0
BRDA:111,8,1,0
BRDA:116,9,0,0
BRDA:116,9,1,0
BRDA:123,10,0,0
BRDA:123,10,1,0
BRDA:133,11,0,0
BRDA:133,11,1,0
BRDA:133,12,0,0
BRDA:133,12,1,0
BRDA:138,13,0,0
BRDA:138,13,1,0
BRDA:143,14,0,0
BRDA:143,14,1,0
BRDA:143,15,0,0
BRDA:143,15,1,0
BRDA:145,16,0,0
BRDA:145,16,1,0
BRDA:170,17,0,0
BRDA:170,17,1,0
BRDA:175,18,0,0
BRDA:175,18,1,0
BRDA:191,19,0,0
BRDA:191,19,1,0
BRDA:193,20,0,0
BRDA:193,20,1,0
BRDA:194,21,0,0
BRDA:194,21,1,0
BRDA:195,22,0,0
BRDA:195,22,1,0
BRDA:197,23,0,0
BRDA:197,23,1,0
BRDA:198,24,0,0
BRDA:198,24,1,0
BRDA:199,25,0,0
BRDA:199,25,1,0
BRDA:200,26,0,0
BRDA:200,26,1,0
BRDA:202,27,0,0
BRDA:202,27,1,0
BRDA:203,28,0,0
BRDA:203,28,1,0
BRDA:205,29,0,0
BRDA:205,29,1,0
BRDA:206,30,0,0
BRDA:206,30,1,0
BRDA:247,31,0,0
BRDA:247,31,1,0
BRDA:247,32,0,0
BRDA:247,32,1,0
BRDA:273,33,0,0
BRDA:273,33,1,0
BRDA:281,34,0,0
BRDA:281,34,1,0
BRDA:281,35,0,0
BRDA:281,35,1,0
BRDA:299,36,0,0
BRDA:299,36,1,0
BRDA:319,37,0,0
BRDA:319,37,1,0
BRDA:324,38,0,0
BRDA:324,38,1,0
BRDA:335,39,0,0
BRDA:335,39,1,0
BRDA:354,40,0,0
BRDA:354,40,1,0
BRDA:362,41,0,0
BRDA:362,41,1,0
BRDA:363,42,0,0
BRDA:363,42,1,0
BRDA:372,43,0,0
BRDA:372,43,1,0
BRDA:377,44,0,0
BRDA:377,44,1,0
BRDA:378,45,0,0
BRDA:378,45,1,0
BRDA:381,46,0,0
BRDA:381,46,1,0
BRDA:387,47,0,0
BRDA:387,47,1,0
BRDA:389,48,0,0
BRDA:389,48,1,0
BRDA:394,49,0,0
BRDA:394,49,1,0
BRF:101
BRH:0
end_of_record
TN:
SF:app/(tabs)/(prayers)/(createPrayer)/voiceRecording.tsx
FN:16,(anonymous_0)
FN:22,(anonymous_1)
FN:28,(anonymous_2)
FN:34,(anonymous_3)
FN:37,(anonymous_4)
FN:38,(anonymous_5)
FN:41,(anonymous_6)
FN:48,(anonymous_7)
FN:56,(anonymous_8)
FNF:9
FNH:0
FNDA:0,(anonymous_0)
FNDA:0,(anonymous_1)
FNDA:0,(anonymous_2)
FNDA:0,(anonymous_3)
FNDA:0,(anonymous_4)
FNDA:0,(anonymous_5)
FNDA:0,(anonymous_6)
FNDA:0,(anonymous_7)
FNDA:0,(anonymous_8)
DA:16,0
DA:17,0
DA:18,0
DA:19,0
DA:20,0
DA:22,0
DA:23,0
DA:24,0
DA:25,0
DA:28,0
DA:29,0
DA:34,0
DA:35,0
DA:37,0
DA:38,0
DA:41,0
DA:48,0
DA:50,0
DA:56,0
DA:57,0
DA:58,0
DA:59,0
DA:62,0
DA:101,0
LF:24
LH:0
BRDA:35,0,0,0
BRDA:35,0,1,0
BRDA:71,1,0,0
BRDA:71,1,1,0
BRDA:85,2,0,0
BRDA:85,2,1,0
BRF:6
BRH:0
end_of_record
TN:
SF:app/(tabs)/(prayers)/(createPrayerPoint)/_layout.tsx
FN:3,CreatePrayerPointsFlowLayout
FNF:1
FNH:0
FNDA:0,CreatePrayerPointsFlowLayout
DA:4,0
LF:1
LH:0
BRF:0
BRH:0
end_of_record
TN:
SF:app/(tabs)/(prayers)/(createPrayerPoint)/createPrayerPoint.tsx
FN:30,PrayerPointMetadataScreen
FN:36,(anonymous_1)
FN:74,(anonymous_2)
FN:77,(anonymous_3)
FN:104,(anonymous_4)
FN:115,(anonymous_5)
FN:116,(anonymous_6)
FN:123,(anonymous_7)
FN:153,(anonymous_8)
FN:154,(anonymous_9)
FN:163,(anonymous_10)
FN:170,(anonymous_11)
FN:259,(anonymous_12)
FN:271,(anonymous_13)
FN:284,(anonymous_14)
FNF:15
FNH:0
FNDA:0,PrayerPointMetadataScreen
FNDA:0,(anonymous_1)
FNDA:0,(anonymous_2)
FNDA:0,(anonymous_3)
FNDA:0,(anonymous_4)
FNDA:0,(anonymous_5)
FNDA:0,(anonymous_6)
FNDA:0,(anonymous_7)
FNDA:0,(anonymous_8)
FNDA:0,(anonymous_9)
FNDA:0,(anonymous_10)
FNDA:0,(anonymous_11)
FNDA:0,(anonymous_12)
FNDA:0,(anonymous_13)
FNDA:0,(anonymous_14)
DA:31,0
DA:36,0
DA:37,0
DA:44,0
DA:45,0
DA:46,0
DA:47,0
DA:48,0
DA:51,0
DA:52,0
DA:53,0
DA:54,0
DA:74,0
DA:76,0
DA:77,0
DA:80,0
DA:81,0
DA:84,0
DA:87,0
DA:89,0
DA:90,0
DA:93,0
DA:94,0
DA:95,0
DA:100,0
DA:104,0
DA:106,0
DA:107,0
DA:108,0
DA:110,0
DA:111,0
DA:115,0
DA:116,0
DA:123,0
DA:125,0
DA:126,0
DA:128,0
DA:129,0
DA:132,0
DA:133,0
DA:135,0
DA:140,0
DA:142,0
DA:153,0
DA:154,0
DA:155,0
DA:159,0
DA:163,0
DA:170,0
DA:171,0
DA:172,0
DA:173,0
DA:176,0
DA:177,0
DA:179,0
DA:180,0
DA:181,0
DA:183,0
DA:193,0
DA:199,0
DA:204,0
DA:206,0
DA:208,0
DA:209,0
DA:210,0
DA:213,0
DA:214,0
DA:217,0
DA:218,0
DA:222,0
DA:239,0
DA:240,0
DA:243,0
DA:244,0
DA:246,0
DA:250,0
DA:255,0
DA:259,0
DA:260,0
DA:263,0
DA:272,0
DA:285,0
DA:286,0
DA:331,0
LF:84
LH:0
BRDA:38,0,0,0
BRDA:38,0,1,0
BRDA:39,1,0,0
BRDA:39,1,1,0
BRDA:55,2,0,0
BRDA:55,2,1,0
BRDA:80,3,0,0
BRDA:80,3,1,0
BRDA:93,4,0,0
BRDA:93,4,1,0
BRDA:106,5,0,0
BRDA:106,5,1,0
BRDA:106,6,0,0
BRDA:106,6,1,0
BRDA:128,7,0,0
BRDA:128,7,1,0
BRDA:133,8,0,0
BRDA:133,8,1,0
BRDA:155,9,0,0
BRDA:155,9,1,0
BRDA:156,10,0,0
BRDA:156,10,1,0
BRDA:171,11,0,0
BRDA:171,11,1,0
BRDA:180,12,0,0
BRDA:180,12,1,0
BRDA:180,13,0,0
BRDA:180,13,1,0
BRDA:209,14,0,0
BRDA:209,14,1,0
BRDA:210,15,0,0
BRDA:210,15,1,0
BRDA:217,16,0,0
BRDA:217,16,1,0
BRDA:225,17,0,0
BRDA:225,17,1,0
BRDA:229,18,0,0
BRDA:229,18,1,0
BRDA:235,19,0,0
BRDA:235,19,1,0
BRDA:247,20,0,0
BRDA:247,20,1,0
BRDA:252,21,0,0
BRDA:252,21,1,0
BRDA:266,22,0,0
BRDA:266,22,1,0
BRDA:267,23,0,0
BRDA:267,23,1,0
BRDA:274,24,0,0
BRDA:274,24,1,0
BRDA:281,25,0,0
BRDA:281,25,1,0
BRDA:285,26,0,0
BRDA:285,26,1,0
BRDA:292,27,0,0
BRDA:292,27,1,0
BRDA:304,28,0,0
BRDA:304,28,1,0
BRDA:312,29,0,0
BRDA:312,29,1,0
BRDA:317,30,0,0
BRDA:317,30,1,0
BRDA:318,31,0,0
BRDA:318,31,1,0
BRDA:321,32,0,0
BRDA:321,32,1,0
BRF:66
BRH:0
end_of_record
TN:
SF:app/auth/_layout.tsx
FN:3,AuthLayout
FNF:1
FNH:0
FNDA:0,AuthLayout
DA:4,0
LF:1
LH:0
BRF:0
BRH:0
end_of_record
TN:
SF:app/auth/introFlow.tsx
FN:38,(anonymous_0)
FN:44,(anonymous_1)
FN:50,(anonymous_2)
FN:54,(anonymous_3)
FN:60,(anonymous_4)
FN:64,(anonymous_5)
FN:68,(anonymous_6)
FN:72,(anonymous_7)
FN:74,(anonymous_8)
FN:107,(anonymous_9)
FN:127,(anonymous_10)
FNF:11
FNH:0
FNDA:0,(anonymous_0)
FNDA:0,(anonymous_1)
FNDA:0,(anonymous_2)
FNDA:0,(anonymous_3)
FNDA:0,(anonymous_4)
FNDA:0,(anonymous_5)
FNDA:0,(anonymous_6)
FNDA:0,(anonymous_7)
FNDA:0,(anonymous_8)
FNDA:0,(anonymous_9)
FNDA:0,(anonymous_10)
DA:19,0
DA:21,0
DA:38,0
DA:39,0
DA:40,0
DA:41,0
DA:42,0
DA:44,0
DA:45,0
DA:46,0
DA:50,0
DA:54,0
DA:55,0
DA:56,0
DA:60,0
DA:64,0
DA:65,0
DA:68,0
DA:69,0
DA:72,0
DA:73,0
DA:75,0
DA:86,0
DA:92,0
DA:108,0
DA:128,0
DA:167,0
LF:27
LH:0
BRDA:45,0,0,0
BRDA:45,0,1,0
BRDA:55,1,0,0
BRDA:55,1,1,0
BRDA:79,2,0,0
BRDA:79,2,1,0
BRDA:111,3,0,0
BRDA:111,3,1,0
BRDA:124,4,0,0
BRDA:124,4,1,0
BRDA:130,5,0,0
BRDA:130,5,1,0
BRDA:145,6,0,0
BRDA:145,6,1,0
BRDA:154,7,0,0
BRDA:154,7,1,0
BRDA:157,8,0,0
BRDA:157,8,1,0
BRF:18
BRH:0
end_of_record
TN:
SF:app/auth/login.tsx
FN:20,LoginScreen
FN:27,(anonymous_1)
FN:92,(anonymous_2)
FN:99,(anonymous_3)
FN:229,logIn
FNF:5
FNH:0
FNDA:0,LoginScreen
FNDA:0,(anonymous_1)
FNDA:0,(anonymous_2)
FNDA:0,(anonymous_3)
FNDA:0,logIn
DA:21,0
DA:22,0
DA:24,0
DA:25,0
DA:27,0
DA:28,0
DA:29,0
DA:30,0
DA:31,0
DA:33,0
DA:34,0
DA:35,0
DA:43,0
DA:46,0
DA:47,0
DA:49,0
DA:50,0
DA:52,0
DA:57,0
DA:92,0
DA:99,0
DA:118,0
DA:230,0
DA:231,0
DA:236,0
DA:238,0
DA:239,0
DA:241,0
LF:28
LH:0
BRDA:33,0,0,0
BRDA:33,0,1,0
BRDA:36,1,0,0
BRDA:36,1,1,0
BRDA:37,2,0,0
BRDA:37,2,1,0
BRDA:38,3,0,0
BRDA:38,3,1,0
BRDA:39,4,0,0
BRDA:39,4,1,0
BRDA:40,5,0,0
BRDA:40,5,1,0
BRDA:49,6,0,0
BRDA:49,6,1,0
BRDA:238,7,0,0
BRDA:238,7,1,0
BRF:16
BRH:0
end_of_record
TN:
SF:app/auth/signup.tsx
FN:17,SignUpScreen
FN:30,(anonymous_1)
FN:126,(anonymous_2)
FN:143,(anonymous_3)
FNF:4
FNH:0
FNDA:0,SignUpScreen
FNDA:0,(anonymous_1)
FNDA:0,(anonymous_2)
FNDA:0,(anonymous_3)
DA:18,0
DA:19,0
DA:20,0
DA:21,0
DA:22,0
DA:23,0
DA:24,0
DA:27,0
DA:28,0
DA:30,0
DA:31,0
DA:32,0
DA:33,0
DA:36,0
DA:37,0
DA:42,0
DA:43,0
DA:46,0
DA:61,0
DA:62,0
DA:64,0
DA:65,0
DA:66,0
DA:71,0
DA:72,0
DA:77,0
DA:126,0
DA:143,0
DA:152,0
DA:184,0
LF:30
LH:0
BRDA:18,0,0,0
BRDA:18,0,1,0
BRDA:31,1,0,0
BRDA:31,1,1,0
BRDA:44,2,0,0
BRDA:44,2,1,0
BRDA:44,3,0,0
BRDA:44,3,1,0
BRDA:64,4,0,0
BRDA:64,4,1,0
BRDA:68,5,0,0
BRDA:68,5,1,0
BRDA:122,6,0,0
BRDA:122,6,1,0
BRDA:124,7,0,0
BRDA:124,7,1,0
BRDA:139,8,0,0
BRDA:139,8,1,0
BRDA:141,9,0,0
BRDA:141,9,1,0
BRF:20
BRH:0
end_of_record
TN:
SF:app/hiddenTabs/connections.tsx
FN:12,ConnectionsScreen
FN:20,(anonymous_1)
FN:26,(anonymous_2)
FN:29,(anonymous_3)
FN:29,(anonymous_4)
FN:33,(anonymous_5)
FN:40,(anonymous_6)
FN:45,(anonymous_7)
FN:51,(anonymous_8)
FN:52,(anonymous_9)
FN:63,(anonymous_10)
FN:75,(anonymous_11)
FN:76,(anonymous_12)
FN:82,(anonymous_13)
FN:95,(anonymous_14)
FN:96,(anonymous_15)
FN:114,(anonymous_16)
FN:115,(anonymous_17)
FN:120,(anonymous_18)
FNF:19
FNH:0
FNDA:0,ConnectionsScreen
FNDA:0,(anonymous_1)
FNDA:0,(anonymous_2)
FNDA:0,(anonymous_3)
FNDA:0,(anonymous_4)
FNDA:0,(anonymous_5)
FNDA:0,(anonymous_6)
FNDA:0,(anonymous_7)
FNDA:0,(anonymous_8)
FNDA:0,(anonymous_9)
FNDA:0,(anonymous_10)
FNDA:0,(anonymous_11)
FNDA:0,(anonymous_12)
FNDA:0,(anonymous_13)
FNDA:0,(anonymous_14)
FNDA:0,(anonymous_15)
FNDA:0,(anonymous_16)
FNDA:0,(anonymous_17)
FNDA:0,(anonymous_18)
DA:13,0
DA:14,0
DA:15,0
DA:16,0
DA:17,0
DA:18,0
DA:20,0
DA:21,0
DA:22,0
DA:23,0
DA:26,0
DA:27,0
DA:28,0
DA:29,0
DA:33,0
DA:34,0
DA:37,0
DA:40,0
DA:41,0
DA:42,0
DA:45,0
DA:46,0
DA:50,0
DA:51,0
DA:52,0
DA:57,0
DA:63,0
DA:75,0
DA:77,0
DA:82,0
DA:95,0
DA:97,0
DA:114,0
DA:116,0
DA:120,0
DA:137,0
LF:36
LH:0
BRDA:21,0,0,0
BRDA:21,0,1,0
BRDA:28,1,0,0
BRDA:28,1,1,0
BRDA:50,2,0,0
BRDA:50,2,1,0
BRDA:62,3,0,0
BRDA:62,3,1,0
BRDA:63,4,0,0
BRDA:63,4,1,0
BRDA:66,5,0,0
BRDA:66,5,1,0
BRF:12
BRH:0
end_of_record
TN:
SF:app/hiddenTabs/index.tsx
FN:9,HomeScreen
FNF:1
FNH:0
FNDA:0,HomeScreen
DA:10,0
DA:11,0
DA:13,0
DA:32,0
LF:4
LH:0
BRDA:11,0,0,0
BRDA:11,0,1,0
BRF:2
BRH:0
end_of_record
TN:
SF:assets/fonts/fonts.d.ts
FNF:0
FNH:0
LF:0
LH:0
BRF:0
BRH:0
end_of_record
TN:
SF:components/Button.tsx
FN:15,(anonymous_0)
FN:28,Button
FNF:2
FNH:0
FNDA:0,(anonymous_0)
FNDA:0,Button
DA:5,0
DA:15,0
DA:39,0
DA:40,0
DA:59,0
LF:5
LH:0
BRDA:30,0,0,0
BRDA:44,1,0,0
BRDA:44,1,1,0
BRDA:50,2,0,0
BRDA:50,2,1,0
BRDA:54,3,0,0
BRDA:54,3,1,0
BRF:7
BRH:0
end_of_record
TN:
SF:components/Collapsible.tsx
FN:10,Collapsible
FN:21,(anonymous_1)
FN:21,(anonymous_2)
FNF:3
FNH:0
FNDA:0,Collapsible
FNDA:0,(anonymous_1)
FNDA:0,(anonymous_2)
DA:14,0
DA:15,0
DA:17,0
DA:21,0
DA:39,0
LF:5
LH:0
BRDA:15,0,0,0
BRDA:15,0,1,0
BRDA:28,1,0,0
BRDA:28,1,1,0
BRDA:29,2,0,0
BRDA:29,2,1,0
BRDA:34,3,0,0
BRDA:34,3,1,0
BRF:8
BRH:0
end_of_record
TN:
SF:components/ExternalLink.tsx
FN:8,ExternalLink
FN:14,(anonymous_1)
FNF:2
FNH:0
FNDA:0,ExternalLink
FNDA:0,(anonymous_1)
DA:9,0
DA:15,0
DA:17,0
DA:19,0
LF:4
LH:0
BRDA:15,0,0,0
BRDA:15,0,1,0
BRF:2
BRH:0
end_of_record
TN:
SF:components/HapticTab.tsx
FN:5,HapticTab
FN:9,(anonymous_1)
FNF:2
FNH:0
FNDA:0,HapticTab
FNDA:0,(anonymous_1)
DA:6,0
DA:10,0
DA:12,0
DA:14,0
LF:4
LH:0
BRDA:10,0,0,0
BRDA:10,0,1,0
BRF:2
BRH:0
end_of_record
TN:
SF:components/HelloWave.tsx
FN:13,HelloWave
FN:16,(anonymous_1)
FN:26,(anonymous_2)
FNF:3
FNH:0
FNDA:0,HelloWave
FNDA:0,(anonymous_1)
FNDA:0,(anonymous_2)
DA:14,0
DA:16,0
DA:17,0
DA:26,0
DA:30,0
DA:37,0
LF:6
LH:0
BRF:0
BRH:0
end_of_record
TN:
SF:components/MuiStack.tsx
FN:18,(anonymous_0)
FN:29,(anonymous_1)
FNF:2
FNH:2
FNDA:2,(anonymous_0)
FNDA:3,(anonymous_1)
DA:18,1
DA:25,2
DA:27,2
DA:30,3
LF:4
LH:4
BRDA:20,0,0,2
BRDA:21,1,0,2
BRDA:33,2,0,1
BRDA:33,2,1,2
BRDA:34,3,0,0
BRDA:34,3,1,1
BRF:6
BRH:5
end_of_record
TN:
SF:components/Tab.tsx
FN:20,(anonymous_0)
FN:30,(anonymous_1)
FN:34,(anonymous_2)
FN:42,(anonymous_3)
FN:46,(anonymous_4)
FN:50,(anonymous_5)
FN:61,(anonymous_6)
FN:65,(anonymous_7)
FN:66,(anonymous_8)
FNF:9
FNH:0
FNDA:0,(anonymous_0)
FNDA:0,(anonymous_1)
FNDA:0,(anonymous_2)
FNDA:0,(anonymous_3)
FNDA:0,(anonymous_4)
FNDA:0,(anonymous_5)
FNDA:0,(anonymous_6)
FNDA:0,(anonymous_7)
FNDA:0,(anonymous_8)
DA:20,0
DA:26,0
DA:27,0
DA:30,0
DA:31,0
DA:32,0
DA:34,0
DA:35,0
DA:42,0
DA:43,0
DA:44,0
DA:46,0
DA:48,0
DA:50,0
DA:51,0
DA:56,0
DA:58,0
DA:62,0
DA:65,0
DA:66,0
DA:87,0
LF:21
LH:0
BRDA:24,0,0,0
BRDA:31,1,0,0
BRDA:31,1,1,0
BRDA:46,2,0,0
BRDA:46,2,1,0
BRDA:56,3,0,0
BRDA:56,3,1,0
BRF:7
BRH:0
end_of_record
TN:
SF:components/ThemedKeyboardAvoidingView.tsx
FN:12,ThemedKeyboardAvoidingView
FNF:1
FNH:0
FNDA:0,ThemedKeyboardAvoidingView
DA:18,0
DA:23,0
LF:2
LH:0
BRF:0
BRH:0
end_of_record
TN:
SF:components/ThemedScrollView.tsx
FN:14,ThemedScrollView
FNF:1
FNH:0
FNDA:0,ThemedScrollView
DA:21,0
DA:22,0
DA:23,0
DA:24,0
DA:26,0
DA:56,0
LF:6
LH:0
BRDA:38,0,0,0
BRDA:38,0,1,0
BRDA:40,1,0,0
BRDA:40,1,1,0
BRF:4
BRH:0
end_of_record
TN:
SF:components/ThemedStack.tsx
FN:6,ThemedStack
FNF:1
FNH:0
FNDA:0,ThemedStack
DA:7,0
DA:9,0
LF:2
LH:0
BRDA:7,0,0,0
BRDA:7,0,1,0
BRF:2
BRH:0
end_of_record
TN:
SF:components/ThemedText.tsx
FN:12,ThemedText
FNF:1
FNH:1
FNDA:1,ThemedText
DA:19,1
DA:24,1
DA:40,1
LF:3
LH:3
BRDA:16,0,0,1
BRDA:28,1,0,1
BRDA:28,1,1,0
BRDA:29,2,0,0
BRDA:29,2,1,1
BRDA:30,3,0,0
BRDA:30,3,1,1
BRDA:31,4,0,0
BRDA:31,4,1,1
BRDA:32,5,0,0
BRDA:32,5,1,1
BRF:11
BRH:6
end_of_record
TN:
SF:components/ThemedView.tsx
FN:10,ThemedView
FNF:1
FNH:1
FNDA:2,ThemedView
DA:16,2
DA:21,2
LF:2
LH:2
BRF:0
BRH:0
end_of_record
TN:
SF:components/toggleSwitch.tsx
FN:9,(anonymous_0)
FNF:1
FNH:0
FNDA:0,(anonymous_0)
DA:9,0
DA:10,0
LF:2
LH:0
BRDA:13,0,0,0
BRDA:13,0,1,0
BRDA:17,1,0,0
BRDA:17,1,1,0
BRF:4
BRH:0
end_of_record
TN:
SF:components/Prayer/PrayerEdit/SettingsRow.tsx
FN:10,(anonymous_0)
FNF:1
FNH:0
FNDA:0,(anonymous_0)
DA:10,0
DA:15,0
DA:17,0
LF:3
LH:0
BRDA:15,0,0,0
BRDA:15,0,1,0
BRF:2
BRH:0
end_of_record
TN:
SF:components/Prayer/PrayerViews/FloatingAddPrayerButton.tsx
FN:14,FloatingAddPrayerButton
FN:22,(anonymous_1)
FNF:2
FNH:0
FNDA:0,FloatingAddPrayerButton
FNDA:0,(anonymous_1)
DA:20,0
DA:22,0
DA:23,0
DA:26,0
DA:44,0
LF:5
LH:0
BRDA:35,0,0,0
BRDA:35,0,1,0
BRF:2
BRH:0
end_of_record
TN:
SF:components/Prayer/PrayerViews/PrayerCard.tsx
FN:20,PrayerCard
FN:23,(anonymous_1)
FN:40,(anonymous_2)
FN:53,(anonymous_3)
FNF:4
FNH:0
FNDA:0,PrayerCard
FNDA:0,(anonymous_1)
FNDA:0,(anonymous_2)
FNDA:0,(anonymous_3)
DA:21,0
DA:23,0
DA:24,0
DA:27,0
DA:33,0
DA:40,0
DA:41,0
DA:45,0
DA:47,0
DA:54,0
DA:56,0
DA:62,0
DA:131,0
LF:13
LH:0
BRDA:21,0,0,0
BRDA:21,0,1,0
BRDA:24,1,0,0
BRDA:24,1,1,0
BRDA:27,2,0,0
BRDA:27,2,1,0
BRDA:29,3,0,0
BRDA:29,3,1,0
BRDA:29,4,0,0
BRDA:29,4,1,0
BRDA:54,5,0,0
BRDA:54,5,1,0
BRDA:70,6,0,0
BRDA:70,6,1,0
BRDA:70,6,2,0
BRDA:75,7,0,0
BRDA:75,7,1,0
BRDA:77,8,0,0
BRDA:77,8,1,0
BRDA:77,8,2,0
BRDA:84,9,0,0
BRDA:84,9,1,0
BRDA:85,10,0,0
BRDA:85,10,1,0
BRDA:90,11,0,0
BRDA:90,11,1,0
BRF:26
BRH:0
end_of_record
TN:
SF:components/Prayer/PrayerViews/PrayerContent.tsx
FN:8,PrayerContent
FN:22,(anonymous_1)
FN:26,(anonymous_2)
FN:30,(anonymous_3)
FN:34,(anonymous_4)
FN:49,(anonymous_5)
FNF:6
FNH:0
FNDA:0,PrayerContent
FNDA:0,(anonymous_1)
FNDA:0,(anonymous_2)
FNDA:0,(anonymous_3)
FNDA:0,(anonymous_4)
FNDA:0,(anonymous_5)
DA:22,0
DA:23,0
DA:26,0
DA:27,0
DA:30,0
DA:31,0
DA:34,0
DA:35,0
DA:37,0
DA:42,0
DA:49,0
DA:50,0
DA:53,0
DA:59,0
DA:66,0
DA:109,0
LF:16
LH:0
BRDA:31,0,0,0
BRDA:31,0,1,0
BRDA:35,1,0,0
BRDA:35,1,1,0
BRDA:38,2,0,0
BRDA:38,2,1,0
BRDA:43,3,0,0
BRDA:43,3,1,0
BRDA:50,4,0,0
BRDA:50,4,1,0
BRDA:53,5,0,0
BRDA:53,5,1,0
BRDA:55,6,0,0
BRDA:55,6,1,0
BRDA:55,7,0,0
BRDA:55,7,1,0
BRDA:68,8,0,0
BRDA:68,8,1,0
BRDA:68,9,0,0
BRDA:68,9,1,0
BRDA:68,9,2,0
BRDA:79,10,0,0
BRDA:79,10,1,0
BRDA:83,11,0,0
BRDA:83,11,1,0
BRDA:86,12,0,0
BRDA:86,12,1,0
BRDA:86,13,0,0
BRDA:86,13,1,0
BRDA:98,14,0,0
BRDA:98,14,1,0
BRDA:100,15,0,0
BRDA:100,15,1,0
BRF:33
BRH:0
end_of_record
TN:
SF:components/Prayer/PrayerViews/PrayerPointCard.tsx
FN:23,(anonymous_0)
FN:31,(anonymous_1)
FN:44,(anonymous_2)
FN:48,(anonymous_3)
FN:52,(anonymous_4)
FN:83,(anonymous_5)
FN:95,(anonymous_6)
FNF:7
FNH:0
FNDA:0,(anonymous_0)
FNDA:0,(anonymous_1)
FNDA:0,(anonymous_2)
FNDA:0,(anonymous_3)
FNDA:0,(anonymous_4)
FNDA:0,(anonymous_5)
FNDA:0,(anonymous_6)
DA:23,0
DA:29,0
DA:31,0
DA:32,0
DA:34,0
DA:39,0
DA:41,0
DA:44,0
DA:45,0
DA:48,0
DA:49,0
DA:52,0
DA:53,0
DA:54,0
DA:57,0
DA:84,0
DA:95,0
DA:147,0
LF:18
LH:0
BRDA:29,0,0,0
BRDA:29,0,1,0
BRDA:32,1,0,0
BRDA:32,1,1,0
BRDA:35,2,0,0
BRDA:35,2,1,0
BRDA:54,3,0,0
BRDA:54,3,1,0
BRDA:67,4,0,0
BRDA:67,4,1,0
BRDA:81,5,0,0
BRDA:81,5,1,0
BRDA:90,6,0,0
BRDA:90,6,1,0
BRDA:110,7,0,0
BRDA:110,7,1,0
BRDA:113,8,0,0
BRDA:113,8,1,0
BRDA:118,9,0,0
BRDA:118,9,1,0
BRDA:118,9,2,0
BRDA:129,10,0,0
BRDA:129,10,1,0
BRF:23
BRH:0
end_of_record
TN:
SF:components/Prayer/PrayerViews/PrayerPointLinking.tsx
FN:16,PrayerPointLinking
FN:34,(anonymous_1)
FN:44,(anonymous_2)
FN:67,(anonymous_3)
FN:77,(anonymous_4)
FN:80,(anonymous_5)
FNF:6
FNH:0
FNDA:0,PrayerPointLinking
FNDA:0,(anonymous_1)
FNDA:0,(anonymous_2)
FNDA:0,(anonymous_3)
FNDA:0,(anonymous_4)
FNDA:0,(anonymous_5)
DA:28,0
DA:29,0
DA:30,0
DA:31,0
DA:32,0
DA:34,0
DA:35,0
DA:36,0
DA:44,0
DA:45,0
DA:53,0
DA:67,0
DA:78,0
DA:80,0
DA:99,0
LF:15
LH:0
BRDA:35,0,0,0
BRDA:35,0,1,0
BRDA:35,1,0,0
BRDA:35,1,1,0
BRDA:60,2,0,0
BRDA:60,2,1,0
BRDA:70,3,0,0
BRDA:70,3,1,0
BRDA:75,4,0,0
BRDA:75,4,1,0
BRF:10
BRH:0
end_of_record
TN:
SF:components/Prayer/PrayerViews/PrayerPointSection.tsx
FN:22,(anonymous_0)
FN:31,(anonymous_1)
FN:35,(anonymous_2)
FN:36,(anonymous_3)
FN:40,(anonymous_4)
FN:42,(anonymous_5)
FN:48,(anonymous_6)
FN:75,(anonymous_7)
FN:81,(anonymous_8)
FN:82,(anonymous_9)
FN:83,(anonymous_10)
FN:91,(anonymous_11)
FN:96,(anonymous_12)
FNF:13
FNH:0
FNDA:0,(anonymous_0)
FNDA:0,(anonymous_1)
FNDA:0,(anonymous_2)
FNDA:0,(anonymous_3)
FNDA:0,(anonymous_4)
FNDA:0,(anonymous_5)
FNDA:0,(anonymous_6)
FNDA:0,(anonymous_7)
FNDA:0,(anonymous_8)
FNDA:0,(anonymous_9)
FNDA:0,(anonymous_10)
FNDA:0,(anonymous_11)
FNDA:0,(anonymous_12)
DA:22,0
DA:27,0
DA:28,0
DA:29,0
DA:31,0
DA:32,0
DA:35,0
DA:36,0
DA:37,0
DA:40,0
DA:41,0
DA:42,0
DA:44,0
DA:45,0
DA:48,0
DA:49,0
DA:50,0
DA:53,0
DA:76,0
DA:81,0
DA:83,0
DA:84,0
DA:86,0
DA:87,0
DA:91,0
DA:97,0
DA:121,0
LF:27
LH:0
BRDA:53,0,0,0
BRDA:53,0,1,0
BRDA:57,1,0,0
BRDA:57,1,1,0
BRDA:59,2,0,0
BRDA:59,2,1,0
BRDA:65,3,0,0
BRDA:65,3,1,0
BRDA:70,4,0,0
BRDA:70,4,1,0
BRDA:84,5,0,0
BRDA:84,5,1,0
BRF:12
BRH:0
end_of_record
TN:
SF:components/Prayer/PrayerViews/TagsSection.tsx
FN:22,(anonymous_0)
FN:27,(anonymous_1)
FN:38,(anonymous_2)
FN:39,(anonymous_3)
FN:42,(anonymous_4)
FN:44,(anonymous_5)
FN:48,(anonymous_6)
FN:49,(anonymous_7)
FN:51,(anonymous_8)
FN:60,(anonymous_9)
FN:70,(anonymous_10)
FN:81,(anonymous_11)
FN:97,(anonymous_12)
FN:97,(anonymous_13)
FN:106,(anonymous_14)
FNF:15
FNH:0
FNDA:0,(anonymous_0)
FNDA:0,(anonymous_1)
FNDA:0,(anonymous_2)
FNDA:0,(anonymous_3)
FNDA:0,(anonymous_4)
FNDA:0,(anonymous_5)
FNDA:0,(anonymous_6)
FNDA:0,(anonymous_7)
FNDA:0,(anonymous_8)
FNDA:0,(anonymous_9)
FNDA:0,(anonymous_10)
FNDA:0,(anonymous_11)
FNDA:0,(anonymous_12)
FNDA:0,(anonymous_13)
FNDA:0,(anonymous_14)
DA:22,0
DA:23,0
DA:27,0
DA:28,0
DA:29,0
DA:32,0
DA:36,0
DA:38,0
DA:39,0
DA:42,0
DA:43,0
DA:44,0
DA:47,0
DA:49,0
DA:50,0
DA:51,0
DA:53,0
DA:54,0
DA:60,0
DA:61,0
DA:62,0
DA:63,0
DA:65,0
DA:69,0
DA:71,0
DA:81,0
DA:96,0
DA:97,0
DA:101,0
DA:106,0
DA:134,0
LF:31
LH:0
BRDA:23,0,0,0
BRDA:23,0,1,0
BRDA:30,1,0,0
BRDA:30,1,1,0
BRDA:50,2,0,0
BRDA:50,2,1,0
BRDA:70,3,0,0
BRDA:76,4,0,0
BRDA:76,4,1,0
BRDA:81,5,0,0
BRDA:81,5,1,0
BRDA:86,6,0,0
BRDA:86,6,1,0
BRDA:104,7,0,0
BRDA:104,7,1,0
BRF:15
BRH:0
end_of_record
TN:
SF:components/Prayer/PrayerViews/TagsSection_Categories.tsx
FN:22,(anonymous_0)
FN:27,(anonymous_1)
FN:31,(anonymous_2)
FN:41,(anonymous_3)
FN:50,(anonymous_4)
FN:54,(anonymous_5)
FN:56,(anonymous_6)
FN:60,(anonymous_7)
FN:62,(anonymous_8)
FN:65,(anonymous_9)
FN:66,(anonymous_10)
FN:68,(anonymous_11)
FN:72,(anonymous_12)
FN:79,(anonymous_13)
FN:91,(anonymous_14)
FN:102,(anonymous_15)
FN:118,(anonymous_16)
FN:118,(anonymous_17)
FN:127,(anonymous_18)
FNF:19
FNH:0
FNDA:0,(anonymous_0)
FNDA:0,(anonymous_1)
FNDA:0,(anonymous_2)
FNDA:0,(anonymous_3)
FNDA:0,(anonymous_4)
FNDA:0,(anonymous_5)
FNDA:0,(anonymous_6)
FNDA:0,(anonymous_7)
FNDA:0,(anonymous_8)
FNDA:0,(anonymous_9)
FNDA:0,(anonymous_10)
FNDA:0,(anonymous_11)
FNDA:0,(anonymous_12)
FNDA:0,(anonymous_13)
FNDA:0,(anonymous_14)
FNDA:0,(anonymous_15)
FNDA:0,(anonymous_16)
FNDA:0,(anonymous_17)
FNDA:0,(anonymous_18)
DA:22,0
DA:23,0
DA:27,0
DA:31,0
DA:32,0
DA:38,0
DA:41,0
DA:42,0
DA:43,0
DA:44,0
DA:48,0
DA:50,0
DA:51,0
DA:54,0
DA:55,0
DA:56,0
DA:60,0
DA:61,0
DA:62,0
DA:65,0
DA:66,0
DA:67,0
DA:68,0
DA:69,0
DA:72,0
DA:74,0
DA:79,0
DA:80,0
DA:81,0
DA:82,0
DA:86,0
DA:90,0
DA:92,0
DA:102,0
DA:117,0
DA:118,0
DA:122,0
DA:127,0
DA:155,0
LF:39
LH:0
BRDA:23,0,0,0
BRDA:23,0,1,0
BRDA:27,1,0,0
BRDA:27,1,1,0
BRDA:38,2,0,0
BRDA:38,2,1,0
BRDA:67,3,0,0
BRDA:67,3,1,0
BRDA:69,4,0,0
BRDA:69,4,1,0
BRDA:91,5,0,0
BRDA:97,6,0,0
BRDA:97,6,1,0
BRDA:102,7,0,0
BRDA:102,7,1,0
BRDA:107,8,0,0
BRDA:107,8,1,0
BRDA:125,9,0,0
BRDA:125,9,1,0
BRF:19
BRH:0
end_of_record
TN:
SF:components/Prayer/PrayerViews/Recording/RecordingButton.tsx
FN:12,(anonymous_0)
FN:32,(anonymous_1)
FN:41,(anonymous_2)
FN:52,(anonymous_3)
FNF:4
FNH:0
FNDA:0,(anonymous_0)
FNDA:0,(anonymous_1)
FNDA:0,(anonymous_2)
FNDA:0,(anonymous_3)
DA:12,0
DA:18,0
DA:32,0
DA:33,0
DA:41,0
DA:44,0
DA:52,0
DA:53,0
DA:61,0
LF:9
LH:0
BRDA:34,0,0,0
BRDA:34,0,1,0
BRDA:35,1,0,0
BRDA:35,1,1,0
BRF:4
BRH:0
end_of_record
TN:
SF:components/Prayer/PrayerViews/Recording/RecordingSymbol.tsx
FN:5,WaveForm
FNF:1
FNH:0
FNDA:0,WaveForm
DA:6,0
DA:13,0
LF:2
LH:0
BRF:0
BRH:0
end_of_record
TN:
SF:components/UnavailableScreens/ContentUnavailable.tsx
FN:13,(anonymous_0)
FNF:1
FNH:0
FNDA:0,(anonymous_0)
DA:13,0
DA:18,0
DA:38,0
LF:3
LH:0
BRF:0
BRH:0
end_of_record
TN:
SF:components/ui/EmojiIconBackground.tsx
FN:15,(anonymous_0)
FNF:1
FNH:0
FNDA:0,(anonymous_0)
DA:9,0
DA:15,0
DA:18,0
DA:30,0
LF:4
LH:0
BRF:0
BRH:0
end_of_record
TN:
SF:components/ui/HeaderButton.tsx
FN:11,HeaderButton
FNF:1
FNH:0
FNDA:0,HeaderButton
DA:17,0
DA:19,0
DA:35,0
LF:3
LH:0
BRDA:26,0,0,0
BRDA:26,0,1,0
BRF:2
BRH:0
end_of_record
TN:
SF:components/ui/IconSymbol.ios.tsx
FN:4,IconSymbol
FNF:1
FNH:0
FNDA:0,IconSymbol
DA:17,0
LF:1
LH:0
BRDA:6,0,0,0
BRDA:9,1,0,0
BRF:2
BRH:0
end_of_record
TN:
SF:components/ui/IconSymbol.tsx
FN:34,IconSymbol
FNF:1
FNH:0
FNDA:0,IconSymbol
DA:9,0
DA:46,0
LF:2
LH:0
BRDA:36,0,0,0
BRF:1
BRH:0
end_of_record
TN:
SF:components/ui/SearchBar.tsx
FN:9,SearchBar
FN:15,(anonymous_1)
FN:19,(anonymous_2)
FNF:3
FNH:0
FNDA:0,SearchBar
FNDA:0,(anonymous_1)
FNDA:0,(anonymous_2)
DA:13,0
DA:15,0
DA:16,0
DA:19,0
DA:20,0
DA:21,0
DA:24,0
DA:36,0
LF:8
LH:0
BRDA:10,0,0,0
BRF:1
BRH:0
end_of_record
TN:
SF:components/ui/TabBarBackground.ios.tsx
FN:6,BlurTabBarBackground
FN:18,useBottomTabOverflow
FNF:2
FNH:0
FNDA:0,BlurTabBarBackground
FNDA:0,useBottomTabOverflow
DA:7,0
DA:19,0
DA:20,0
DA:21,0
LF:4
LH:0
BRF:0
BRH:0
end_of_record
TN:
SF:components/ui/TabBarBackground.tsx
FN:4,useBottomTabOverflow
FNF:1
FNH:0
FNDA:0,useBottomTabOverflow
DA:5,0
LF:1
LH:0
BRF:0
BRH:0
end_of_record
TN:
SF:components/ui/calendar.tsx
FN:3,WeekCalendar
FN:22,(anonymous_1)
FNF:2
FNH:0
FNDA:0,WeekCalendar
FNDA:0,(anonymous_1)
DA:5,0
DA:6,0
DA:8,0
DA:9,0
DA:11,0
DA:12,0
DA:14,0
DA:15,0
DA:16,0
DA:23,0
LF:10
LH:0
BRF:0
BRH:0
end_of_record
TN:
SF:constants/Colors.ts
FNF:0
FNH:0
DA:8,2
DA:9,2
DA:11,2
LF:3
LH:3
BRF:0
BRH:0
end_of_record
TN:
SF:constants/TagColors.ts
FNF:0
FNH:0
DA:3,2
DA:28,2
LF:2
LH:2
BRF:0
BRH:0
end_of_record
TN:
SF:context/AuthContext.tsx
FN:23,(anonymous_0)
FN:27,(anonymous_1)
FNF:2
FNH:0
FNDA:0,(anonymous_0)
FNDA:0,(anonymous_1)
DA:16,0
DA:23,0
DA:24,0
DA:25,0
DA:27,0
DA:29,0
DA:32,0
LF:7
LH:0
BRF:0
BRH:0
end_of_record
TN:
SF:context/PrayerCollectionContext.tsx
FN:27,(anonymous_0)
FN:40,(anonymous_1)
FN:47,(anonymous_2)
FN:55,(anonymous_3)
FN:56,(anonymous_4)
FN:57,(anonymous_5)
FN:64,(anonymous_6)
FN:65,(anonymous_7)
FN:66,(anonymous_8)
FN:75,(anonymous_9)
FN:85,(anonymous_10)
FN:87,(anonymous_11)
FN:88,(anonymous_12)
FN:90,(anonymous_13)
FN:91,(anonymous_14)
FN:94,(anonymous_15)
FN:95,(anonymous_16)
FN:97,(anonymous_17)
FN:98,(anonymous_18)
FN:103,(anonymous_19)
FN:109,(anonymous_20)
FN:112,(anonymous_21)
FN:117,(anonymous_22)
FN:143,(anonymous_23)
FNF:24
FNH:0
FNDA:0,(anonymous_0)
FNDA:0,(anonymous_1)
FNDA:0,(anonymous_2)
FNDA:0,(anonymous_3)
FNDA:0,(anonymous_4)
FNDA:0,(anonymous_5)
FNDA:0,(anonymous_6)
FNDA:0,(anonymous_7)
FNDA:0,(anonymous_8)
FNDA:0,(anonymous_9)
FNDA:0,(anonymous_10)
FNDA:0,(anonymous_11)
FNDA:0,(anonymous_12)
FNDA:0,(anonymous_13)
FNDA:0,(anonymous_14)
FNDA:0,(anonymous_15)
FNDA:0,(anonymous_16)
FNDA:0,(anonymous_17)
FNDA:0,(anonymous_18)
FNDA:0,(anonymous_19)
FNDA:0,(anonymous_20)
FNDA:0,(anonymous_21)
FNDA:0,(anonymous_22)
FNDA:0,(anonymous_23)
DA:23,0
DA:27,0
DA:32,0
DA:33,0
DA:34,0
DA:35,0
DA:36,0
DA:40,0
DA:41,0
DA:42,0
DA:43,0
DA:44,0
DA:47,0
DA:48,0
DA:49,0
DA:50,0
DA:51,0
DA:55,0
DA:56,0
DA:57,0
DA:58,0
DA:64,0
DA:65,0
DA:66,0
DA:67,0
DA:74,0
DA:76,0
DA:77,0
DA:79,0
DA:85,0
DA:86,0
DA:87,0
DA:88,0
DA:90,0
DA:91,0
DA:94,0
DA:95,0
DA:97,0
DA:98,0
DA:103,0
DA:104,0
DA:105,0
DA:108,0
DA:110,0
DA:111,0
DA:113,0
DA:116,0
DA:118,0
DA:125,0
DA:143,0
DA:144,0
DA:145,0
DA:146,0
DA:150,0
LF:54
LH:0
BRDA:41,0,0,0
BRDA:41,0,1,0
BRDA:48,1,0,0
BRDA:48,1,1,0
BRDA:58,2,0,0
BRDA:58,2,1,0
BRDA:67,3,0,0
BRDA:67,3,1,0
BRDA:76,4,0,0
BRDA:76,4,1,0
BRDA:86,5,0,0
BRDA:86,5,1,0
BRDA:145,6,0,0
BRDA:145,6,1,0
BRF:14
BRH:0
end_of_record
TN:
SF:context/PrayerContext.tsx
FN:18,(anonymous_0)
FN:44,(anonymous_1)
FNF:2
FNH:0
FNDA:0,(anonymous_0)
FNDA:0,(anonymous_1)
DA:16,0
DA:18,0
DA:19,0
DA:20,0
DA:21,0
DA:22,0
DA:24,0
DA:44,0
DA:45,0
DA:46,0
DA:47,0
DA:49,0
LF:12
LH:0
BRDA:46,0,0,0
BRDA:46,0,1,0
BRF:2
BRH:0
end_of_record
TN:
SF:context/RecordingContext.tsx
FN:31,(anonymous_0)
FN:41,(anonymous_1)
FN:54,(anonymous_2)
FN:63,(anonymous_3)
FN:68,(anonymous_4)
FN:93,(anonymous_5)
FNF:6
FNH:0
FNDA:0,(anonymous_0)
FNDA:0,(anonymous_1)
FNDA:0,(anonymous_2)
FNDA:0,(anonymous_3)
FNDA:0,(anonymous_4)
FNDA:0,(anonymous_5)
DA:27,0
DA:31,0
DA:32,0
DA:34,0
DA:35,0
DA:38,0
DA:39,0
DA:41,0
DA:42,0
DA:44,0
DA:46,0
DA:47,0
DA:48,0
DA:50,0
DA:54,0
DA:55,0
DA:56,0
DA:57,0
DA:63,0
DA:64,0
DA:68,0
DA:69,0
DA:70,0
DA:72,0
DA:73,0
DA:74,0
DA:76,0
DA:78,0
DA:81,0
DA:82,0
DA:83,0
DA:85,0
DA:86,0
DA:88,0
DA:93,0
DA:94,0
DA:97,0
DA:101,0
DA:105,0
LF:39
LH:0
BRDA:46,0,0,0
BRDA:46,0,1,0
BRDA:46,1,0,0
BRDA:46,1,1,0
BRDA:72,2,0,0
BRDA:72,2,1,0
BRDA:72,3,0,0
BRDA:72,3,1,0
BRDA:81,4,0,0
BRDA:81,4,1,0
BRDA:85,5,0,0
BRDA:85,5,1,0
BRF:12
BRH:0
end_of_record
TN:
SF:context/UserContext.tsx
FN:36,(anonymous_0)
FN:43,(anonymous_1)
FN:44,(anonymous_2)
FN:59,(anonymous_3)
FN:79,(anonymous_4)
FN:97,(anonymous_5)
FN:117,(anonymous_6)
FNF:7
FNH:0
FNDA:0,(anonymous_0)
FNDA:0,(anonymous_1)
FNDA:0,(anonymous_2)
FNDA:0,(anonymous_3)
FNDA:0,(anonymous_4)
FNDA:0,(anonymous_5)
FNDA:0,(anonymous_6)
DA:28,0
DA:36,0
DA:37,0
DA:41,0
DA:43,0
DA:44,0
DA:45,0
DA:46,0
DA:49,0
DA:50,0
DA:53,0
DA:56,0
DA:59,0
DA:60,0
DA:61,0
DA:64,0
DA:65,0
DA:68,0
DA:71,0
DA:75,0
DA:76,0
DA:79,0
DA:83,0
DA:84,0
DA:85,0
DA:86,0
DA:90,0
DA:93,0
DA:97,0
DA:98,0
DA:99,0
DA:102,0
DA:103,0
DA:105,0
DA:107,0
DA:112,0
DA:117,0
DA:121,0
DA:122,0
DA:123,0
DA:124,0
DA:128,0
DA:131,0
DA:135,0
LF:44
LH:0
BRDA:49,0,0,0
BRDA:49,0,1,0
BRDA:64,1,0,0
BRDA:64,1,1,0
BRDA:84,2,0,0
BRDA:84,2,1,0
BRDA:98,3,0,0
BRDA:98,3,1,0
BRDA:122,4,0,0
BRDA:122,4,1,0
BRF:10
BRH:0
end_of_record
TN:
SF:firebase/firebaseConfig.tsx
FNF:0
FNH:0
DA:10,1
DA:20,1
DA:23,1
DA:28,1
LF:4
LH:4
BRF:0
BRH:0
end_of_record
TN:
SF:hooks/useAuth.tsx
FN:10,useAuth
FN:20,(anonymous_1)
FN:21,(anonymous_2)
FN:33,(anonymous_3)
FNF:4
FNH:0
FNDA:0,useAuth
FNDA:0,(anonymous_1)
FNDA:0,(anonymous_2)
FNDA:0,(anonymous_3)
DA:12,0
DA:13,0
DA:18,0
DA:20,0
DA:21,0
DA:22,0
DA:23,0
DA:24,0
DA:25,0
DA:26,0
DA:28,0
DA:29,0
DA:33,0
DA:36,0
LF:14
LH:0
BRDA:22,0,0,0
BRDA:22,0,1,0
BRF:2
BRH:0
end_of_record
TN:
SF:hooks/useAuthContext.tsx
FN:7,(anonymous_0)
FNF:1
FNH:0
FNDA:0,(anonymous_0)
DA:7,0
DA:8,0
DA:9,0
DA:10,0
DA:12,0
LF:5
LH:0
BRDA:9,0,0,0
BRDA:9,0,1,0
BRF:2
BRH:0
end_of_record
TN:
SF:hooks/useColorScheme.ts
FNF:0
FNH:0
LF:0
LH:0
BRF:0
BRH:0
end_of_record
TN:
SF:hooks/useColorScheme.web.ts
FN:7,useColorScheme
FN:10,(anonymous_1)
FNF:2
FNH:0
FNDA:0,useColorScheme
FNDA:0,(anonymous_1)
DA:8,0
DA:10,0
DA:11,0
DA:14,0
DA:16,0
DA:17,0
DA:20,0
LF:7
LH:0
BRDA:16,0,0,0
BRDA:16,0,1,0
BRF:2
BRH:0
end_of_record
TN:
SF:hooks/useThemeColor.ts
FN:9,useThemeColor
FNF:1
FNH:1
FNDA:3,useThemeColor
DA:13,3
DA:14,3
DA:16,3
DA:17,0
DA:19,3
LF:5
LH:4
BRDA:13,0,0,3
BRDA:13,0,1,0
BRDA:16,1,0,0
BRDA:16,1,1,3
BRF:4
BRH:2
end_of_record
TN:
SF:hooks/useUserContext.tsx
FN:4,useUserContext
FNF:1
FNH:0
FNDA:0,useUserContext
DA:5,0
DA:7,0
DA:8,0
DA:11,0
LF:4
LH:0
BRDA:7,0,0,0
BRDA:7,0,1,0
BRF:2
BRH:0
end_of_record
TN:
SF:hooks/recording/useRecording.ts
FN:8,(anonymous_0)
FNF:1
FNH:0
FNDA:0,(anonymous_0)
DA:8,0
DA:9,0
DA:10,0
DA:11,0
DA:14,0
LF:5
LH:0
BRDA:10,0,0,0
BRDA:10,0,1,0
BRF:2
BRH:0
end_of_record
TN:
SF:schema/firebaseCollections.ts
FNF:0
FNH:0
LF:0
LH:0
BRF:0
BRH:0
end_of_record
TN:
SF:services/userService.ts
FN:9,(anonymous_0)
FNF:1
FNH:0
FNDA:0,(anonymous_0)
DA:7,0
DA:10,0
DA:11,0
DA:12,0
DA:14,0
DA:16,0
DA:21,0
DA:22,0
DA:27,0
LF:9
LH:0
BRDA:14,0,0,0
BRDA:14,0,1,0
BRF:2
BRH:0
end_of_record
TN:
SF:services/ai/openAIService.ts
FN:22,(anonymous_0)
FN:25,(anonymous_1)
FN:32,(anonymous_2)
FN:133,(anonymous_3)
FN:136,(anonymous_4)
FN:150,(anonymous_5)
FN:173,(anonymous_6)
FN:193,(anonymous_7)
FNF:8
FNH:0
FNDA:0,(anonymous_0)
FNDA:0,(anonymous_1)
FNDA:0,(anonymous_2)
FNDA:0,(anonymous_3)
FNDA:0,(anonymous_4)
FNDA:0,(anonymous_5)
FNDA:0,(anonymous_6)
FNDA:0,(anonymous_7)
DA:6,0
DA:26,0
DA:27,0
DA:29,0
DA:37,0
DA:38,0
DA:41,0
DA:48,0
DA:49,0
DA:53,0
DA:55,0
DA:60,0
DA:62,0
DA:65,0
DA:80,0
DA:88,0
DA:97,0
DA:98,0
DA:113,0
DA:114,0
DA:118,0
DA:119,0
DA:120,0
DA:121,0
DA:124,0
DA:127,0
DA:133,0
DA:138,0
DA:146,0
DA:151,0
DA:152,0
DA:155,0
DA:156,0
DA:163,0
DA:164,0
DA:165,0
DA:167,0
DA:169,0
DA:174,0
DA:175,0
DA:177,0
DA:181,0
DA:185,0
DA:188,0
DA:189,0
DA:199,0
DA:206,0
DA:208,0
DA:210,0
LF:49
LH:0
BRDA:26,0,0,0
BRDA:26,0,1,0
BRDA:37,1,0,0
BRDA:37,1,1,0
BRDA:48,2,0,0
BRDA:48,2,1,0
BRDA:68,3,0,0
BRDA:68,3,1,0
BRDA:91,4,0,0
BRDA:91,4,1,0
BRDA:113,5,0,0
BRDA:113,5,1,0
BRDA:120,6,0,0
BRDA:120,6,1,0
BRDA:120,7,0,0
BRDA:120,7,1,0
BRDA:129,8,0,0
BRDA:129,8,1,0
BRDA:151,9,0,0
BRDA:151,9,1,0
BRDA:164,10,0,0
BRDA:164,10,1,0
BRDA:174,11,0,0
BRDA:174,11,1,0
BRDA:175,12,0,0
BRDA:175,12,1,0
BRDA:175,12,2,0
BRDA:206,13,0,0
BRDA:206,13,1,0
BRF:29
BRH:0
end_of_record
TN:
SF:services/friends/friendsService.ts
FN:24,(anonymous_0)
FN:33,(anonymous_1)
FN:44,(anonymous_2)
FN:45,(anonymous_3)
FN:59,(anonymous_4)
FN:116,(anonymous_5)
FN:190,(anonymous_6)
FN:204,(anonymous_7)
FN:215,(anonymous_8)
FN:228,(anonymous_9)
FNF:10
FNH:0
FNDA:0,(anonymous_0)
FNDA:0,(anonymous_1)
FNDA:0,(anonymous_2)
FNDA:0,(anonymous_3)
FNDA:0,(anonymous_4)
FNDA:0,(anonymous_5)
FNDA:0,(anonymous_6)
FNDA:0,(anonymous_7)
FNDA:0,(anonymous_8)
FNDA:0,(anonymous_9)
DA:23,0
DA:25,0
DA:26,0
DA:29,0
DA:34,0
DA:40,0
DA:43,0
DA:44,0
DA:45,0
DA:46,0
DA:53,0
DA:55,0
DA:56,0
DA:63,0
DA:64,0
DA:65,0
DA:67,0
DA:73,0
DA:80,0
DA:81,0
DA:92,0
DA:105,0
DA:106,0
DA:108,0
DA:109,0
DA:120,0
DA:121,0
DA:127,0
DA:135,0
DA:136,0
DA:139,0
DA:140,0
DA:143,0
DA:144,0
DA:146,0
DA:153,0
DA:161,0
DA:164,0
DA:165,0
DA:168,0
DA:171,0
DA:176,0
DA:177,0
DA:179,0
DA:180,0
DA:191,0
DA:193,0
DA:200,0
DA:203,0
DA:204,0
DA:209,0
DA:211,0
DA:212,0
DA:216,0
DA:218,0
DA:225,0
DA:228,0
DA:231,0
DA:233,0
DA:234,0
DA:239,0
LF:61
LH:0
BRDA:112,0,0,0
BRDA:112,0,1,0
BRDA:148,1,0,0
BRDA:148,1,1,0
BRDA:149,2,0,0
BRDA:149,2,1,0
BRDA:155,3,0,0
BRDA:155,3,1,0
BRDA:156,4,0,0
BRDA:156,4,1,0
BRDA:183,5,0,0
BRDA:183,5,1,0
BRF:12
BRH:0
end_of_record
TN:
SF:services/prayer/prayerService.ts
FN:53,(anonymous_0)
FN:89,(anonymous_1)
FN:103,(anonymous_2)
FN:113,(anonymous_3)
FN:121,(anonymous_4)
FN:161,(anonymous_5)
FN:183,(anonymous_6)
FN:190,(anonymous_7)
FN:214,(anonymous_8)
FN:250,(anonymous_9)
FN:301,(anonymous_10)
FN:351,(anonymous_11)
FN:365,(anonymous_12)
FN:384,(anonymous_13)
FN:392,(anonymous_14)
FN:406,(anonymous_15)
FN:421,(anonymous_16)
FN:430,(anonymous_17)
FN:447,(anonymous_18)
FN:471,(anonymous_19)
FN:500,(anonymous_20)
FN:521,(anonymous_21)
FN:531,(anonymous_22)
FN:539,(anonymous_23)
FN:556,(anonymous_24)
FN:587,(anonymous_25)
FN:615,(anonymous_26)
FN:629,(anonymous_27)
FN:646,(anonymous_28)
FN:671,(anonymous_29)
FNF:30
FNH:0
FNDA:0,(anonymous_0)
FNDA:0,(anonymous_1)
FNDA:0,(anonymous_2)
FNDA:0,(anonymous_3)
FNDA:0,(anonymous_4)
FNDA:0,(anonymous_5)
FNDA:0,(anonymous_6)
FNDA:0,(anonymous_7)
FNDA:0,(anonymous_8)
FNDA:0,(anonymous_9)
FNDA:0,(anonymous_10)
FNDA:0,(anonymous_11)
FNDA:0,(anonymous_12)
FNDA:0,(anonymous_13)
FNDA:0,(anonymous_14)
FNDA:0,(anonymous_15)
FNDA:0,(anonymous_16)
FNDA:0,(anonymous_17)
FNDA:0,(anonymous_18)
FNDA:0,(anonymous_19)
FNDA:0,(anonymous_20)
FNDA:0,(anonymous_21)
FNDA:0,(anonymous_22)
FNDA:0,(anonymous_23)
FNDA:0,(anonymous_24)
FNDA:0,(anonymous_25)
FNDA:0,(anonymous_26)
FNDA:0,(anonymous_27)
FNDA:0,(anonymous_28)
FNDA:0,(anonymous_29)
DA:41,1
DA:42,1
DA:46,1
DA:47,1
DA:54,0
DA:55,0
DA:57,0
DA:65,0
DA:68,0
DA:69,0
DA:76,0
DA:82,0
DA:84,0
DA:85,0
DA:90,0
DA:91,0
DA:92,0
DA:94,0
DA:96,0
DA:98,0
DA:99,0
DA:104,0
DA:105,0
DA:110,0
DA:112,0
DA:113,0
DA:116,0
DA:117,0
DA:122,0
DA:123,0
DA:124,0
DA:126,0
DA:132,0
DA:133,0
DA:134,0
DA:135,0
DA:143,0
DA:145,0
DA:151,0
DA:156,0
DA:157,0
DA:162,0
DA:164,0
DA:167,0
DA:177,0
DA:178,0
DA:186,0
DA:188,0
DA:190,0
DA:191,0
DA:199,0
DA:201,0
DA:205,0
DA:207,0
DA:208,0
DA:215,0
DA:216,0
DA:218,0
DA:226,0
DA:229,0
DA:230,0
DA:237,0
DA:243,0
DA:245,0
DA:246,0
DA:254,0
DA:255,0
DA:256,0
DA:260,0
DA:261,0
DA:262,0
DA:266,0
DA:272,0
DA:276,0
DA:284,0
DA:286,0
DA:290,0
DA:292,0
DA:296,0
DA:297,0
DA:305,0
DA:308,0
DA:309,0
DA:310,0
DA:314,0
DA:315,0
DA:319,0
DA:322,0
DA:323,0
DA:335,0
DA:337,0
DA:342,0
DA:343,0
DA:344,0
DA:350,0
DA:351,0
DA:353,0
DA:360,0
DA:361,0
DA:369,0
DA:371,0
DA:379,0
DA:381,0
DA:383,0
DA:384,0
DA:387,0
DA:388,0
DA:393,0
DA:394,0
DA:395,0
DA:397,0
DA:399,0
DA:401,0
DA:402,0
DA:407,0
DA:409,0
DA:416,0
DA:418,0
DA:420,0
DA:421,0
DA:424,0
DA:425,0
DA:431,0
DA:432,0
DA:433,0
DA:435,0
DA:437,0
DA:439,0
DA:440,0
DA:448,0
DA:449,0
DA:451,0
DA:459,0
DA:463,0
DA:465,0
DA:466,0
DA:475,0
DA:476,0
DA:477,0
DA:480,0
DA:484,0
DA:485,0
DA:488,0
DA:495,0
DA:496,0
DA:501,0
DA:503,0
DA:507,0
DA:508,0
DA:512,0
DA:516,0
DA:517,0
DA:522,0
DA:523,0
DA:528,0
DA:529,0
DA:530,0
DA:531,0
DA:534,0
DA:535,0
DA:540,0
DA:541,0
DA:542,0
DA:544,0
DA:546,0
DA:548,0
DA:549,0
DA:561,0
DA:562,0
DA:564,0
DA:568,0
DA:574,0
DA:586,0
DA:593,0
DA:594,0
DA:600,0
DA:610,0
DA:611,0
DA:619,0
DA:620,0
DA:621,0
DA:622,0
DA:624,0
DA:625,0
DA:632,0
DA:633,0
DA:649,0
DA:650,0
DA:674,0
DA:675,0
DA:696,1
LF:191
LH:5
BRDA:68,0,0,0
BRDA:68,0,1,0
BRDA:94,1,0,0
BRDA:94,1,1,0
BRDA:132,2,0,0
BRDA:132,2,1,0
BRDA:134,3,0,0
BRDA:134,3,1,0
BRDA:143,4,0,0
BRDA:143,4,1,0
BRDA:229,5,0,0
BRDA:229,5,1,0
BRDA:261,6,0,0
BRDA:261,6,1,0
BRDA:272,7,0,0
BRDA:272,7,1,0
BRDA:273,8,0,0
BRDA:273,8,1,0
BRDA:284,9,0,0
BRDA:284,9,1,0
BRDA:290,10,0,0
BRDA:290,10,1,0
BRDA:309,11,0,0
BRDA:309,11,1,0
BRDA:314,12,0,0
BRDA:314,12,1,0
BRDA:322,13,0,0
BRDA:322,13,1,0
BRDA:335,14,0,0
BRDA:335,14,1,0
BRDA:337,15,0,0
BRDA:337,15,1,0
BRDA:344,16,0,0
BRDA:344,16,1,0
BRDA:345,17,0,0
BRDA:345,17,1,0
BRDA:345,17,2,0
BRDA:381,18,0,0
BRDA:381,18,1,0
BRDA:397,19,0,0
BRDA:397,19,1,0
BRDA:418,20,0,0
BRDA:418,20,1,0
BRDA:435,21,0,0
BRDA:435,21,1,0
BRDA:484,22,0,0
BRDA:484,22,1,0
BRDA:507,23,0,0
BRDA:507,23,1,0
BRDA:529,24,0,0
BRDA:529,24,1,0
BRDA:544,25,0,0
BRDA:544,25,1,0
BRDA:569,26,0,0
BRDA:569,26,1,0
BRDA:593,27,0,0
BRDA:593,27,1,0
BRF:57
BRH:0
end_of_record
TN:
SF:services/prayer/prayerZustand.ts
FN:5,(anonymous_0)
FN:10,(anonymous_1)
FN:15,(anonymous_2)
FN:27,(anonymous_3)
FN:28,(anonymous_4)
FN:38,(anonymous_5)
FNF:6
FNH:0
FNDA:0,(anonymous_0)
FNDA:0,(anonymous_1)
FNDA:0,(anonymous_2)
FNDA:0,(anonymous_3)
FNDA:0,(anonymous_4)
FNDA:0,(anonymous_5)
DA:5,0
DA:11,0
DA:12,0
DA:13,0
DA:14,0
DA:15,0
DA:16,0
DA:19,0
DA:21,0
DA:22,0
DA:28,0
DA:30,0
DA:31,0
DA:32,0
DA:34,0
DA:35,0
DA:37,0
DA:38,0
DA:43,0
DA:44,0
DA:47,0
DA:48,0
LF:22
LH:0
BRDA:32,0,0,0
BRDA:32,0,1,0
BRDA:37,1,0,0
BRDA:37,1,1,0
BRF:4
BRH:0
end_of_record
TN:
SF:services/recording/audioRecordingService.ts
FN:4,useAudioRecordingService
FN:8,(anonymous_1)
FN:16,(anonymous_2)
FNF:3
FNH:0
FNDA:0,useAudioRecordingService
FNDA:0,(anonymous_1)
FNDA:0,(anonymous_2)
DA:6,0
DA:8,0
DA:9,0
DA:10,0
DA:12,0
DA:16,0
DA:17,0
DA:18,0
DA:19,0
DA:21,0
DA:25,0
LF:11
LH:0
BRF:0
BRH:0
end_of_record
TN:
SF:services/recording/firebaseStorageService.ts
FN:15,(anonymous_0)
FN:32,(anonymous_1)
FN:45,(anonymous_2)
FN:63,(anonymous_3)
FN:65,(anonymous_4)
FN:72,(anonymous_5)
FNF:6
FNH:0
FNDA:0,(anonymous_0)
FNDA:0,(anonymous_1)
FNDA:0,(anonymous_2)
FNDA:0,(anonymous_3)
FNDA:0,(anonymous_4)
FNDA:0,(anonymous_5)
DA:12,0
DA:15,0
DA:21,0
DA:26,0
DA:27,0
DA:30,0
DA:34,0
DA:35,0
DA:36,0
DA:38,0
DA:39,0
DA:41,0
DA:42,0
DA:48,0
DA:51,0
DA:54,0
DA:60,0
DA:65,0
DA:66,0
DA:72,0
DA:73,0
DA:74,0
DA:77,0
LF:23
LH:0
BRDA:36,0,0,0
BRDA:36,0,1,0
BRDA:48,1,0,0
BRDA:48,1,1,0
BRDA:48,1,2,0
BRF:5
BRH:0
end_of_record
TN:
SF:services/recording/transcriptionService.ts
FN:10,useSpeechRecognitionService
FN:15,(anonymous_1)
FN:22,(anonymous_2)
FN:30,(anonymous_3)
FN:35,(anonymous_4)
FN:37,(anonymous_5)
FN:40,(anonymous_6)
FN:52,transcribeAudioFile
FNF:8
FNH:0
FNDA:0,useSpeechRecognitionService
FNDA:0,(anonymous_1)
FNDA:0,(anonymous_2)
FNDA:0,(anonymous_3)
FNDA:0,(anonymous_4)
FNDA:0,(anonymous_5)
FNDA:0,(anonymous_6)
FNDA:0,transcribeAudioFile
DA:11,0
DA:12,0
DA:15,0
DA:16,0
DA:17,0
DA:18,0
DA:20,0
DA:21,0
DA:22,0
DA:25,0
DA:30,0
DA:31,0
DA:35,0
DA:37,0
DA:40,0
DA:41,0
DA:44,0
DA:55,0
DA:56,0
DA:82,0
DA:83,0
LF:21
LH:0
BRDA:17,0,0,0
BRDA:17,0,1,0
BRF:2
BRH:0
end_of_record
TN:
SF:types/ComponentProps.ts
FNF:0
FNH:0
LF:0
LH:0
BRF:0
BRH:0
end_of_record
TN:
SF:types/PrayerSubtypes.ts
FNF:0
FNH:0
LF:0
LH:0
BRF:0
BRH:0
end_of_record
TN:
SF:types/Tag.ts
FNF:0
FNH:0
DA:3,0
DA:12,0
DA:21,0
DA:23,0
LF:4
LH:0
BRF:0
BRH:0
end_of_record
TN:
SF:types/UserFlags.ts
FNF:0
FNH:0
DA:1,0
DA:9,0
DA:13,0
DA:19,0
DA:26,0
LF:5
LH:0
BRF:0
BRH:0
end_of_record
TN:
SF:types/firebase.ts
FNF:0
FNH:0
LF:0
LH:0
BRF:0
BRH:0
end_of_record
TN:
SF:types/typeGuards.ts
FN:4,getEntityType
FN:26,isPrayer
FN:30,isPrayerPoint
FN:34,isPrayerTopic
FNF:4
FNH:0
FNDA:0,getEntityType
FNDA:0,isPrayer
FNDA:0,isPrayerPoint
FNDA:0,isPrayerTopic
DA:5,0
DA:6,0
DA:7,0
DA:11,0
DA:12,0
DA:14,0
DA:15,0
DA:17,0
DA:18,0
DA:23,0
DA:27,0
DA:31,0
DA:35,0
LF:13
LH:0
BRDA:5,0,0,0
BRDA:5,0,1,0
BRDA:5,1,0,0
BRDA:5,1,1,0
BRDA:6,2,0,0
BRDA:6,2,1,0
BRDA:6,3,0,0
BRDA:6,3,1,0
BRDA:11,4,0,0
BRDA:11,4,1,0
BRDA:14,5,0,0
BRDA:14,5,1,0
BRDA:17,6,0,0
BRDA:17,6,1,0
BRF:14
BRH:0
end_of_record
